160
4 28 2 4 9
4 35 30 37 39
4 93 42 43 49
4 97 51 53 57
4 190 58 62 63
4 196 67 68 74
4 197 75 77 82
4 252 83 84 85
4 286 87 88 94
4 333 96 98 102
4 369 103 110 118
4 420 122 125 126
4 423 127 130 131
4 441 133 134 135
4 12 161 137 140
4 33 222 142 143
4 47 183 145 146
4 165 223 150 157
4 300 224 167 168
4 326 206 169 171
4 482 178 173 176
4 1 112 179 184
4 14 359 191 194
4 21 160 202 205
4 256 32 209 211
4 279 36 215 216
4 299 56 220 227
4 306 69 228 229
4 315 144 232 238
4 322 203 239 241
4 330 295 243 246
4 421 46 248 250
4 454 468 253 255
4 7 34 257 260
4 17 225 262 265
4 86 353 270 272
4 154 19 275 281
4 189 40 331 287
4 212 124 313 290
4 334 193 291 293
4 352 20 296 297
4 358 60 303 305
4 414 311 308 309
4 492 162 312 314
4 11 123 317 316
4 64 371 318 321
4 72 71 340 323
4 73 192 355 327
4 120 219 335 338
4 141 292 342 343
4 156 231 344 346
4 158 6 383 349
4 170 177 354 357
4 182 147 366 368
4 213 463 370 374
4 266 108 380 381
4 301 472 386 382
4 319 329 389 393
4 337 350 398 402
4 410 298 404 406
3 443 240 408
3 462 52 413
3 484 0 415
3 495 175 416
3 38 324 471
3 48 486 478
3 111 5 436
3 113 23 41
3 155 166 417
3 210 439 435
3 221 18 44
3 234 264 426
3 261 405 440
3 310 117 490
3 376 452 418
3 434 263 136
3 448 159 54
3 451 360 27
3 475 218 66
3 15 419 412
3 61 8 79
3 181 356 25
3 187 433 95
3 199 277 115
3 208 236 186
3 249 149 172
3 258 273 465
3 271 31 294
3 288 385 217
3 320 3 92
3 367 201 59
3 387 10 78
3 396 24 429
3 409 139 362
3 430 455 411
3 445 89 114
3 473 498 121
3 499 302 164
3 13 65 424
3 55 163 45
3 90 91 276
3 99 180 76
3 105 328 50
3 188 235 29
3 214 345 392
3 230 242 80
3 268 394 70
3 278 283 100
3 336 442 16
3 348 384 81
3 351 397 449
3 364 388 204
3 375 497 116
3 391 407 107
3 399 467 185
3 400 422 106
3 403 444 153
3 427 109 259
3 431 474 200
3 437 459 128
2 438 26
2 447 138
2 22 148
2 101 119
2 104 132
2 129 151
2 152 195
2 174 226
2 198 207
2 233 237
2 244 245
2 247 254
2 251 267
2 269 274
2 280 282
2 284 285
2 289 304
2 307 325
2 332 339
2 341 361
2 347 363
2 365 372
2 373 377
2 378 379
2 390 395
2 401 425
2 432 453
2 446 428
2 450 460
2 461 456
2 494 457
2 458 464
2 466 469
2 470 476
2 477 479
2 480 481
2 483 485
2 487 488
2 489 491
2 493 496
