1631
0
1
cd-a 3
1
2
ehb-b 3
dab-b 3
2
3
dgc-c 1
dgj-c 1
fcd-c 2
3
6
ii-d 1
bjg-d 3
hcj-d 2
cd-d 2
bcb-d 1
cbd-d 3
4
1
hic-e 1
5
5
jcc-f 1
bc-f 1
jbb-f 1
bdjf-f 2
ff-f 2
6
5
ehc-g 1
gic-g 2
iee-g 2
eie-g 1
bedj-g 2
7
1
bfa-h 2
8
3
bahi-i 1
gie-i 2
geg-i 2
9
3
fbj-j 1
ce-j 3
heg-j 2
10
1
dhf-ba 1
11
7
bgf-bb 3
bcb-bb 2
bae-bb 1
bcef-bb 1
bcea-bb 3
bee-bb 1
cd-bb 2
12
6
ccj-bc 2
hbf-bc 1
daa-bc 2
dgf-bc 2
baid-bc 3
ddf-bc 2
13
2
cch-bd 1
bejh-bd 2
14
4
fec-be 2
bbbj-be 3
beai-be 1
babg-be 3
15
1
hi-bf 1
16
6
baae-bg 1
fib-bg 2
bdii-bg 2
iag-bg 1
gge-bg 3
jf-bg 3
17
3
ihi-bh 1
bgeh-bh 1
hjd-bh 2
18
5
babg-bi 2
hej-bi 2
bc-bi 2
feh-bi 1
fic-bi 3
19
8
bc-bj 3
hcj-bj 2
ch-bj 2
dhf-bj 2
cii-bj 3
dg-bj 1
bdbf-bj 3
db-bj 1
20
4
dfg-ca 3
gjh-ca 2
cd-ca 1
bai-ca 2
21
3
edb-cb 1
dcc-cb 1
did-cb 1
22
4
badc-cc 1
dgf-cc 2
jgi-cc 2
ff-cc 1
23
6
fae-cd 1
gfa-cd 3
bcaj-cd 2
bhd-cd 2
dbg-cd 2
ffb-cd 3
24
3
ef-ce 3
jag-ce 2
jgf-ce 2
25
4
bbci-cf 1
def-cf 1
fhg-cf 1
eac-cf 1
26
6
deb-cg 3
hhc-cg 1
eh-cg 1
bd-cg 2
deg-cg 1
chb-cg 3
27
6
hch-ch 2
jgg-ch 3
dji-ch 2
bjd-ch 3
cd-ch 2
ddb-ch 2
28
5
hif-ci 3
hfh-ci 3
befi-ci 3
bffg-ci 1
gbg-ci 3
29
3
fbi-cj 1
egd-cj 3
bfgd-cj 3
30
8
fai-da 3
beib-da 3
eej-da 1
ea-da 3
bcei-da 3
gda-da 1
bdf-da 2
bhd-da 3
31
5
cd-db 3
bc-db 3
cbh-db 1
gi-db 3
bbde-db 3
32
6
ifh-dc 3
iej-dc 3
bbgj-dc 1
jbf-dc 1
ecg-dc 3
iag-dc 1
33
1
babg-dd 2
34
2
eih-de 2
bhe-de 3
35
5
igi-df 3
bfgb-df 3
ibf-df 1
gc-df 1
iei-df 1
36
7
bgfe-dg 3
bebe-dg 1
cee-dg 3
bcii-dg 1
bdfc-dg 3
hah-dg 1
bcag-dg 3
37
4
hha-dh 1
db-dh 3
bagf-dh 3
gcd-dh 2
38
1
haf-di 3
39
2
cbh-dj 2
ef-dj 1
40
5
cgg-ea 2
jjh-ea 3
eee-ea 2
fda-ea 3
jff-ea 1
41
3
cdi-eb 1
hac-eb 2
bbfc-eb 2
42
5
ege-ec 1
fi-ec 1
fc-ec 3
cdc-ec 3
ci-ec 3
43
4
bfdc-ed 2
eb-ed 3
ech-ed 3
bcia-ed 2
44
3
ejg-ee 2
cfb-ee 2
bacc-ee 1
45
7
bgb-ef 2
bgd-ef 2
cih-ef 3
beeh-ef 3
ige-ef 1
egh-ef 2
cij-ef 2
46
4
ggg-eg 3
ffd-eg 1
bcd-eg 2
cbg-eg 3
47
5
bbei-eh 3
bjb-eh 2
gdh-eh 2
fdd-eh 3
bbfg-eh 1
48
4
bcjf-ei 1
bbje-ei 2
cbh-ei 2
jfj-ei 1
49
3
jia-ej 3
baig-ej 1
cd-ej 1
50
5
jji-fa 1
dhe-fa 2
bc-fa 3
hg-fa 2
bcb-fa 3
51
3
bdc-fb 1
bcch-fb 2
dfa-fb 1
52
5
fif-fc 1
jb-fc 3
eab-fc 2
bcj-fc 1
bfch-fc 1
53
2
dhe-fd 2
dd-fd 1
54
1
jic-fe 2
55
7
cje-ff 2
bdf-ff 1
dbd-ff 1
ic-ff 3
bed-ff 3
bdcg-ff 1
gb-ff 1
56
1
bfaf-fg 2
57
7
jjd-fh 3
bdb-fh 2
d-fh 3
jie-fh 3
jh-fh 2
ccb-fh 1
bejb-fh 3
58
3
hee-fi 1
bfdg-fi 1
fg-fi 3
59
7
ff-fj 2
ifd-fj 2
dbg-fj 1
bea-fj 1
bcha-fj 1
ddg-fj 1
hfh-fj 1
60
6
cih-ga 1
bi-ga 1
eah-ga 3
fga-ga 2
dac-ga 1
cg-ga 1
61
2
bbjc-gb 3
bbeb-gb 3
62
5
gge-gc 1
j-gc 2
eie-gc 2
bdfa-gc 1
bga-gc 1
63
5
icd-gd 2
bfgc-gd 3
daj-gd 1
dai-gd 2
cfj-gd 3
64
1
g-ge 2
65
1
cgh-gf 3
66
5
jhg-gg 2
jdj-gg 3
cdh-gg 3
bfjf-gg 3
idf-gg 3
67
1
bddh-gh 3
68
3
bcff-gi 2
cbe-gi 2
ch-gi 2
69
3
baad-gj 3
gjj-gj 1
edh-gj 2
70
3
bda-ha 1
ecc-ha 1
db-ha 2
71
2
efh-hb 3
iaa-hb 1
72
3
cif-hc 1
ejc-hc 2
dbf-hc 3
74
7
bebb-he 2
bcjc-he 3
gij-he 2
bgi-he 1
hc-he 1
bcd-he 1
gig-he 3
75
4
da-hf 3
hie-hf 3
bdbc-hf 3
dah-hf 3
76
4
cgj-hg 3
bja-hg 2
dfj-hg 2
gbd-hg 2
77
7
bdh-hh 3
beic-hh 1
bjb-hh 2
jae-hh 3
cae-hh 1
gcj-hh 1
caa-hh 3
78
3
iba-hi 3
baec-hi 1
ihf-hi 3
79
2
gfg-hj 1
jfc-hj 3
80
2
bfeh-ia 2
bdjd-ia 1
81
4
gia-ib 1
dea-ib 2
dad-ib 2
ghd-ib 3
82
2
bedh-ic 2
fdf-ic 2
83
4
eab-id 3
ebd-id 2
ej-id 2
gbg-id 2
84
4
haj-ie 3
dej-ie 2
fbb-ie 1
eeh-ie 1
85
2
bcge-if 3
bfce-if 1
86
1
baif-ig 3
87
3
cgh-ih 1
bcfj-ih 2
bba-ih 1
88
6
eig-ii 2
bacd-ii 1
dgc-ii 1
bgfi-ii 2
chf-ii 1
bacj-ii 3
89
4
ife-ij 1
fbc-ij 1
dbi-ij 3
bcd-ij 3
90
2
hij-ja 1
bei-ja 1
91
2
bc-jb 1
bhe-jb 3
92
6
babi-jc 2
gii-jc 2
fci-jc 1
hj-jc 2
bbjg-jc 2
gbe-jc 2
93
2
cae-jd 1
fhj-jd 2
94
6
bfgb-je 1
bi-je 1
bbi-je 1
fcf-je 3
gdf-je 2
bfc-je 2
95
3
dfc-jf 3
iae-jf 3
gbd-jf 3
96
3
daf-jg 3
ec-jg 1
beb-jg 3
97
6
ecj-jh 3
hib-jh 3
bbfg-jh 3
bcbf-jh 1
dai-jh 2
ei-jh 3
98
5
bdjh-ji 2
idd-ji 1
gbe-ji 2
beaa-ji 1
bccj-ji 1
99
3
dej-jj 2
fgf-jj 2
bcee-jj 3
100
4
dig-baa 1
efg-baa 1
fhg-baa 3
bfg-baa 2
101
4
ede-bab 2
eic-bab 2
jhg-bab 3
chf-bab 1
102
4
bfe-bac 3
da-bac 2
gja-bac 3
hj-bac 2
103
3
bfi-bad 3
jid-bad 3
bha-bad 1
104
4
dgj-bae 1
ceg-bae 3
bdga-bae 1
cd-bae 1
105
5
cj-baf 3
bdbh-baf 2
cbg-baf 3
cgb-baf 2
bcb-baf 3
106
6
ede-bag 1
baab-bag 1
dad-bag 1
bbfi-bag 2
bfce-bag 3
fic-bag 1
107
6
ddf-bah 1
ifd-bah 3
bbcc-bah 2
gjh-bah 3
hbf-bah 2
deg-bah 3
108
2
cfj-bai 3
bda-bai 2
109
6
db-baj 2
ddb-baj 1
bda-baj 1
chf-baj 2
eg-baj 2
cjg-baj 3
110
5
je-bba 3
gdc-bba 2
dic-bba 3
hi-bba 3
fbe-bba 3
111
4
fdh-bbb 2
d-bbb 2
bdh-bbb 3
edb-bbb 2
112
4
jje-bbc 1
chf-bbc 3
gbg-bbc 1
dgb-bbc 2
113
2
gca-bbd 3
bja-bbd 3
114
3
cie-bbe 2
ehd-bbe 3
cb-bbe 2
115
5
bage-bbf 2
bej-bbf 1
fj-bbf 1
bei-bbf 2
dfc-bbf 2
116
6
iff-bbg 1
eg-bbg 2
bbbj-bbg 1
cbd-bbg 3
eba-bbg 3
gdc-bbg 3
117
3
ehi-bbh 2
bacc-bbh 2
gjh-bbh 1
118
8
gfd-bbi 3
ige-bbi 3
bech-bbi 1
cea-bbi 1
beeh-bbi 3
beb-bbi 2
cbb-bbi 3
ib-bbi 3
119
5
baja-bbj 2
eh-bbj 2
fag-bbj 3
bbag-bbj 2
ige-bbj 1
120
6
cji-bca 1
gaf-bca 1
gae-bca 1
eae-bca 1
bae-bca 2
cc-bca 2
121
4
bbgc-bcb 2
bdea-bcb 3
bbdg-bcb 1
fba-bcb 1
122
5
jg-bcc 3
hgb-bcc 3
bbff-bcc 1
bbab-bcc 3
bebg-bcc 3
123
4
iie-bcd 3
eed-bcd 2
ddj-bcd 1
jec-bcd 3
124
8
bb-bce 2
edi-bce 3
bi-bce 2
fed-bce 2
gef-bce 2
bagd-bce 3
gc-bce 1
ccc-bce 2
125
4
gih-bcf 2
cea-bcf 2
deg-bcf 3
ddj-bcf 3
126
6
g-bcg 2
dgg-bcg 1
hcj-bcg 2
dbg-bcg 2
bhj-bcg 1
cah-bcg 3
127
6
dfd-bch 3
ecb-bch 2
fbh-bch 3
gad-bch 1
bfc-bch 3
bgbf-bch 2
128
7
bbf-bci 3
fi-bci 2
bcbc-bci 3
bagb-bci 3
bbhe-bci 2
bbc-bci 2
fag-bci 1
129
7
bbf-bcj 3
eac-bcj 1
icj-bcj 3
iff-bcj 1
cjh-bcj 1
cjg-bcj 1
bah-bcj 3
130
6
dfj-bda 1
ffa-bda 1
dhg-bda 1
fbe-bda 3
eh-bda 2
ia-bda 3
131
7
jbg-bdb 3
bhb-bdb 3
deh-bdb 3
cda-bdb 2
bfc-bdb 3
djh-bdb 3
efd-bdb 3
132
9
bbah-bdc 2
bec-bdc 1
fdc-bdc 3
fee-bdc 1
bbjh-bdc 2
cfc-bdc 1
jbg-bdc 3
bfea-bdc 3
bbfe-bdc 1
133
5
bcgc-bdd 2
bja-bdd 1
bece-bdd 2
bjf-bdd 3
efa-bdd 1
134
6
hhi-bde 3
iah-bde 3
bba-bde 2
gge-bde 2
bdh-bde 3
beec-bde 2
135
6
hcg-bdf 2
bbab-bdf 3
gea-bdf 3
gbf-bdf 1
hc-bdf 2
bhe-bdf 2
136
7
cha-bdg 2
bbij-bdg 1
bahh-bdg 3
jdg-bdg 2
djj-bdg 1
ch-bdg 1
dhi-bdg 2
137
4
edg-bdh 2
jjg-bdh 2
feh-bdh 1
ce-bdh 3
138
6
jbe-bdi 2
ich-bdi 2
bcfj-bdi 3
gci-bdi 1
bffi-bdi 1
iic-bdi 1
139
6
hhc-bdj 2
bbbh-bdj 1
geh-bdj 2
igb-bdj 1
jfe-bdj 3
igg-bdj 2
140
2
fif-bea 3
dgc-bea 3
141
7
fe-beb 2
djg-beb 3
dci-beb 1
edh-beb 1
cbg-beb 1
ffd-beb 3
hia-beb 3
142
7
hj-bec 1
hea-bec 3
ica-bec 3
hff-bec 1
ii-bec 3
bdei-bec 1
eei-bec 2
143
5
begd-bed 3
cfa-bed 3
feh-bed 2
ica-bed 1
cd-bed 1
144
4
bgbe-bee 2
bbej-bee 3
gjd-bee 1
dfg-bee 1
145
4
fgj-bef 1
bjd-bef 2
dai-bef 2
jei-bef 2
146
5
hgd-beg 3
bef-beg 3
bja-beg 1
ea-beg 3
fei-beg 1
147
9
ef-beh 2
bab-beh 3
ih-beh 3
ccg-beh 1
cia-beh 2
hi-beh 1
jbj-beh 2
ieh-beh 3
gdd-beh 1
148
5
fge-bei 1
jbi-bei 1
becg-bei 1
bcgi-bei 1
jca-bei 3
149
5
cdi-bej 3
bec-bej 2
dbi-bej 3
bdb-bej 1
fif-bej 3
150
5
ddd-bfa 3
ifi-bfa 3
cjd-bfa 2
cdf-bfa 3
egg-bfa 3
151
2
fda-bfb 1
bdji-bfb 2
152
8
cei-bfc 1
gbi-bfc 1
bafi-bfc 3
fbb-bfc 1
dcb-bfc 1
fcb-bfc 2
ifh-bfc 2
dhb-bfc 1
153
3
haa-bfd 2
jgi-bfd 3
cie-bfd 2
154
5
gbc-bfe 2
baea-bfe 2
dch-bfe 1
hff-bfe 2
cgh-bfe 3
155
4
fdh-bff 2
bcie-bff 1
eec-bff 1
gfe-bff 1
156
7
hhe-bfg 2
fh-bfg 1
hj-bfg 1
bef-bfg 2
bgac-bfg 1
efi-bfg 1
be-bfg 1
157
4
eaa-bfh 2
bae-bfh 2
gcj-bfh 2
baf-bfh 1
158
7
jhe-bfi 3
gaa-bfi 2
bgci-bfi 3
bacf-bfi 3
ecj-bfi 3
ich-bfi 1
idg-bfi 3
159
5
gce-bfj 1
bii-bfj 2
jjj-bfj 1
ded-bfj 2
gif-bfj 1
160
2
hbd-bga 2
efe-bga 3
161
6
bcga-bgb 2
bedd-bgb 1
bahe-bgb 2
dff-bgb 1
hea-bgb 3
cgc-bgb 2
162
6
cgd-bgc 2
fd-bgc 2
bdeh-bgc 1
ffi-bgc 2
cff-bgc 3
ehc-bgc 3
163
5
f-bgd 1
edg-bgd 1
gd-bgd 1
bgdh-bgd 1
dbj-bgd 3
164
3
d-bge 1
jif-bge 2
hci-bge 1
165
4
iaa-bgf 1
bd-bgf 2
baih-bgf 1
bie-bgf 3
166
6
ehg-bgg 2
id-bgg 3
babe-bgg 2
bdde-bgg 1
heh-bgg 1
bcaa-bgg 2
167
5
be-bgh 2
cgg-bgh 1
bfgh-bgh 1
dbg-bgh 3
cej-bgh 1
168
8
bc-bgi 1
dda-bgi 1
cej-bgi 3
daj-bgi 3
cbi-bgi 3
bhh-bgi 2
eij-bgi 3
baa-bgi 3
169
5
hch-bgj 1
bffe-bgj 1
hbh-bgj 1
jai-bgj 1
djh-bgj 3
170
6
gi-bha 3
bde-bha 3
ddd-bha 3
bff-bha 1
bi-bha 3
edd-bha 1
171
5
ih-bhb 2
bfbi-bhb 2
hhd-bhb 1
fcb-bhb 1
cda-bhb 1
172
6
edf-bhc 1
bagf-bhc 2
bbfd-bhc 2
eje-bhc 3
bfe-bhc 1
gfg-bhc 1
173
4
hj-bhd 2
bcb-bhd 1
gii-bhd 1
eed-bhd 3
174
5
ebi-bhe 1
cfe-bhe 3
chd-bhe 3
daa-bhe 1
bgj-bhe 1
175
5
ech-bhf 1
dgi-bhf 2
jga-bhf 3
ca-bhf 2
bci-bhf 3
176
6
iga-bhg 1
cfi-bhg 3
baf-bhg 2
cdi-bhg 2
babb-bhg 3
bci-bhg 1
177
3
cch-bhh 2
bai-bhh 2
efe-bhh 2
178
5
ibh-bhi 3
cdb-bhi 3
eaj-bhi 1
bacb-bhi 3
gbb-bhi 1
179
6
cb-bhj 3
hbc-bhj 3
hg-bhj 1
fha-bhj 2
bafb-bhj 3
ghd-bhj 3
180
4
bjg-bia 2
hi-bia 1
dac-bia 3
cch-bia 2
181
3
hjj-bib 3
fhc-bib 3
eae-bib 3
182
3
eee-bic 3
baa-bic 1
hdc-bic 2
183
4
bef-bid 2
bajd-bid 3
dec-bid 1
beh-bid 3
184
11
bcai-bie 2
cdc-bie 3
dbe-bie 3
bef-bie 2
hdd-bie 2
bcc-bie 2
bae-bie 3
bde-bie 2
eig-bie 1
cfe-bie 3
bbc-bie 2
185
4
bgcg-bif 2
cji-bif 3
je-bif 3
babf-bif 2
186
2
bdde-big 3
deg-big 1
187
4
bcff-bih 2
hef-bih 2
ccj-bih 3
dcf-bih 1
188
5
bcej-bii 3
ejd-bii 2
dfa-bii 2
bga-bii 2
caj-bii 1
189
6
cia-bij 3
eab-bij 3
ba-bij 2
gfi-bij 2
cha-bij 1
bcj-bij 3
190
3
ded-bja 1
dig-bja 2
dca-bja 3
191
4
fed-bjb 1
bbee-bjb 2
bcdb-bjb 2
db-bjb 2
192
5
eia-bjc 3
bagc-bjc 2
ibe-bjc 1
ggh-bjc 3
baad-bjc 3
193
3
ghb-bjd 2
bij-bjd 3
hdg-bjd 3
194
4
cga-bje 2
dgf-bje 3
eja-bje 3
ecd-bje 3
195
6
hii-bjf 1
hic-bjf 1
bccc-bjf 1
ecg-bjf 1
baff-bjf 3
hie-bjf 3
196
3
df-bjg 3
cec-bjg 1
dih-bjg 3
197
4
cd-bjh 2
gfd-bjh 3
djg-bjh 2
bcb-bjh 2
198
1
beeb-bji 3
199
4
gci-bjj 3
edg-bjj 2
baad-bjj 2
jhe-bjj 1
200
5
djj-caa 2
bafd-caa 2
jgd-caa 3
ecb-caa 2
hfg-caa 1
201
6
jbg-cab 2
daf-cab 1
jca-cab 3
cjd-cab 2
bef-cab 1
bdg-cab 1
202
5
fid-cac 2
djc-cac 2
dbf-cac 1
cgd-cac 3
bbdh-cac 3
203
3
icg-cad 3
edd-cad 3
ege-cad 1
204
8
bccg-cae 1
cci-cae 2
jcd-cae 3
bea-cae 3
gdi-cae 3
chb-cae 2
bcb-cae 2
hhb-cae 3
205
2
bafb-caf 1
gag-caf 3
206
3
ebb-cag 2
cie-cag 1
fbi-cag 3
207
6
bahc-cah 3
fac-cah 1
fde-cah 3
cce-cah 2
ih-cah 1
bebe-cah 3
208
1
jda-cai 3
209
4
eji-caj 3
eba-caj 3
ghh-caj 1
jh-caj 3
210
4
bgdd-cba 3
bbjf-cba 3
bfi-cba 1
bccb-cba 1
211
5
ca-cbb 3
be-cbb 1
da-cbb 1
ihc-cbb 1
cge-cbb 1
212
2
efg-cbc 1
bcdg-cbc 1
213
8
chb-cbd 2
jfc-cbd 3
bcdc-cbd 1
bif-cbd 2
eag-cbd 2
ehe-cbd 1
cec-cbd 3
jej-cbd 1
214
1
bbcc-cbe 2
215
2
bff-cbf 1
cdj-cbf 3
216
4
hjj-cbg 2
bbfi-cbg 1
becj-cbg 2
bdg-cbg 2
217
5
ej-cbh 1
bfg-cbh 3
jhi-cbh 3
caj-cbh 2
bhi-cbh 1
218
2
ebh-cbi 3
ede-cbi 3
219
5
jec-cbj 1
hi-cbj 1
db-cbj 2
gjj-cbj 1
dcf-cbj 1
220
5
bbi-cca 3
ihg-cca 1
eea-cca 2
bbdb-cca 2
ehi-cca 1
221
6
ejj-ccb 1
eig-ccb 1
d-ccb 2
bjj-ccb 2
ddd-ccb 3
jeh-ccb 2
222
3
eag-ccc 3
bcda-ccc 3
jfh-ccc 3
223
6
feh-ccd 2
cjf-ccd 1
bajb-ccd 1
eae-ccd 1
ecd-ccd 1
dhh-ccd 1
224
4
bdc-cce 2
bceh-cce 1
hdf-cce 1
daf-cce 3
225
7
jeg-ccf 3
ghd-ccf 1
hcc-ccf 3
ga-ccf 2
bfdd-ccf 2
ihi-ccf 3
dca-ccf 2
226
5
bahi-ccg 3
ide-ccg 3
hde-ccg 2
bih-ccg 1
hjh-ccg 2
227
2
baaf-cch 2
egd-cch 1
228
3
haf-cci 3
bgbg-cci 1
bbfd-cci 2
229
6
gdf-ccj 1
eeb-ccj 2
bch-ccj 3
j-ccj 3
hji-ccj 2
cch-ccj 3
230
3
jae-cda 1
ejd-cda 3
dd-cda 2
231
4
fcf-cdb 2
ejg-cdb 2
bff-cdb 2
jaa-cdb 1
232
6
ccj-cdc 2
ddj-cdc 3
eb-cdc 3
fad-cdc 3
gac-cdc 3
hjg-cdc 3
233
2
db-cdd 3
bebi-cdd 3
234
7
bi-cde 1
hhb-cde 3
bdia-cde 2
bj-cde 2
gge-cde 2
bjb-cde 3
fff-cde 1
235
5
fjc-cdf 3
bhj-cdf 3
badh-cdf 1
iee-cdf 1
dfa-cdf 3
236
6
dff-cdg 3
cid-cdg 1
bdf-cdg 3
gcf-cdg 3
bfjd-cdg 2
eif-cdg 3
237
3
bbja-cdh 3
gd-cdh 3
gfd-cdh 3
238
4
deb-cdi 2
jbc-cdi 3
j-cdi 1
beha-cdi 3
239
3
hgg-cdj 2
ega-cdj 1
chh-cdj 1
240
6
cac-cea 1
che-cea 3
be-cea 1
jaj-cea 1
gbi-cea 2
cfi-cea 3
241
6
bdea-ceb 3
dhh-ceb 1
bfj-ceb 2
bch-ceb 3
cii-ceb 3
dfe-ceb 3
242
3
bajb-cec 1
bad-cec 2
bbc-cec 1
243
3
cah-ced 1
bbgc-ced 3
efg-ced 3
244
3
ic-cee 2
eej-cee 2
jhc-cee 3
245
4
bbec-cef 1
dab-cef 3
bha-cef 3
bfi-cef 2
246
4
iag-ceg 2
cah-ceg 3
bfa-ceg 2
gdg-ceg 2
247
4
gdd-ceh 3
cic-ceh 2
eeg-ceh 2
bje-ceh 2
248
5
ddf-cei 2
bfb-cei 2
fhi-cei 1
dgf-cei 1
ehj-cei 2
249
8
bh-cej 3
gig-cej 1
bbee-cej 3
dif-cej 3
bda-cej 2
jej-cej 3
ef-cej 3
bbeg-cej 3
250
5
hdi-cfa 1
gei-cfa 2
eb-cfa 3
bdhb-cfa 1
ice-cfa 2
251
7
fhe-cfb 2
cea-cfb 3
baga-cfb 3
gje-cfb 1
fgg-cfb 1
g-cfb 2
fc-cfb 1
252
3
gef-cfc 1
eca-cfc 3
ieg-cfc 1
253
6
ccg-cfd 1
bchd-cfd 2
geb-cfd 3
cje-cfd 2
a-cfd 2
bcdh-cfd 3
254
2
ijc-cfe 2
jf-cfe 3
255
5
hjf-cff 2
bafc-cff 2
ejg-cff 2
hda-cff 1
egj-cff 2
256
4
bfdb-cfg 3
ej-cfg 2
gic-cfg 2
bbdg-cfg 3
257
6
gbg-cfh 2
cid-cfh 1
cie-cfh 1
bbee-cfh 1
fjh-cfh 2
baj-cfh 1
258
4
chd-cfi 2
dhi-cfi 1
bcfi-cfi 1
eec-cfi 1
259
6
cfi-cfj 3
dib-cfj 1
fh-cfj 2
bd-cfj 1
efb-cfj 3
beb-cfj 2
260
6
chf-cga 1
cah-cga 3
chj-cga 1
bhb-cga 1
cgd-cga 1
bcjf-cga 3
261
4
da-cgb 3
gdf-cgb 1
deb-cgb 2
dhd-cgb 2
262
5
ica-cgc 2
fji-cgc 2
hfc-cgc 2
ee-cgc 3
hdb-cgc 2
263
6
dcf-cgd 3
bajg-cgd 1
bec-cgd 1
bafd-cgd 2
dcj-cgd 1
bafi-cgd 2
264
5
bfc-cge 2
fh-cge 1
bba-cge 3
hai-cge 3
cci-cge 2
265
4
fcc-cgf 1
gie-cgf 2
bgbh-cgf 2
ibe-cgf 3
266
4
bgae-cgg 2
bii-cgg 1
dib-cgg 2
fhc-cgg 3
267
5
hif-cgh 1
bdhc-cgh 2
cag-cgh 1
babb-cgh 3
hc-cgh 1
268
5
daf-cgi 1
fdh-cgi 3
ia-cgi 1
djh-cgi 3
baaa-cgi 3
269
4
fei-cgj 1
eag-cgj 3
dgg-cgj 1
ifi-cgj 2
270
6
gfh-cha 2
dhj-cha 1
dcb-cha 3
ged-cha 1
bhi-cha 2
egj-cha 2
271
3
eci-chb 3
bcbi-chb 3
fff-chb 2
272
4
jfb-chc 2
jhd-chc 1
hba-chc 3
bbfj-chc 3
273
4
dfj-chd 3
cjc-chd 2
bfbg-chd 2
ebh-chd 3
274
2
befj-che 1
dbj-che 1
275
5
eca-chf 2
fch-chf 1
hfb-chf 2
did-chf 2
ehb-chf 1
276
3
edh-chg 3
iab-chg 2
hja-chg 1
277
2
ca-chh 2
cid-chh 2
278
6
jeh-chi 2
bbc-chi 1
bbea-chi 3
ibj-chi 1
hga-chi 2
cee-chi 1
279
6
jg-chj 1
fg-chj 1
dia-chj 1
hhi-chj 3
fjd-chj 3
bgh-chj 1
280
4
cce-cia 1
eie-cia 1
jj-cia 1
jej-cia 3
281
5
bdhb-cib 3
eha-cib 3
bdhh-cib 3
bcce-cib 1
hh-cib 2
282
3
igc-cic 1
dhi-cic 2
bbi-cic 3
283
11
fcf-cid 1
dfa-cid 3
ebi-cid 2
bii-cid 1
cab-cid 2
cjb-cid 3
bdh-cid 1
fic-cid 3
dfd-cid 1
ehb-cid 3
hgg-cid 3
284
3
gg-cie 2
jfi-cie 3
bih-cie 1
285
8
dae-cif 1
gfe-cif 1
bcja-cif 3
dgb-cif 1
baed-cif 1
bbai-cif 1
dcb-cif 3
idd-cif 2
286
5
dge-cig 3
hbj-cig 1
eef-cig 3
bbac-cig 1
hdd-cig 2
287
2
cda-cih 3
icg-cih 2
288
6
baha-cii 3
ggd-cii 1
gc-cii 3
cah-cii 3
dad-cii 3
gbi-cii 1
289
3
ch-cij 3
dgf-cij 3
bgi-cij 3
290
5
ija-cja 2
ehg-cja 2
hcj-cja 3
bcaa-cja 1
ead-cja 1
291
3
bagh-cjb 1
beba-cjb 1
jbi-cjb 1
292
4
bfgi-cjc 3
bcih-cjc 2
bada-cjc 2
db-cjc 1
293
2
bdaa-cjd 1
eje-cjd 1
294
3
fje-cje 2
cea-cje 1
bbi-cje 3
295
2
cgb-cjf 2
dba-cjf 3
296
1
cgb-cjg 3
297
4
hhf-cjh 2
jfd-cjh 3
da-cjh 3
he-cjh 3
298
6
dbj-cji 3
bdce-cji 2
bee-cji 1
id-cji 1
hbd-cji 1
bdcg-cji 1
299
6
cc-cjj 1
bcie-cjj 3
bfeb-cjj 2
fci-cjj 2
jah-cjj 3
bgh-cjj 2
300
6
bfde-daa 2
fh-daa 1
jjb-daa 1
bbhc-daa 3
ih-daa 1
edd-daa 2
301
6
hi-dab 2
bace-dab 1
bef-dab 2
cjh-dab 2
icf-dab 2
ede-dab 3
302
5
fgc-dac 2
bgi-dac 1
de-dac 2
iid-dac 2
dce-dac 2
303
4
gcb-dad 2
dab-dad 3
gfe-dad 3
gfd-dad 2
304
4
fce-dae 2
bcib-dae 2
baaa-dae 2
ebf-dae 3
305
7
bdcb-daf 1
jae-daf 1
cha-daf 3
bddb-daf 2
fbb-daf 3
bdag-daf 1
badi-daf 2
306
3
jg-dag 2
hcd-dag 2
eb-dag 3
307
3
ihj-dah 3
ehc-dah 3
ggg-dah 3
308
5
ejb-dai 2
ebd-dai 2
bafa-dai 1
chh-dai 1
bchi-dai 1
309
6
dce-daj 2
geh-daj 2
ebb-daj 2
fhj-daj 2
fae-daj 1
dhe-daj 3
310
3
hhj-dba 3
gdh-dba 2
bff-dba 1
311
4
dfc-dbb 1
dgi-dbb 3
eaa-dbb 1
cjb-dbb 3
312
2
hca-dbc 1
dah-dbc 2
313
4
bbg-dbd 2
bdjf-dbd 1
gcb-dbd 1
bfg-dbd 2
314
3
bcaf-dbe 2
dfh-dbe 3
dac-dbe 1
315
7
bbcb-dbf 3
baad-dbf 2
eid-dbf 3
gib-dbf 3
gdc-dbf 3
dac-dbf 2
ei-dbf 1
316
3
dab-dbg 2
iag-dbg 1
ffg-dbg 3
317
5
fha-dbh 2
cdb-dbh 1
caa-dbh 2
cid-dbh 1
gfj-dbh 1
318
5
fah-dbi 2
eia-dbi 1
edd-dbi 1
bcaa-dbi 3
ch-dbi 1
319
6
cgb-dbj 1
gjf-dbj 2
dad-dbj 3
bb-dbj 1
cg-dbj 1
dhd-dbj 3
320
5
jbi-dca 3
bdii-dca 2
bda-dca 2
a-dca 3
badg-dca 2
321
6
fi-dcb 3
gad-dcb 2
eda-dcb 3
efg-dcb 2
gbj-dcb 3
jia-dcb 2
322
9
eie-dcc 2
jah-dcc 1
di-dcc 1
cdd-dcc 3
fbb-dcc 1
heg-dcc 1
ddf-dcc 1
gdi-dcc 3
chf-dcc 3
323
3
gda-dcd 1
cg-dcd 3
cfg-dcd 3
324
3
ebg-dce 1
cce-dce 3
jef-dce 3
325
5
fea-dcf 3
fce-dcf 1
bhe-dcf 3
bbja-dcf 2
cgb-dcf 1
326
2
dca-dcg 1
cd-dcg 1
327
4
jai-dch 3
bdgc-dch 1
dh-dch 1
cjc-dch 3
328
5
dae-dci 1
ddg-dci 3
ehi-dci 2
cge-dci 2
bcef-dci 1
329
5
dbj-dcj 1
bde-dcj 3
dhd-dcj 3
begb-dcj 2
jcg-dcj 2
330
4
fjj-dda 3
bjj-dda 2
cea-dda 3
dai-dda 3
331
6
bcea-ddb 2
bbdj-ddb 2
eig-ddb 3
cjb-ddb 1
bdge-ddb 2
ddd-ddb 2
332
5
bja-ddc 3
bfjb-ddc 2
beg-ddc 1
ia-ddc 1
dac-ddc 3
333
4
bci-ddd 1
hed-ddd 3
gfa-ddd 3
beef-ddd 2
334
8
dbe-dde 2
d-dde 1
ifj-dde 1
fbe-dde 2
ghh-dde 3
bbj-dde 2
gaa-dde 1
ejf-dde 1
335
7
eb-ddf 1
id-ddf 2
fcf-ddf 2
eij-ddf 2
jh-ddf 3
bei-ddf 3
chf-ddf 1
336
3
cgc-ddg 2
eid-ddg 3
cdi-ddg 2
337
4
ech-ddh 1
edi-ddh 1
ef-ddh 3
baa-ddh 3
338
5
cfa-ddi 3
fib-ddi 3
ehd-ddi 3
ef-ddi 1
jja-ddi 3
339
6
dia-ddj 3
ehi-ddj 2
ihj-ddj 1
haa-ddj 1
ccd-ddj 1
ecg-ddj 2
340
6
ejd-dea 3
bgi-dea 1
ebe-dea 3
dia-dea 3
ief-dea 3
edh-dea 3
341
5
fei-deb 2
hgj-deb 2
hfg-deb 1
cbi-deb 1
hha-deb 3
342
5
fdc-dec 3
bcgh-dec 3
bg-dec 1
bfg-dec 3
ba-dec 2
343
5
bdbb-ded 1
gij-ded 1
ihf-ded 3
ddc-ded 2
jab-ded 1
344
3
cia-dee 3
dej-dee 3
fji-dee 3
345
3
ceb-def 2
bajh-def 3
jfi-def 1
346
5
cdh-deg 1
hia-deg 3
eec-deg 3
fhd-deg 1
cfb-deg 3
347
4
ifa-deh 2
gcf-deh 1
iji-deh 2
dj-deh 3
348
1
fif-dei 1
349
4
bcah-dej 3
dif-dej 2
babg-dej 2
fda-dej 3
350
5
hab-dfa 3
ege-dfa 3
eai-dfa 2
bfb-dfa 1
fie-dfa 2
351
3
bde-dfb 2
e-dfb 2
ehb-dfb 3
352
5
eb-dfc 3
ca-dfc 3
fgj-dfc 1
fgg-dfc 1
ddc-dfc 1
353
6
da-dfd 2
bbae-dfd 3
idj-dfd 1
bfcc-dfd 1
gcb-dfd 2
bga-dfd 3
354
4
ii-dfe 2
ejd-dfe 3
badc-dfe 3
baac-dfe 2
355
4
gie-dff 3
hii-dff 3
heg-dff 3
ife-dff 1
356
3
eib-dfg 2
cdj-dfg 1
dhf-dfg 1
357
5
beci-dfh 1
fee-dfh 2
hg-dfh 2
bbcb-dfh 2
fhb-dfh 1
358
3
hgh-dfi 3
baac-dfi 2
egd-dfi 1
359
3
eb-dfj 3
bbah-dfj 3
ejd-dfj 3
360
5
bcdg-dga 3
g-dga 3
dgi-dga 1
cb-dga 2
fff-dga 3
361
1
bcae-dgb 2
362
5
bc-dgc 3
bdbb-dgc 2
jja-dgc 1
jic-dgc 3
fib-dgc 3
363
7
ebc-dgd 3
bbjf-dgd 3
bajj-dgd 3
feh-dgd 3
bfa-dgd 1
ifb-dgd 2
badi-dgd 2
364
6
hcj-dge 1
ef-dge 2
beaa-dge 1
dc-dge 1
ifc-dge 2
bccf-dge 2
365
4
dhf-dgf 3
jfj-dgf 3
bffd-dgf 1
bbba-dgf 2
366
2
bced-dgg 1
bg-dgg 2
367
1
idi-dgh 1
368
5
bbf-dgi 1
ibf-dgi 3
deb-dgi 3
cgg-dgi 3
ceb-dgi 1
369
4
bcab-dgj 2
ghb-dgj 2
bea-dgj 2
gg-dgj 3
370
3
ecg-dha 1
jhi-dha 2
dji-dha 2
371
3
ebh-dhb 2
d-dhb 1
bajb-dhb 2
372
7
bbce-dhc 2
ccd-dhc 3
dfg-dhc 2
bdab-dhc 2
jii-dhc 1
dbg-dhc 2
bbed-dhc 2
373
6
hfh-dhd 1
baeg-dhd 3
cdi-dhd 1
fhc-dhd 2
dgh-dhd 3
ije-dhd 1
374
6
bbhb-dhe 1
ieg-dhe 3
bbii-dhe 3
dca-dhe 2
bbhi-dhe 1
ehb-dhe 2
375
5
cjd-dhf 2
ich-dhf 2
bcf-dhf 1
baga-dhf 3
ebj-dhf 1
376
4
bfe-dhg 3
ida-dhg 1
begf-dhg 2
beab-dhg 2
377
5
bbh-dhh 1
gbg-dhh 3
bbb-dhh 3
bdac-dhh 1
dgf-dhh 3
378
6
fjf-dhi 2
bbbb-dhi 1
bcab-dhi 3
ihg-dhi 2
ebh-dhi 1
fhf-dhi 1
379
7
begh-dhj 2
idf-dhj 1
ecj-dhj 3
idc-dhj 2
icc-dhj 2
ddj-dhj 3
fce-dhj 2
380
4
ecg-dia 3
hge-dia 2
bdc-dia 3
jcc-dia 3
381
3
bgg-dib 2
cfd-dib 1
ffd-dib 1
382
8
ebi-dic 1
bbgj-dic 2
hhd-dic 1
hc-dic 3
fh-dic 3
edj-dic 1
jff-dic 3
dih-dic 3
383
6
eii-did 3
hid-did 2
bab-did 1
bgj-did 1
ccj-did 1
dhg-did 2
384
6
dci-die 3
fea-die 1
fac-die 3
jeb-die 1
baag-die 2
fig-die 1
385
1
bbdh-dif 1
386
3
hih-dig 2
edj-dig 3
fcd-dig 1
387
2
fdg-dih 3
bbjg-dih 2
388
2
bage-dii 1
bdeg-dii 3
389
5
cga-dij 2
bacf-dij 2
ici-dij 3
eai-dij 2
hhe-dij 2
390
2
bhe-dja 3
bdhi-dja 1
391
2
jjj-djb 3
eee-djb 1
392
3
dba-djc 1
jaj-djc 2
ddi-djc 1
393
5
jdd-djd 2
cie-djd 1
ifd-djd 1
bejh-djd 2
jif-djd 1
394
7
dbi-dje 1
he-dje 2
beaj-dje 1
hag-dje 3
bbj-dje 3
ddc-dje 2
dbh-dje 1
395
1
eha-djf 2
396
7
efi-djg 1
baa-djg 3
hca-djg 1
bceg-djg 1
jbc-djg 3
bcc-djg 2
cji-djg 3
397
9
gai-djh 1
gdg-djh 2
ebi-djh 3
bif-djh 1
bdh-djh 2
djb-djh 2
cjc-djh 2
bdef-djh 3
beca-djh 2
398
4
cha-dji 1
hhj-dji 3
bahj-dji 1
cic-dji 1
399
6
dda-djj 1
bbc-djj 1
egi-djj 2
caj-djj 3
jib-djj 2
dec-djj 3
400
7
hjj-eaa 3
jbb-eaa 1
eji-eaa 2
bee-eaa 3
ghi-eaa 2
bif-eaa 2
hbg-eaa 1
401
4
chi-eab 2
fh-eab 2
bdha-eab 2
bbga-eab 2
402
5
cej-eac 2
big-eac 1
bcc-eac 1
bagg-eac 1
jhi-eac 2
403
4
dj-ead 1
chj-ead 3
dce-ead 2
caf-ead 2
404
7
edd-eae 1
bic-eae 3
gai-eae 1
fhi-eae 2
gdc-eae 3
fed-eae 2
icb-eae 3
405
4
fgj-eaf 2
ghj-eaf 3
jc-eaf 1
fde-eaf 2
406
5
hea-eag 1
cfa-eag 3
hgb-eag 1
gff-eag 2
ca-eag 3
407
5
cgd-eah 2
eca-eah 3
gdj-eah 3
bbcf-eah 3
bcaj-eah 1
408
4
bbec-eai 1
efh-eai 2
be-eai 2
ffa-eai 3
409
4
dfj-eaj 3
eae-eaj 1
beec-eaj 3
jfa-eaj 2
410
6
feb-eba 2
bjj-eba 3
bif-eba 3
cee-eba 1
gih-eba 3
bebc-eba 3
411
7
ggb-ebb 2
ffd-ebb 2
fff-ebb 3
beb-ebb 2
ebg-ebb 1
iij-ebb 3
fac-ebb 1
412
3
ecb-ebc 2
baej-ebc 1
bjg-ebc 3
413
8
dgi-ebd 1
cag-ebd 2
badb-ebd 3
bdae-ebd 2
had-ebd 2
ejb-ebd 2
cbb-ebd 1
bcce-ebd 3
414
5
hfg-ebe 3
df-ebe 3
dgb-ebe 1
bfhc-ebe 1
ebb-ebe 1
415
3
fhf-ebf 1
bge-ebf 1
ijf-ebf 2
416
3
ghg-ebg 3
fga-ebg 2
dcf-ebg 2
417
3
hdg-ebh 1
bahf-ebh 2
icg-ebh 3
418
3
hfe-ebi 1
ebc-ebi 2
ebd-ebi 1
419
5
djj-ebj 2
igf-ebj 3
jgc-ebj 3
ehi-ebj 1
ghd-ebj 2
420
5
jff-eca 3
dhi-eca 1
dbf-eca 1
eh-eca 1
jga-eca 1
421
2
bchc-ecb 3
daj-ecb 1
422
8
bdie-ecc 2
gce-ecc 2
idf-ecc 1
cd-ecc 3
fbe-ecc 2
edi-ecc 2
babd-ecc 1
bdch-ecc 3
423
2
fba-ecd 2
jfj-ecd 3
424
4
eaa-ece 2
ecd-ece 3
ici-ece 2
eeh-ece 1
425
4
dh-ecf 3
beh-ecf 1
cib-ecf 1
dgb-ecf 2
426
3
bcca-ecg 2
fbc-ecg 2
dfa-ecg 3
427
4
bajd-ech 1
hcd-ech 3
jjc-ech 3
dbh-ech 2
428
4
dh-eci 1
hcg-eci 3
jac-eci 3
cei-eci 2
429
3
ihi-ecj 1
gbj-ecj 1
fbc-ecj 1
430
7
dgb-eda 2
bdcg-eda 1
hbd-eda 3
dhf-eda 3
igj-eda 3
eai-eda 2
bbdb-eda 2
431
6
fb-edb 1
gdd-edb 3
jj-edb 3
gec-edb 1
iia-edb 3
ff-edb 2
432
4
bhb-edc 3
ihi-edc 3
baa-edc 2
dci-edc 1
433
6
cbe-edd 1
bdh-edd 1
dfa-edd 3
bai-edd 2
ebd-edd 2
gag-edd 2
434
4
ffi-ede 2
jh-ede 2
ejb-ede 2
jbb-ede 3
435
6
hba-edf 1
dic-edf 1
fah-edf 3
bdag-edf 2
bdfe-edf 2
ci-edf 3
436
5
cde-edg 3
ie-edg 3
ddc-edg 1
jgh-edg 2
ggd-edg 1
437
5
dah-edh 3
hcd-edh 3
cfj-edh 2
beb-edh 2
bbgb-edh 3
438
8
baib-edi 2
gah-edi 3
bjd-edi 2
ccg-edi 1
bda-edi 2
eja-edi 1
gie-edi 1
cfj-edi 1
439
3
egj-edj 2
egf-edj 2
cfb-edj 3
440
4
bgj-eea 3
djh-eea 3
gcc-eea 3
igj-eea 2
441
4
hei-eeb 3
dec-eeb 2
bab-eeb 2
hgh-eeb 3
442
3
bha-eec 2
dge-eec 3
hci-eec 3
443
4
iaa-eed 3
gcd-eed 3
fcg-eed 2
jhc-eed 1
444
3
idg-eee 2
fgi-eee 3
chb-eee 3
445
5
bie-eef 1
jad-eef 3
dej-eef 3
bdcd-eef 3
bdg-eef 2
446
6
chg-eeg 3
cfe-eeg 1
badg-eeg 1
dcc-eeg 1
bfc-eeg 2
dji-eeg 2
447
2
fbd-eeh 3
gbb-eeh 3
448
5
bih-eei 1
haj-eei 3
beed-eei 2
fii-eei 1
ejc-eei 1
449
4
bcih-eej 2
bbif-eej 1
bcag-eej 3
chc-eej 1
450
6
bccg-efa 3
jia-efa 2
hch-efa 2
cbb-efa 3
dhd-efa 3
egc-efa 1
451
3
eib-efb 3
ehc-efb 3
bbgj-efb 1
452
4
bhh-efc 2
ehd-efc 1
fdg-efc 3
hd-efc 2
453
3
fei-efd 2
igj-efd 3
iac-efd 1
454
2
bcdb-efe 2
ija-efe 2
455
5
hgf-eff 3
jge-eff 2
bjf-eff 3
bbed-eff 3
fff-eff 2
456
4
iib-efg 2
fii-efg 2
bbj-efg 3
bcad-efg 3
457
7
bbeg-efh 2
dci-efh 3
iic-efh 2
ded-efh 2
igc-efh 1
ibb-efh 3
fde-efh 1
458
3
icc-efi 2
eec-efi 3
eed-efi 1
459
6
efe-efj 1
fhc-efj 1
fje-efj 2
bbca-efj 3
gde-efj 3
bbfa-efj 1
460
8
bbac-ega 1
bja-ega 3
jca-ega 2
feh-ega 1
cbg-ega 1
cgd-ega 3
bac-ega 1
icf-ega 3
461
6
hic-egb 1
jg-egb 1
efi-egb 3
fdb-egb 2
bcdf-egb 3
cdg-egb 2
462
2
ddc-egc 3
ccj-egc 1
463
3
cfa-egd 3
bdhg-egd 1
bbf-egd 3
464
6
dbb-ege 3
bg-ege 3
ecb-ege 2
dib-ege 2
ifi-ege 3
fdb-ege 1
465
4
ifd-egf 2
cha-egf 2
fge-egf 2
eae-egf 3
466
5
idd-egg 3
die-egg 2
eaj-egg 2
jia-egg 2
ed-egg 2
467
2
iid-egh 1
cii-egh 3
468
4
cdi-egi 1
hef-egi 1
efa-egi 2
ghc-egi 1
469
6
ibi-egj 2
jj-egj 1
ij-egj 1
baih-egj 3
jdg-egj 2
dbi-egj 2
470
6
cgh-eha 2
bcbi-eha 3
fgd-eha 1
eid-eha 1
bjj-eha 3
bbi-eha 1
471
4
bfc-ehb 1
bj-ehb 1
fei-ehb 3
hib-ehb 2
472
2
cdh-ehc 3
iad-ehc 2
473
4
bffb-ehd 2
hcb-ehd 3
dfd-ehd 2
hjj-ehd 1
474
4
bebj-ehe 3
di-ehe 2
hje-ehe 3
ibh-ehe 2
475
5
caa-ehf 1
fag-ehf 1
hgh-ehf 3
jgj-ehf 3
cac-ehf 3
476
5
hda-ehg 2
edf-ehg 3
ddb-ehg 3
cgg-ehg 2
bdgh-ehg 1
477
5
gcc-ehh 1
ecf-ehh 2
had-ehh 3
dcc-ehh 1
dad-ehh 3
478
3
jfd-ehi 1
fef-ehi 2
bbeg-ehi 2
479
4
hbj-ehj 1
baeh-ehj 3
eci-ehj 1
bcgj-ehj 2
480
4
efc-eia 3
bfa-eia 2
cjj-eia 1
ddb-eia 1
481
4
iih-eib 2
bbbe-eib 1
bcji-eib 3
dg-eib 3
482
5
fhi-eic 2
ebb-eic 2
befh-eic 3
bdfb-eic 1
bfef-eic 2
483
6
bddi-eid 2
ejg-eid 1
bfhj-eid 3
hc-eid 3
fbg-eid 3
bdg-eid 1
484
5
gcf-eie 3
gbb-eie 3
bbaf-eie 2
baf-eie 3
ffj-eie 3
485
4
fdf-eif 2
daa-eif 1
djj-eif 1
hac-eif 3
486
4
fdf-eig 3
bfeh-eig 2
ede-eig 1
edi-eig 1
487
5
daa-eih 2
cag-eih 2
jc-eih 1
ifi-eih 2
efh-eih 1
488
4
fij-eii 3
bgb-eii 1
cfd-eii 2
bfdi-eii 1
489
5
dcc-eij 2
jae-eij 1
bje-eij 2
dfg-eij 2
ief-eij 2
490
3
hej-eja 1
babi-eja 1
iaj-eja 2
491
3
cdi-ejb 3
bhc-ejb 3
ibd-ejb 1
492
5
daj-ejc 3
ggd-ejc 2
hgb-ejc 2
eia-ejc 2
bcbe-ejc 1
493
2
ige-ejd 1
iic-ejd 1
494
6
cif-eje 1
gic-eje 2
iei-eje 1
bfj-eje 3
ebj-eje 2
ege-eje 3
495
3
ecf-ejf 2
bfja-ejf 1
bgb-ejf 3
496
4
ghb-ejg 1
feg-ejg 2
chd-ejg 3
eb-ejg 3
497
4
iaa-ejh 1
egb-ejh 1
bbi-ejh 3
idi-ejh 3
498
5
cdd-eji 1
dih-eji 3
d-eji 3
hfb-eji 2
cgh-eji 1
499
2
hif-ejj 2
chf-ejj 3
500
5
dfb-faa 2
bbba-faa 3
ice-faa 1
dhg-faa 3
deg-faa 2
501
2
dda-fab 2
dbf-fab 1
502
5
hbc-fac 3
cbh-fac 1
cbi-fac 3
hdh-fac 2
bbii-fac 3
503
6
iej-fad 1
fgd-fad 1
cfh-fad 2
bdjg-fad 1
baei-fad 1
dih-fad 2
504
4
fje-fae 3
bdia-fae 3
baba-fae 1
fej-fae 1
505
3
ice-faf 1
hid-faf 3
bcja-faf 2
506
5
jif-fag 3
bahb-fag 3
ggd-fag 2
dbf-fag 3
hcd-fag 3
507
1
jbj-fah 1
508
3
gdj-fai 2
bcj-fai 3
fdh-fai 2
509
4
ggb-faj 2
iii-faj 2
ga-faj 2
bhe-faj 3
510
4
bbdb-fba 2
bge-fba 3
cdi-fba 2
dii-fba 1
511
5
geh-fbb 1
fic-fbb 2
jih-fbb 3
jgi-fbb 3
fid-fbb 2
512
4
ejh-fbc 1
eeg-fbc 3
fej-fbc 3
baag-fbc 2
513
5
jhc-fbd 3
hej-fbd 1
eai-fbd 2
ejj-fbd 3
bih-fbd 1
514
3
fgi-fbe 2
bajc-fbe 3
bceh-fbe 1
515
1
jbh-fbf 3
516
2
dff-fbg 3
edb-fbg 3
517
6
ib-fbh 1
hca-fbh 2
fgb-fbh 1
fdh-fbh 3
bcjg-fbh 3
bc-fbh 2
518
5
bjb-fbi 1
eah-fbi 2
cfg-fbi 2
ebf-fbi 3
dcc-fbi 3
519
6
fch-fbj 1
fdc-fbj 3
ieg-fbj 1
hb-fbj 3
beig-fbj 1
hdc-fbj 1
520
5
jib-fca 3
dce-fca 1
gaj-fca 2
bcie-fca 3
bccg-fca 3
521
5
bhb-fcb 2
h-fcb 1
fij-fcb 2
bcdf-fcb 2
hbb-fcb 2
522
4
gbd-fcc 3
fjh-fcc 2
bfca-fcc 1
gic-fcc 2
523
4
cba-fcd 1
hib-fcd 3
ghf-fcd 1
cae-fcd 2
524
3
gia-fce 1
gjh-fce 1
baec-fce 1
525
7
bff-fcf 3
ehe-fcf 2
ebi-fcf 2
ejd-fcf 1
cce-fcf 3
cgf-fcf 1
baib-fcf 1
526
4
eig-fcg 1
gcc-fcg 2
bbe-fcg 3
bcah-fcg 2
527
8
bfgh-fch 2
cjb-fch 3
eae-fch 2
beaj-fch 1
bcee-fch 3
ecb-fch 2
fcf-fch 1
hfc-fch 3
528
7
fhg-fci 1
dfd-fci 3
dfh-fci 1
iba-fci 1
iei-fci 3
bbea-fci 2
dei-fci 2
529
5
ghc-fcj 1
hge-fcj 3
ffb-fcj 3
egd-fcj 3
heb-fcj 2
530
6
bhi-fda 3
bhj-fda 2
bbbd-fda 2
cfd-fda 2
edf-fda 3
gca-fda 3
531
4
bcga-fdb 1
ffg-fdb 2
eha-fdb 1
def-fdb 2
532
5
dad-fdc 1
cif-fdc 3
bahi-fdc 2
dhh-fdc 2
eg-fdc 2
533
9
eaf-fdd 1
edd-fdd 2
baei-fdd 1
hid-fdd 3
bfie-fdd 1
bei-fdd 2
bfha-fdd 2
baif-fdd 1
dfb-fdd 2
534
3
fih-fde 1
jj-fde 1
egb-fde 1
535
6
gdc-fdf 3
ibe-fdf 2
cgg-fdf 3
fbj-fdf 3
fdg-fdf 3
bade-fdf 3
536
5
gje-fdg 3
bdhg-fdg 3
gbh-fdg 3
bhi-fdg 1
bach-fdg 2
537
7
cdc-fdh 2
gf-fdh 2
bcjh-fdh 3
deb-fdh 3
ffa-fdh 2
hjd-fdh 1
cjd-fdh 2
538
1
jii-fdi 1
539
2
bdfh-fdj 1
hbh-fdj 2
540
5
bbia-fea 3
bceb-fea 1
bdcd-fea 2
caf-fea 3
ee-fea 1
541
6
dfh-feb 2
ih-feb 2
ibd-feb 3
cid-feb 2
hgh-feb 2
ieb-feb 3
542
3
bfcg-fec 2
ffe-fec 3
bfij-fec 1
543
5
eac-fed 2
fdh-fed 2
fjd-fed 2
hdi-fed 3
bbhb-fed 3
544
5
ihf-fee 1
ecb-fee 2
be-fee 2
bbaa-fee 2
fff-fee 2
545
5
dfe-fef 1
je-fef 1
bdad-fef 3
bfdg-fef 2
bbfh-fef 1
546
6
bcgj-feg 2
bi-feg 1
ihh-feg 1
ijc-feg 2
bd-feg 2
hgh-feg 2
547
5
djg-feh 1
bbdc-feh 2
chc-feh 2
bch-feh 2
hei-feh 2
548
6
fbi-fei 2
begd-fei 2
bcgi-fei 1
dbc-fei 2
eeg-fei 1
ffc-fei 1
549
4
gcg-fej 1
dfe-fej 1
eji-fej 3
hhe-fej 1
550
5
bfef-ffa 1
idb-ffa 2
gch-ffa 1
df-ffa 3
dce-ffa 3
551
7
i-ffb 1
dab-ffb 3
gda-ffb 2
cfd-ffb 3
cbd-ffb 1
jfe-ffb 2
ica-ffb 3
552
4
bdj-ffc 2
bgc-ffc 1
ejg-ffc 2
hbb-ffc 1
553
3
dij-ffd 1
eia-ffd 2
jaf-ffd 3
554
2
baba-ffe 1
hdc-ffe 3
555
6
fgj-fff 1
baae-fff 2
jbf-fff 3
baj-fff 2
hfd-fff 3
edi-fff 2
556
1
ffi-ffg 1
557
2
fja-ffh 2
e-ffh 3
558
5
gaj-ffi 1
cif-ffi 2
cdj-ffi 1
bcdd-ffi 1
fed-ffi 2
559
4
gih-ffj 1
dfd-ffj 2
baid-ffj 1
gfi-ffj 2
560
8
bdib-fga 3
gei-fga 1
bbhg-fga 1
eae-fga 3
cie-fga 3
ceb-fga 1
bhe-fga 3
igi-fga 2
561
3
gff-fgb 1
dba-fgb 1
eei-fgb 3
562
5
jad-fgc 3
dbd-fgc 2
cjb-fgc 2
dgd-fgc 2
bagf-fgc 3
563
6
dij-fgd 1
bie-fgd 3
bfff-fgd 3
ffa-fgd 2
fb-fgd 3
bfic-fgd 3
564
2
gjf-fge 1
ibf-fge 3
565
2
def-fgf 1
ha-fgf 2
566
2
ice-fgg 1
bih-fgg 2
567
3
dbh-fgh 1
jjf-fgh 1
jcf-fgh 3
568
4
hjf-fgi 1
eeh-fgi 1
bcbi-fgi 1
dfg-fgi 1
569
4
gbh-fgj 3
ghj-fgj 3
bdc-fgj 1
egh-fgj 3
570
3
bfi-fha 1
fhc-fha 1
bfig-fha 1
571
5
beaa-fhb 1
feb-fhb 2
bfcb-fhb 2
hfe-fhb 1
beeb-fhb 2
572
5
ijj-fhc 2
bgea-fhc 1
hch-fhc 1
bfed-fhc 3
bbi-fhc 1
573
4
dea-fhd 1
hic-fhd 1
cih-fhd 2
dgi-fhd 3
574
5
jbe-fhe 1
ebh-fhe 2
gge-fhe 3
dic-fhe 2
hci-fhe 3
575
2
gad-fhf 2
ffb-fhf 3
576
4
fjc-fhg 1
bbfh-fhg 2
jbb-fhg 1
da-fhg 2
577
1
cba-fhh 3
578
4
bja-fhi 1
bcgj-fhi 1
idd-fhi 3
jcb-fhi 3
579
5
ii-fhj 3
fgf-fhj 3
fag-fhj 3
bgde-fhj 3
gaj-fhj 2
580
4
bb-fia 1
hga-fia 2
cdd-fia 3
gcc-fia 2
581
3
fgb-fib 3
bag-fib 2
gjb-fib 2
582
6
cif-fic 2
ijd-fic 2
ifh-fic 2
hgg-fic 3
cea-fic 3
bgaj-fic 2
583
6
gif-fid 1
cdd-fid 3
bbaa-fid 1
fh-fid 1
hh-fid 1
cih-fid 1
584
3
efe-fie 3
bccf-fie 1
ffb-fie 2
585
4
bfcg-fif 1
ibj-fif 1
bbc-fif 2
gge-fif 1
586
6
bjc-fig 1
bfj-fig 1
dec-fig 3
gfa-fig 3
ejg-fig 2
eib-fig 2
587
3
bcc-fih 2
id-fih 3
ed-fih 2
588
4
bagb-fii 1
gde-fii 2
bcfh-fii 1
haf-fii 1
589
3
fdf-fij 2
bdfi-fij 3
ebj-fij 1
590
2
cih-fja 3
edj-fja 2
591
9
bggb-fjb 3
cij-fjb 3
cja-fjb 2
hae-fjb 2
gef-fjb 2
hc-fjb 1
gcg-fjb 2
caa-fjb 3
egg-fjb 1
592
5
cie-fjc 3
bcff-fjc 3
hdf-fjc 1
baee-fjc 2
dbg-fjc 1
593
2
ecc-fjd 2
cif-fjd 1
594
3
bbac-fje 2
hci-fje 1
fba-fje 2
595
3
fhc-fjf 3
jhf-fjf 1
bahg-fjf 2
596
2
bcfe-fjg 1
bhg-fjg 1
597
5
ei-fjh 2
fdf-fjh 2
g-fjh 2
baij-fjh 1
ddd-fjh 2
598
9
iga-fji 2
fij-fji 3
hh-fji 2
cdf-fji 3
jbi-fji 2
ehf-fji 3
bgb-fji 2
bddi-fji 2
ejc-fji 2
599
3
ddi-fjj 1
bbg-fjj 1
gj-fjj 2
600
3
gie-gaa 2
bacj-gaa 2
gbb-gaa 3
601
3
ca-gab 2
gdh-gab 3
ejg-gab 2
602
1
cca-gac 2
603
5
jjh-gad 2
bdfe-gad 3
bf-gad 3
bjc-gad 3
hij-gad 1
604
6
bfi-gae 1
eig-gae 3
ghc-gae 1
jci-gae 2
hca-gae 1
bd-gae 1
605
1
bjh-gaf 2
606
4
dgc-gag 1
jij-gag 1
bcba-gag 1
bahg-gag 3
607
5
cjc-gah 3
fac-gah 2
iaf-gah 1
ici-gah 3
cdd-gah 2
608
2
gff-gai 3
daa-gai 2
609
2
bcde-gaj 3
di-gaj 2
610
5
bbge-gba 2
bbib-gba 3
hgc-gba 2
gcb-gba 3
fdi-gba 1
611
6
dhf-gbb 2
eja-gbb 2
efh-gbb 3
bfjj-gbb 3
becb-gbb 1
cgb-gbb 3
612
6
bbh-gbc 1
bbhc-gbc 2
bej-gbc 3
baab-gbc 3
hb-gbc 3
ga-gbc 3
613
4
fcb-gbd 3
gca-gbd 1
bbcd-gbd 3
cg-gbd 3
614
1
bgfd-gbe 2
615
4
bdcf-gbf 3
fgd-gbf 2
bbeh-gbf 1
ccj-gbf 2
616
4
dhh-gbg 3
bbcb-gbg 2
hhb-gbg 2
dga-gbg 3
617
2
ff-gbh 1
dje-gbh 3
618
7
dib-gbi 3
dbi-gbi 1
ifc-gbi 1
bacg-gbi 2
ej-gbi 3
bbeh-gbi 2
cfd-gbi 1
619
4
gch-gbj 2
jej-gbj 2
eaa-gbj 2
bbfi-gbj 3
620
7
iid-gca 2
haj-gca 3
bbfc-gca 3
ddd-gca 2
jig-gca 2
gfd-gca 3
hbg-gca 1
621
6
bfbd-gcb 2
bch-gcb 1
cab-gcb 1
bafh-gcb 2
bbbb-gcb 2
jca-gcb 1
622
7
ejb-gcc 1
gaj-gcc 1
iie-gcc 2
cdh-gcc 3
baee-gcc 3
bafc-gcc 3
bbii-gcc 2
623
4
bgbi-gcd 3
egf-gcd 1
bbjd-gcd 3
ja-gcd 3
624
3
dhb-gce 1
fai-gce 1
bdfi-gce 1
625
3
cgj-gcf 3
daf-gcf 1
baii-gcf 2
626
4
ijg-gcg 2
chg-gcg 3
hgd-gcg 3
cce-gcg 3
627
5
cih-gch 2
fjh-gch 2
ffb-gch 2
eja-gch 2
bdc-gch 3
628
6
gid-gci 1
bga-gci 3
fdc-gci 3
cea-gci 2
ghh-gci 1
igb-gci 3
629
2
ebb-gcj 3
ged-gcj 3
630
2
bdcf-gda 2
ihh-gda 3
631
3
bdci-gdb 3
cb-gdb 1
eah-gdb 3
632
5
cah-gdc 1
babf-gdc 3
gbe-gdc 3
igj-gdc 2
ifc-gdc 2
633
4
bcag-gdd 1
hfi-gdd 3
efh-gdd 2
dgb-gdd 3
634
4
baeb-gde 3
hed-gde 2
gah-gde 2
cdd-gde 2
635
4
hjh-gdf 3
gfe-gdf 2
bhc-gdf 2
bchf-gdf 2
636
5
db-gdg 1
hag-gdg 1
bajh-gdg 3
bddj-gdg 2
gfd-gdg 1
637
4
iih-gdh 3
if-gdh 1
bdfd-gdh 1
jci-gdh 2
638
1
jcc-gdi 2
639
3
gjg-gdj 3
cei-gdj 2
dib-gdj 2
640
4
cda-gea 1
dea-gea 3
edi-gea 2
eaa-gea 2
641
5
hfa-geb 3
fcb-geb 3
hhd-geb 2
begg-geb 3
eff-geb 3
642
2
ffc-gec 3
ihd-gec 3
643
1
bdbj-ged 3
644
1
dda-gee 2
645
3
gfh-gef 3
dfi-gef 3
bdgj-gef 3
646
4
cie-geg 3
bfcj-geg 3
gaj-geg 1
baaa-geg 1
647
4
bjh-geh 3
jg-geh 3
gah-geh 1
iai-geh 2
648
4
ffa-gei 1
daf-gei 2
eeb-gei 3
iba-gei 2
649
5
bge-gej 2
fec-gej 1
hgi-gej 2
cab-gej 3
gda-gej 3
650
2
bgeg-gfa 3
hbc-gfa 3
651
4
gfj-gfb 1
g-gfb 1
bcbi-gfb 1
jhj-gfb 3
652
3
bche-gfc 3
baha-gfc 1
bcb-gfc 2
653
3
hjb-gfd 3
gch-gfd 1
bdbg-gfd 2
654
3
bif-gfe 2
baci-gfe 2
hfa-gfe 1
655
7
idi-gff 3
jbi-gff 3
hh-gff 3
bga-gff 2
eci-gff 3
egf-gff 3
ehe-gff 1
656
4
jaj-gfg 1
cef-gfg 1
chc-gfg 2
bahh-gfg 3
657
4
ffb-gfh 1
iga-gfh 1
jaj-gfh 2
bi-gfh 1
658
5
ghc-gfi 3
ech-gfi 2
jeh-gfi 1
becd-gfi 3
dbd-gfi 2
659
1
bdba-gfj 2
660
2
gbc-gga 1
bhe-gga 2
661
3
bej-ggb 3
eae-ggb 2
bee-ggb 2
662
2
id-ggc 2
bgae-ggc 1
663
4
igd-ggd 3
djj-ggd 3
cjh-ggd 1
jhh-ggd 2
664
8
beg-gge 2
gaj-gge 1
efd-gge 1
ifg-gge 2
bfid-gge 3
bdc-gge 1
eeb-gge 1
ehc-gge 1
665
5
jfj-ggf 3
hab-ggf 3
bcdj-ggf 2
feh-ggf 2
ibj-ggf 1
666
4
dij-ggg 3
die-ggg 1
caf-ggg 2
bih-ggg 2
667
1
cab-ggh 2
668
3
cgh-ggi 1
bfc-ggi 2
cbc-ggi 2
670
4
bfgj-gha 2
ifc-gha 1
gii-gha 3
gdh-gha 3
671
6
idb-ghb 3
bbff-ghb 2
bgef-ghb 3
bbfg-ghb 1
bgae-ghb 3
ccg-ghb 1
672
8
jjf-ghc 3
cib-ghc 3
bch-ghc 2
fhi-ghc 3
begg-ghc 1
fea-ghc 2
efi-ghc 3
beid-ghc 1
673
3
did-ghd 1
bae-ghd 1
egj-ghd 3
674
3
cji-ghe 3
ccb-ghe 1
ggg-ghe 3
675
1
ggb-ghf 3
676
4
dhh-ghg 2
cej-ghg 3
fdj-ghg 1
fhb-ghg 1
677
3
bacj-ghh 2
fdi-ghh 2
cbc-ghh 2
678
4
cic-ghi 2
hai-ghi 2
bge-ghi 2
daf-ghi 2
679
5
bcbc-ghj 3
hec-ghj 2
fcd-ghj 2
fdb-ghj 1
eig-ghj 1
680
4
ied-gia 3
egg-gia 2
hbf-gia 2
ccg-gia 1
681
3
bbhf-gib 2
cic-gib 2
ehj-gib 3
682
5
fed-gic 3
dhi-gic 2
gge-gic 3
bjc-gic 3
bbga-gic 1
683
2
cjj-gid 1
ddg-gid 3
684
3
ici-gie 1
iih-gie 1
ihe-gie 1
685
4
hge-gif 2
bcig-gif 2
bcdi-gif 1
jea-gif 1
686
4
ijf-gig 3
gj-gig 3
cec-gig 2
bbe-gig 1
687
5
bbfb-gih 3
die-gih 3
baai-gih 1
fic-gih 2
badc-gih 2
688
3
baab-gii 3
ib-gii 2
cgf-gii 3
689
5
ehf-gij 2
bei-gij 3
ehh-gij 2
fgh-gij 2
ibd-gij 1
690
2
ecd-gja 2
bajc-gja 1
691
1
ebc-gjb 1
692
5
hg-gjc 2
ca-gjc 1
gbe-gjc 1
behb-gjc 3
hji-gjc 3
693
1
gad-gjd 1
694
4
b-gje 1
bhc-gje 3
eca-gje 1
bbdf-gje 1
695
3
hdh-gjf 2
ieg-gjf 1
dig-gjf 2
696
6
bbic-gjg 1
behg-gjg 3
dci-gjg 1
bfb-gjg 3
egg-gjg 2
bdda-gjg 1
697
3
dfd-gjh 3
cbg-gjh 3
cje-gjh 3
698
2
bbgf-gji 1
ghe-gji 2
699
3
hhe-gjj 2
iii-gjj 1
cg-gjj 1
700
4
dg-haa 3
dbe-haa 3
bjj-haa 3
bcea-haa 2
701
3
fij-hab 2
gc-hab 3
bcfg-hab 1
702
3
bcbg-hac 3
gdb-hac 2
eif-hac 2
703
1
iec-had 3
704
5
idb-hae 2
ije-hae 1
chi-hae 1
hea-hae 3
bbic-hae 1
705
5
jda-haf 3
cdd-haf 1
jji-haf 2
bbcd-haf 2
gic-haf 1
706
6
bcgb-hag 3
ecj-hag 1
dic-hag 2
beje-hag 2
hje-hag 1
dfg-hag 2
707
3
ghg-hah 3
fda-hah 3
efj-hah 2
708
2
hfh-hai 1
bce-hai 2
709
1
bdjj-haj 2
710
3
gee-hba 3
bdbi-hba 2
bega-hba 2
711
4
cfb-hbb 2
eee-hbb 3
cgj-hbb 2
fac-hbb 1
712
3
bdif-hbc 2
ffc-hbc 3
jdg-hbc 3
713
6
iah-hbd 2
bei-hbd 3
eij-hbd 1
bdff-hbd 1
jjf-hbd 2
bcbd-hbd 1
714
3
edh-hbe 3
fji-hbe 2
fc-hbe 2
715
3
fcf-hbf 2
jf-hbf 1
dga-hbf 1
716
5
jh-hbg 1
bdjf-hbg 2
ife-hbg 1
egh-hbg 3
gde-hbg 2
717
3
dbj-hbh 1
ci-hbh 1
babe-hbh 3
718
2
jfh-hbi 3
egd-hbi 1
719
2
bedf-hbj 1
jge-hbj 1
720
7
hcf-hca 1
ead-hca 2
jid-hca 2
g-hca 2
ibe-hca 3
cib-hca 1
ejj-hca 3
721
4
bahd-hcb 2
ffe-hcb 2
cha-hcb 1
jba-hcb 2
722
2
cie-hcc 3
iee-hcc 1
723
5
hhf-hcd 3
jee-hcd 3
bgi-hcd 1
bdhb-hcd 2
ghf-hcd 3
724
7
dha-hce 1
bchf-hce 2
eab-hce 1
bde-hce 3
beaf-hce 2
gfj-hce 3
ejf-hce 2
725
5
bbae-hcf 1
gad-hcf 3
b-hcf 2
hhc-hcf 3
cih-hcf 2
726
4
ja-hcg 1
ibf-hcg 3
baed-hcg 1
jjg-hcg 1
727
3
jcb-hch 3
ghe-hch 1
fci-hch 1
728
5
bdff-hci 3
baef-hci 3
fbf-hci 2
ggi-hci 3
geh-hci 3
729
6
bbgd-hcj 2
hdb-hcj 3
eec-hcj 2
bbbg-hcj 1
ejb-hcj 2
jd-hcj 3
730
5
ea-hda 3
eda-hda 1
idc-hda 2
dec-hda 2
ffb-hda 3
731
4
bfhg-hdb 3
jh-hdb 1
fei-hdb 1
bejg-hdb 1
732
5
cbi-hdc 3
jbf-hdc 2
gig-hdc 1
bdac-hdc 3
befb-hdc 3
733
4
bdg-hdd 2
bcf-hdd 2
ejb-hdd 3
cih-hdd 2
734
3
jfh-hde 3
gdj-hde 3
bbjf-hde 1
735
5
fad-hdf 2
bcfg-hdf 3
gbh-hdf 1
bbha-hdf 1
dci-hdf 1
736
3
dac-hdg 1
eba-hdg 1
fjc-hdg 3
737
3
baga-hdh 3
ihb-hdh 2
fec-hdh 1
738
3
iae-hdi 3
bic-hdi 2
beah-hdi 3
739
4
eci-hdj 1
jbj-hdj 2
haa-hdj 3
bci-hdj 1
740
8
befg-hea 3
bdfd-hea 1
jjg-hea 1
bcji-hea 3
djb-hea 2
cb-hea 3
fdf-hea 2
jb-hea 3
741
2
fab-heb 1
icg-heb 2
742
4
bfjg-hec 3
bdda-hec 2
fai-hec 1
bdhc-hec 1
743
3
bfei-hed 2
ffe-hed 2
bcbg-hed 3
744
2
bfhd-hee 1
ijb-hee 1
745
5
bfch-hef 2
bjd-hef 3
bge-hef 3
beg-hef 3
gha-hef 1
746
2
bcdd-heg 3
fid-heg 1
747
4
ed-heh 2
hii-heh 2
dcb-heh 2
ggc-heh 1
748
3
ie-hei 2
if-hei 1
fad-hei 1
749
4
cec-hej 3
ccd-hej 1
gcc-hej 1
bgbd-hej 3
750
4
befe-hfa 1
bdi-hfa 2
jhg-hfa 1
dgc-hfa 1
751
5
beh-hfb 3
bff-hfb 3
gc-hfb 1
icd-hfb 2
egc-hfb 1
752
3
gjh-hfc 1
gab-hfc 1
bcdc-hfc 2
753
4
bcec-hfd 2
bad-hfd 1
eih-hfd 2
ddc-hfd 1
754
4
dfb-hfe 3
gac-hfe 3
ejg-hfe 3
bahd-hfe 3
755
3
bacc-hff 1
bbci-hff 3
hge-hff 2
756
3
ij-hfg 1
bbac-hfg 3
gfd-hfg 1
757
5
ihf-hfh 2
ede-hfh 1
bbaj-hfh 3
ibb-hfh 3
eci-hfh 2
758
3
eci-hfi 2
beih-hfi 3
heb-hfi 2
759
3
jfc-hfj 3
gaa-hfj 2
bfhi-hfj 2
760
2
fdb-hga 1
bbg-hga 3
761
6
iaj-hgb 3
gcc-hgb 1
dfj-hgb 1
bccd-hgb 2
bdf-hgb 1
hfc-hgb 3
762
4
fea-hgc 3
dej-hgc 1
fia-hgc 3
hje-hgc 2
763
2
bedb-hgd 2
bbfa-hgd 1
764
3
beff-hge 2
efg-hge 2
jdc-hge 2
765
4
icd-hgf 1
bafe-hgf 3
fea-hgf 3
bci-hgf 1
766
3
baib-hgg 2
ehf-hgg 2
ddc-hgg 3
767
2
dej-hgh 2
deg-hgh 3
768
4
hah-hgi 1
cdb-hgi 1
baja-hgi 3
baai-hgi 3
769
1
bbjj-hgj 2
770
6
bi-hha 2
baad-hha 2
hdd-hha 2
ii-hha 3
dag-hha 1
ihj-hha 3
771
5
gfa-hhb 1
bbaa-hhb 2
dfa-hhb 1
bbaj-hhb 1
fj-hhb 1
772
3
fhc-hhc 2
beff-hhc 3
eia-hhc 3
773
4
bbd-hhd 2
ch-hhd 3
gaa-hhd 1
bdec-hhd 3
774
5
dji-hhe 3
eff-hhe 1
fcd-hhe 3
gja-hhe 3
bdfa-hhe 2
775
4
bafj-hhf 3
ed-hhf 3
dag-hhf 2
bcf-hhf 3
776
4
dgd-hhg 1
bcd-hhg 2
hbb-hhg 3
ga-hhg 1
777
2
ebd-hhh 2
haa-hhh 1
778
2
dcj-hhi 1
bdci-hhi 2
779
6
idc-hhj 3
hie-hhj 2
bfag-hhj 2
cbg-hhj 1
beb-hhj 3
jec-hhj 2
780
3
bbie-hia 3
dbf-hia 1
jdd-hia 1
781
3
bbfb-hib 1
ccc-hib 3
bbi-hib 2
782
4
chh-hic 2
bgcf-hic 1
dhd-hic 3
dcc-hic 3
783
1
bgdg-hid 2
784
2
bjg-hie 3
bgbb-hie 3
785
3
fje-hif 2
cii-hif 3
ggc-hif 1
786
2
fig-hig 2
che-hig 1
787
4
iaf-hih 2
bfg-hih 1
bdbe-hih 2
eii-hih 3
788
4
cgi-hii 1
jaj-hii 2
fej-hii 1
djb-hii 2
789
6
bji-hij 1
hag-hij 3
jff-hij 1
dif-hij 1
fj-hij 2
bbbd-hij 2
790
2
gbd-hja 3
fae-hja 2
791
3
cfh-hjb 2
cbb-hjb 1
bde-hjb 1
792
7
hbi-hjc 3
gaj-hjc 3
bbfi-hjc 3
ifd-hjc 1
hcc-hjc 1
bfhe-hjc 3
edj-hjc 2
793
2
bbd-hjd 1
fef-hjd 3
794
2
bdja-hje 2
fgj-hje 2
795
3
edj-hjf 2
beji-hjf 2
gid-hjf 2
796
7
cfa-hjg 2
gci-hjg 2
igd-hjg 2
jdh-hjg 3
jgg-hjg 3
gdj-hjg 1
eda-hjg 2
797
2
caj-hjh 3
bcg-hjh 3
798
3
iac-hji 2
hfj-hji 3
bba-hji 1
799
7
beea-hjj 2
cjf-hjj 3
fgd-hjj 1
bace-hjj 3
fe-hjj 3
gah-hjj 2
bgc-hjj 1
800
5
cij-iaa 3
jcg-iaa 2
ead-iaa 3
dhc-iaa 3
eef-iaa 1
801
3
ech-iab 3
bdbh-iab 2
cdh-iab 3
802
3
hbi-iac 1
eic-iac 1
hia-iac 3
803
5
cba-iad 1
cgd-iad 3
jcd-iad 1
dd-iad 2
d-iad 2
804
5
cdf-iae 3
cib-iae 1
bcd-iae 3
cjg-iae 2
fjd-iae 1
805
4
jd-iaf 2
gjf-iaf 3
ejf-iaf 2
ecj-iaf 3
806
4
ihd-iag 1
bage-iag 1
begg-iag 1
ejg-iag 3
807
2
dad-iah 2
fei-iah 1
808
3
dje-iai 3
beja-iai 1
jh-iai 1
809
3
gci-iaj 3
gbh-iaj 3
bddg-iaj 2
810
5
bbba-iba 1
bafb-iba 3
ejb-iba 3
bcb-iba 1
bbbj-iba 1
811
2
iha-ibb 2
bead-ibb 2
812
2
egb-ibc 1
bbgf-ibc 2
813
2
bgcj-ibd 2
bdhd-ibd 1
814
3
fba-ibe 3
bbcc-ibe 1
jbe-ibe 3
815
3
dje-ibf 1
bffh-ibf 3
dih-ibf 1
816
4
bafg-ibg 3
efj-ibg 3
ceb-ibg 1
fhg-ibg 3
817
3
babb-ibh 3
eja-ibh 3
bahj-ibh 2
818
5
jib-ibi 1
bjc-ibi 1
gi-ibi 2
fii-ibi 2
fdi-ibi 3
819
4
bbdb-ibj 1
dfd-ibj 1
bbcd-ibj 3
hae-ibj 2
820
5
jde-ica 3
dgi-ica 1
becf-ica 3
edc-ica 2
bcfh-ica 3
821
3
fhj-icb 3
fib-icb 2
hfi-icb 1
822
2
fdh-icc 3
edb-icc 3
823
5
hcd-icd 2
jaj-icd 2
hj-icd 2
eig-icd 3
jaa-icd 2
824
3
hgi-ice 1
jfh-ice 1
ehd-ice 2
825
4
bcha-icf 2
cih-icf 2
dbb-icf 1
fce-icf 2
826
3
bjj-icg 3
gcg-icg 2
bcdi-icg 1
827
2
djd-ich 3
beei-ich 3
828
3
dfa-ici 3
cj-ici 3
jc-ici 2
829
2
hbe-icj 1
jie-icj 3
830
5
bcfd-ida 1
hee-ida 3
jbh-ida 1
ehj-ida 1
bhf-ida 2
831
7
ghi-idb 3
bach-idb 2
cii-idb 3
bfjd-idb 1
jcb-idb 1
cdh-idb 3
fce-idb 2
832
3
iij-idc 1
gjg-idc 3
djj-idc 2
833
3
bbah-idd 1
fih-idd 2
fj-idd 2
834
1
fgc-ide 1
835
5
dii-idf 2
efa-idf 3
bajg-idf 1
dh-idf 3
jhi-idf 2
836
4
bagf-idg 2
dhd-idg 3
bfi-idg 1
ic-idg 1
837
3
hhg-idh 1
gdg-idh 1
bad-idh 3
838
5
ech-idi 3
hhc-idi 3
baeh-idi 3
bgfa-idi 3
bbdd-idi 1
839
3
bgf-idj 2
fdj-idj 1
bcc-idj 3
840
4
bebf-iea 1
bij-iea 1
eeb-iea 1
chb-iea 1
841
3
bdaj-ieb 1
bbie-ieb 2
fhb-ieb 1
842
5
bbca-iec 1
iff-iec 3
hfh-iec 1
hfg-iec 2
fgf-iec 3
843
4
bbid-ied 2
bche-ied 1
jac-ied 3
hhb-ied 2
844
3
baje-iee 1
efc-iee 2
bdcd-iee 1
845
4
hag-ief 3
bfc-ief 3
bbah-ief 3
ea-ief 3
846
5
ebg-ieg 3
ffh-ieg 2
hcd-ieg 1
idd-ieg 3
fjj-ieg 3
847
4
bchj-ieh 3
bjg-ieh 2
bge-ieh 3
caj-ieh 2
848
6
hgi-iei 1
dbf-iei 1
behf-iei 3
efg-iei 1
gdf-iei 1
bcgb-iei 1
849
2
bbh-iej 1
bdi-iej 3
850
5
bdih-ifa 1
hcf-ifa 2
bbbi-ifa 2
bdbe-ifa 3
ccc-ifa 1
851
3
dfh-ifb 1
bagh-ifb 3
fgh-ifb 1
852
6
bchg-ifc 2
cee-ifc 3
fdj-ifc 1
gfa-ifc 2
jid-ifc 2
ejj-ifc 1
853
4
bah-ifd 2
cf-ifd 3
ijh-ifd 3
bbhd-ifd 1
854
3
bbdj-ife 2
hjf-ife 3
dad-ife 1
855
5
bjb-iff 3
cgi-iff 1
fb-iff 2
efe-iff 1
jgf-iff 2
856
3
be-ifg 1
jci-ifg 1
bgeb-ifg 3
857
4
baai-ifh 3
eif-ifh 1
baga-ifh 2
cid-ifh 1
858
1
bcci-ifi 2
860
2
gfj-iga 2
ebb-iga 1
861
2
cif-igb 2
gb-igb 1
862
3
gh-igc 3
bcgi-igc 1
eaf-igc 3
863
3
ggg-igd 2
hfd-igd 3
ife-igd 1
864
3
hjc-ige 3
dbi-ige 1
dbj-ige 3
865
1
egi-igf 1
866
1
babd-igg 3
867
1
hag-igh 2
868
3
bbg-igi 3
gag-igi 2
bcbj-igi 3
869
4
jba-igj 2
gih-igj 3
bdie-igj 3
dde-igj 2
870
4
bbfe-iha 2
jfa-iha 2
bcdj-iha 2
hgf-iha 2
871
2
bbcj-ihb 2
eii-ihb 1
872
3
jfd-ihc 2
eba-ihc 3
ehj-ihc 3
873
4
behh-ihd 2
fj-ihd 1
bbdd-ihd 1
bgei-ihd 1
874
3
hdg-ihe 2
hdi-ihe 2
hdj-ihe 1
875
5
ijj-ihf 2
eh-ihf 3
cfb-ihf 2
bbad-ihf 3
bfcc-ihf 3
876
3
gbf-ihg 1
gij-ihg 3
cdj-ihg 3
877
3
eef-ihh 2
cib-ihh 2
gih-ihh 3
878
5
gjh-ihi 3
bdgf-ihi 2
hdb-ihi 1
jg-ihi 1
bebh-ihi 2
879
2
cef-ihj 2
caf-ihj 3
880
3
hfh-iia 2
fid-iia 3
fgb-iia 1
881
5
bafa-iib 2
chd-iib 2
baeb-iib 3
cfb-iib 2
id-iib 1
882
4
jje-iic 3
iie-iic 3
gfa-iic 1
fag-iic 1
883
4
ffa-iid 1
cej-iid 2
bfei-iid 1
iae-iid 2
884
5
bejf-iie 2
bgc-iie 3
jee-iie 3
cbb-iie 1
bec-iie 3
885
2
bbei-iif 2
hif-iif 1
886
2
ddg-iig 2
hcg-iig 3
887
1
hbj-iih 1
888
1
bbib-iii 1
889
1
baaa-iij 2
890
3
iaa-ija 1
dbj-ija 1
bcfe-ija 1
891
1
ega-ijb 1
892
4
bbf-ijc 1
hg-ijc 1
cgi-ijc 3
bcij-ijc 2
893
3
hfi-ijd 2
gdh-ijd 2
beda-ijd 2
894
3
bef-ije 2
gda-ije 2
beef-ije 2
895
1
bj-ijf 3
896
2
ig-ijg 1
behi-ijg 3
897
2
bii-ijh 3
hhg-ijh 1
898
1
gd-iji 1
899
2
iaf-ijj 3
cff-ijj 1
900
3
cf-jaa 3
bbjh-jaa 2
jbg-jaa 2
901
2
djh-jab 2
gbe-jab 3
902
5
ghg-jac 2
hca-jac 3
ibb-jac 1
bgg-jac 2
ejj-jac 3
903
3
bcij-jad 3
djc-jad 2
dgj-jad 3
904
3
bbih-jae 3
cja-jae 3
ee-jae 3
905
2
bdig-jaf 2
bgd-jaf 1
906
3
cg-jag 3
bdij-jag 3
cbc-jag 2
907
6
bchh-jah 1
baia-jah 3
bajg-jah 3
fie-jah 1
cfe-jah 2
bcif-jah 1
908
5
gbj-jai 2
bffi-jai 2
hah-jai 1
bbbg-jai 1
efa-jai 3
909
2
ebd-jaj 2
iic-jaj 2
910
3
bdef-jba 1
cgd-jba 3
gej-jba 2
911
2
gjc-jbb 1
dhg-jbb 2
912
1
jca-jbc 1
913
3
dij-jbd 1
bfad-jbd 1
bgh-jbd 1
914
3
bbig-jbe 3
de-jbe 3
fbj-jbe 3
915
5
bedi-jbf 3
jbe-jbf 2
hai-jbf 1
gfg-jbf 1
cc-jbf 2
916
5
bjd-jbg 3
bdid-jbg 1
ehd-jbg 3
baie-jbg 3
igc-jbg 3
917
3
babf-jbh 1
bji-jbh 2
dbd-jbh 2
918
2
hai-jbi 1
bdcc-jbi 1
919
4
jhb-jbj 1
hdc-jbj 3
ieg-jbj 2
ejd-jbj 2
920
4
idf-jca 1
fdh-jca 3
jfg-jca 2
jde-jca 1
921
4
faj-jcb 1
hhf-jcb 1
gae-jcb 1
ihh-jcb 1
922
3
fjg-jcc 2
gfb-jcc 2
fej-jcc 2
923
4
bagh-jcd 3
ied-jcd 3
hgh-jcd 2
jcc-jcd 2
924
1
bafi-jce 2
925
2
igj-jcf 1
djc-jcf 2
926
3
babe-jcg 1
cfj-jcg 1
ggg-jcg 3
928
6
bfbf-jci 3
fch-jci 1
hhe-jci 2
gih-jci 1
beia-jci 1
fb-jci 3
930
3
bgdf-jda 2
cjb-jda 3
bdig-jda 3
931
5
hge-jdb 2
cgf-jdb 2
jhc-jdb 1
jji-jdb 1
bbaj-jdb 3
932
3
gdh-jdc 3
hbh-jdc 2
jc-jdc 1
933
3
ffh-jdd 3
dhc-jdd 3
dic-jdd 3
934
6
bdgi-jde 2
bcjb-jde 1
ha-jde 1
baad-jde 3
bi-jde 3
bie-jde 2
936
7
gea-jdg 2
ibi-jdg 3
dhj-jdg 2
bhb-jdg 3
fbf-jdg 2
bh-jdg 3
cjh-jdg 2
937
1
ea-jdh 3
938
1
dfb-jdi 2
939
3
eic-jdj 3
jfj-jdj 2
ja-jdj 3
940
2
ef-jea 3
ije-jea 3
941
1
jad-jeb 1
942
5
ehc-jec 3
dae-jec 2
bdfg-jec 1
bgb-jec 2
badg-jec 2
943
1
djc-jed 1
944
4
ceg-jee 3
hjb-jee 1
cfg-jee 2
ej-jee 1
945
5
bbfe-jef 1
fad-jef 1
beh-jef 3
bbje-jef 3
badj-jef 1
946
2
baib-jeg 1
bbj-jeg 2
947
3
ddj-jeh 3
bgdb-jeh 1
bafe-jeh 3
948
2
jja-jei 1
eff-jei 1
949
3
ehb-jej 3
dch-jej 3
fgj-jej 3
950
4
chb-jfa 3
fdj-jfa 1
bhe-jfa 3
iec-jfa 2
951
3
cge-jfb 1
ebb-jfb 1
bbdb-jfb 3
952
3
egb-jfc 2
jgb-jfc 3
cgh-jfc 3
953
2
babc-jfd 3
fbd-jfd 3
954
4
bcif-jfe 2
c-jfe 3
egf-jfe 2
bfgb-jfe 2
955
3
bfeb-jff 1
egg-jff 1
ee-jff 3
956
4
ghc-jfg 3
ega-jfg 2
bccb-jfg 2
fic-jfg 1
957
5
gfb-jfh 2
fdf-jfh 1
ddc-jfh 3
eij-jfh 3
bffj-jfh 1
958
4
dii-jfi 1
eib-jfi 2
bbj-jfi 3
befa-jfi 2
959
5
bdhe-jfj 2
eac-jfj 1
jfa-jfj 2
bcaj-jfj 2
bcc-jfj 1
960
5
fdf-jga 2
bfcd-jga 2
bfab-jga 2
bfcf-jga 3
bagg-jga 2
961
1
ecd-jgb 2
962
5
ied-jgc 3
cfa-jgc 3
ibd-jgc 3
bba-jgc 2
babj-jgc 1
963
1
ghb-jgd 3
964
5
gbf-jge 2
bagf-jge 2
dda-jge 2
bedj-jge 3
bcgj-jge 3
965
5
hhj-jgf 2
i-jgf 3
fjd-jgf 1
bhg-jgf 1
fbf-jgf 2
966
3
heh-jgg 2
bajc-jgg 3
cfd-jgg 2
967
2
dfc-jgh 3
jcb-jgh 3
968
2
gjf-jgi 2
iae-jgi 3
970
4
bea-jha 1
jia-jha 1
efh-jha 3
ghd-jha 3
971
1
ejg-jhb 2
972
4
hei-jhc 1
ced-jhc 3
gga-jhc 1
eej-jhc 2
973
2
gba-jhd 2
geb-jhd 3
974
3
jae-jhe 1
jih-jhe 3
bbai-jhe 3
975
4
behe-jhf 3
fch-jhf 3
gid-jhf 3
bajj-jhf 2
976
2
fbi-jhg 1
hde-jhg 2
977
2
gab-jhh 1
bfia-jhh 1
978
3
fca-jhi 3
bagi-jhi 3
bcj-jhi 2
979
1
eei-jhj 1
980
7
baac-jia 2
bje-jia 1
baca-jia 2
bded-jia 2
ddg-jia 3
hdd-jia 3
ecc-jia 1
981
4
iac-jib 1
bab-jib 3
gda-jib 2
bjf-jib 1
982
2
hff-jic 2
igj-jic 2
983
4
cag-jid 2
bgfj-jid 1
bdgd-jid 1
jff-jid 2
984
3
cij-jie 1
baih-jie 2
hdb-jie 3
985
4
bb-jif 3
dge-jif 2
hah-jif 3
bdih-jif 1
986
3
bbe-jig 2
bafi-jig 2
gha-jig 2
987
3
bfa-jih 1
jhi-jih 1
gfi-jih 1
988
3
bjh-jii 2
ddf-jii 3
cei-jii 3
989
1
ge-jij 2
990
1
idh-jja 3
991
6
cjc-jjb 2
ihg-jjb 2
ieg-jjb 1
hja-jjb 2
bdi-jjb 2
jif-jjb 3
992
2
jbg-jjc 1
bcgb-jjc 2
993
1
daj-jjd 1
994
5
ej-jje 3
hdd-jje 2
badd-jje 3
bbcg-jje 1
baig-jje 1
995
2
ccf-jjf 3
hja-jjf 1
996
2
efa-jjg 2
gfc-jjg 2
997
1
geh-jjh 3
998
2
hef-jji 1
j-jji 1
999
3
bcci-jjj 3
baea-jjj 1
edg-jjj 1
1000
1
fgi-baaa 2
1001
5
ifd-baab 3
efi-baab 1
bc-baab 2
jeg-baab 3
bbdf-baab 1
1002
2
hig-baac 1
jbh-baac 1
1003
4
bbbh-baad 1
ehj-baad 3
ceb-baad 3
jcd-baad 2
1004
2
dib-baae 3
eje-baae 2
1005
2
baae-baaf 1
bdej-baaf 2
1006
5
cdc-baag 2
fc-baag 2
jci-baag 1
ffj-baag 3
beja-baag 1
1007
2
baef-baah 2
jab-baah 3
1008
4
dgd-baai 1
baha-baai 1
igj-baai 3
bacb-baai 3
1010
5
haj-baba 2
dfi-baba 1
bbfb-baba 3
ehi-baba 3
jdf-baba 1
1011
3
edh-babb 3
djh-babb 2
ggi-babb 1
1012
5
jga-babc 3
ege-babc 2
baif-babc 1
beag-babc 1
if-babc 1
1013
3
gec-babd 1
dfe-babd 2
bddi-babd 3
1014
3
ebj-babe 3
ije-babe 3
dbj-babe 1
1015
2
begj-babf 1
ceg-babf 1
1016
3
bdhd-babg 1
bbdj-babg 2
beba-babg 1
1017
2
cbg-babh 2
baia-babh 2
1018
3
cdb-babi 2
baij-babi 1
gd-babi 1
1019
3
bbcg-babj 1
fdc-babj 2
bfib-babj 2
1020
1
igh-baca 2
1021
6
jce-bacb 3
heb-bacb 2
jhb-bacb 3
bcje-bacb 3
jg-bacb 3
bgbj-bacb 1
1022
3
feg-bacc 3
hbc-bacc 3
gdb-bacc 2
1023
1
jgf-bacd 1
1024
1
bbcd-bace 1
1025
1
ifd-bacf 3
1026
2
bgdb-bacg 3
cja-bacg 3
1027
3
baag-bach 2
bih-bach 1
fdd-bach 1
1028
2
ejc-baci 3
egi-baci 1
1029
3
ib-bacj 2
iha-bacj 1
bada-bacj 3
1030
4
bbcf-bada 1
gdb-bada 2
ecj-bada 3
hej-bada 3
1031
3
dcd-badb 2
bdf-badb 3
bddf-badb 2
1032
3
hfg-badc 2
ifg-badc 2
cad-badc 1
1033
3
bcac-badd 3
gh-badd 1
jc-badd 2
1034
1
ega-bade 1
1035
1
fgh-badf 2
1036
2
jhi-badg 2
bbbf-badg 2
1037
1
bbgj-badh 3
1038
2
bbdi-badi 1
ghg-badi 3
1039
4
bjf-badj 3
ijj-badj 3
ff-badj 3
bbhf-badj 2
1040
3
hdd-baea 1
cid-baea 2
he-baea 3
1041
4
fd-baeb 3
bdcj-baeb 2
bbaf-baeb 1
iag-baeb 1
1042
5
hbg-baec 1
bcac-baec 2
jaa-baec 3
ccb-baec 2
jha-baec 2
1043
1
djc-baed 3
1045
4
bdbf-baef 2
fi-baef 3
gj-baef 1
efd-baef 2
1046
4
bcef-baeg 3
hhd-baeg 3
baic-baeg 2
jdc-baeg 2
1047
1
dfd-baeh 3
1048
4
bcig-baei 1
chj-baei 1
bhc-baei 1
bagg-baei 3
1049
4
bdij-baej 1
bdfj-baej 2
bbhh-baej 3
hih-baej 3
1050
5
hgc-bafa 2
dgj-bafa 3
cff-bafa 2
babe-bafa 2
jdj-bafa 3
1051
3
baah-bafb 2
gdg-bafb 2
bbbd-bafb 2
1052
4
jce-bafc 3
gfg-bafc 2
hii-bafc 3
bbef-bafc 3
1053
2
fei-bafd 2
cfa-bafd 1
1054
3
bgf-bafe 2
dhc-bafe 2
fdd-bafe 2
1055
2
hcj-baff 1
bfif-baff 2
1056
1
fdd-bafg 2
1057
1
jbd-bafh 2
1058
4
chi-bafi 3
bhj-bafi 2
bbgf-bafi 1
bag-bafi 2
1059
3
hef-bafj 1
bcag-bafj 3
gfi-bafj 2
1060
2
bbag-baga 2
ded-baga 2
1061
2
bcgd-bagb 2
fhb-bagb 2
1062
1
gie-bagc 1
1063
3
ibg-bagd 3
hgd-bagd 3
beg-bagd 2
1064
4
bbcj-bage 2
babh-bage 3
jfb-bage 1
jhf-bage 2
1065
2
bede-bagf 1
bgd-bagf 1
1066
5
hgb-bagg 3
fcb-bagg 1
baie-bagg 2
bbgh-bagg 3
jid-bagg 1
1067
6
cde-bagh 2
cgf-bagh 1
gje-bagh 1
jbd-bagh 2
ijg-bagh 1
eab-bagh 3
1068
3
ehh-bagi 2
bcac-bagi 3
ggh-bagi 2
1069
1
jhd-bagj 3
1070
2
bcgf-baha 3
bgcc-baha 1
1071
2
bgah-bahb 3
cgc-bahb 3
1072
1
hbg-bahc 1
1073
6
behd-bahd 1
bcgf-bahd 1
dbb-bahd 3
efa-bahd 3
dii-bahd 1
beij-bahd 2
1074
1
bcdi-bahe 3
1075
2
ffi-bahf 3
bagd-bahf 2
1076
2
bgc-bahg 1
gjc-bahg 2
1077
4
bahg-bahh 1
jab-bahh 3
bedg-bahh 2
hea-bahh 1
1078
4
hab-bahi 1
ceh-bahi 2
ghc-bahi 3
ia-bahi 3
1079
2
fbe-bahj 1
ghi-bahj 1
1080
3
gaf-baia 2
jif-baia 1
bgg-baia 2
1081
2
hih-baib 2
iac-baib 2
1082
3
bcgg-baic 3
iaa-baic 1
babi-baic 3
1083
2
ib-baid 2
bejd-baid 2
1084
5
bade-baie 1
chg-baie 2
iaf-baie 1
efc-baie 2
bai-baie 1
1085
1
jcb-baif 3
1086
4
hif-baig 3
edd-baig 3
ihc-baig 3
jgh-baig 3
1087
6
gcf-baih 1
eea-baih 3
bcej-baih 3
bbgd-baih 3
bcgf-baih 2
becj-baih 2
1088
2
ffj-baii 1
bbab-baii 2
1089
3
bha-baij 3
bfh-baij 2
ife-baij 2
1090
4
cgg-baja 3
bif-baja 3
cdh-baja 1
bcfj-baja 3
1091
3
ji-bajb 2
bafj-bajb 2
bdfg-bajb 1
1092
3
bbae-bajc 3
hih-bajc 1
dhb-bajc 2
1093
4
hha-bajd 2
bfjc-bajd 3
hhg-bajd 1
edc-bajd 3
1094
4
bdab-baje 1
hhe-baje 1
iej-baje 1
gfi-baje 1
1095
5
bcje-bajf 2
jeb-bajf 2
bbgi-bajf 3
eca-bajf 2
jcd-bajf 1
1096
2
cgf-bajg 1
fi-bajg 1
1097
2
hba-bajh 1
bia-bajh 2
1098
2
bhf-baji 1
baje-baji 1
1099
3
eci-bajj 3
bajf-bajj 3
ejh-bajj 1
1100
3
ghb-bbaa 1
bcfa-bbaa 1
beeg-bbaa 1
1101
2
cde-bbab 2
bbfc-bbab 1
1102
4
bejd-bbac 3
fed-bbac 2
iif-bbac 2
dce-bbac 3
1103
2
bbag-bbad 1
jbh-bbad 3
1104
6
bgba-bbae 3
hg-bbae 3
gid-bbae 2
gc-bbae 2
eah-bbae 2
bcfc-bbae 3
1105
2
hhg-bbaf 2
eff-bbaf 1
1106
1
gff-bbag 2
1107
4
beci-bbah 1
fhe-bbah 2
cja-bbah 1
bfjh-bbah 3
1108
2
bhj-bbai 3
bdch-bbai 3
1109
1
ich-bbaj 1
1110
5
hde-bbba 2
babb-bbba 2
jid-bbba 1
hdb-bbba 3
cgd-bbba 3
1111
1
hed-bbbb 2
1113
3
bgab-bbbd 3
bbh-bbbd 1
baec-bbbd 3
1114
3
dhj-bbbe 2
bccj-bbbe 2
bcc-bbbe 2
1115
2
faj-bbbf 1
cef-bbbf 2
1116
3
icb-bbbg 2
ief-bbbg 3
baci-bbbg 3
1117
2
ehg-bbbh 3
bagc-bbbh 3
1118
2
gee-bbbi 3
bac-bbbi 1
1119
3
bgdj-bbbj 1
big-bbbj 1
bahe-bbbj 1
1120
2
jcc-bbca 2
bdd-bbca 1
1121
6
fbc-bbcb 1
djj-bbcb 2
jfd-bbcb 3
hih-bbcb 3
ccc-bbcb 3
iee-bbcb 2
1122
2
hbd-bbcc 2
bgf-bbcc 2
1123
3
baii-bbcd 2
gje-bbcd 2
jjd-bbcd 3
1124
2
gde-bbce 3
iff-bbce 2
1125
2
fhc-bbcf 1
bbae-bbcf 1
1126
3
bdid-bbcg 3
ccj-bbcg 3
fcg-bbcg 2
1127
1
icb-bbch 1
1128
2
bie-bbci 2
babh-bbci 2
1129
2
hee-bbcj 3
bbbb-bbcj 2
1130
3
jde-bbda 1
bbji-bbda 1
ehh-bbda 3
1131
5
ifa-bbdb 2
bbf-bbdb 1
hjj-bbdb 1
idc-bbdb 2
bfdj-bbdb 3
1132
1
jh-bbdc 1
1133
5
gid-bbdd 2
fgh-bbdd 1
beb-bbdd 3
eii-bbdd 3
bci-bbdd 1
1134
1
jif-bbde 1
1135
3
gbi-bbdf 1
gbc-bbdf 1
baed-bbdf 2
1136
3
bid-bbdg 1
bhc-bbdg 1
bgdc-bbdg 3
1137
3
eef-bbdh 2
bcjd-bbdh 2
ghb-bbdh 3
1138
3
baee-bbdi 2
bcba-bbdi 1
hbh-bbdi 2
1139
1
ghi-bbdj 1
1140
3
cga-bbea 1
dfh-bbea 2
df-bbea 3
1141
5
bffc-bbeb 1
bbde-bbeb 3
bbae-bbeb 2
ji-bbeb 2
ihd-bbeb 1
1142
2
cai-bbec 2
bcie-bbec 3
1143
1
jc-bbed 1
1144
2
bdee-bbee 2
gcj-bbee 1
1145
4
fjf-bbef 2
ce-bbef 1
badd-bbef 3
fjb-bbef 2
1146
3
eca-bbeg 2
bgbc-bbeg 1
bcjg-bbeg 3
1147
1
eg-bbeh 3
1148
2
gej-bbei 3
eif-bbei 1
1149
3
fja-bbej 3
fci-bbej 2
bcbb-bbej 2
1150
2
bacc-bbfa 1
jf-bbfa 1
1151
5
baji-bbfb 3
bdah-bbfb 2
fgd-bbfb 2
bbgg-bbfb 3
ghj-bbfb 2
1152
2
bfej-bbfc 1
ibh-bbfc 2
1153
4
ebc-bbfd 3
bdcj-bbfd 3
bdje-bbfd 1
eaa-bbfd 2
1154
2
chg-bbfe 3
bbgi-bbfe 1
1155
6
jig-bbff 1
hg-bbff 3
bdjd-bbff 3
ihi-bbff 3
dbh-bbff 1
fcc-bbff 3
1156
4
fea-bbfg 3
bcjh-bbfg 1
bfee-bbfg 3
eee-bbfg 3
1157
3
gec-bbfh 2
bbjg-bbfh 1
efd-bbfh 2
1158
3
bbej-bbfi 1
bace-bbfi 1
bfhb-bbfi 1
1159
4
cje-bbfj 2
ifc-bbfj 2
cbc-bbfj 2
babh-bbfj 1
1160
2
jbc-bbga 2
eji-bbga 3
1161
4
iic-bbgb 1
jff-bbgb 2
hi-bbgb 3
hgd-bbgb 2
1162
1
bafa-bbgc 1
1163
1
bgag-bbgd 3
1164
4
ihg-bbge 3
bbff-bbge 3
eb-bbge 1
ddd-bbge 3
1165
1
fcj-bbgf 2
1166
4
bcde-bbgg 2
ca-bbgg 3
bdai-bbgg 3
gfh-bbgg 2
1167
1
bbei-bbgh 2
1168
4
jgi-bbgi 3
bfi-bbgi 2
bdgi-bbgi 3
jab-bbgi 1
1169
4
bbcj-bbgj 1
eah-bbgj 1
hjc-bbgj 3
bejh-bbgj 3
1170
2
fbe-bbha 1
begi-bbha 2
1171
2
iec-bbhb 1
djd-bbhb 2
1172
3
cbh-bbhc 1
bca-bbhc 2
jdi-bbhc 3
1173
4
bced-bbhd 1
j-bbhd 1
bdb-bbhd 3
ece-bbhd 1
1174
4
fh-bbhe 2
gfe-bbhe 1
bbgb-bbhe 1
id-bbhe 2
1175
3
baif-bbhf 2
bfec-bbhf 1
dia-bbhf 1
1177
2
beee-bbhh 2
bcjf-bbhh 2
1178
2
bfge-bbhi 3
hgi-bbhi 1
1179
1
c-bbhj 1
1180
3
ij-bbia 3
ei-bbia 1
edb-bbia 1
1181
1
bdi-bbib 3
1182
2
iab-bbic 3
befc-bbic 2
1183
1
bbdd-bbid 1
1184
3
bbhj-bbie 3
def-bbie 3
dee-bbie 2
1185
2
dcj-bbif 3
bij-bbif 1
1186
1
cig-bbig 1
1187
2
bfd-bbih 2
gc-bbih 3
1188
2
bfgf-bbii 1
jhc-bbii 3
1189
3
cdd-bbij 3
bbdf-bbij 2
beci-bbij 3
1190
2
bacb-bbja 1
fec-bbja 2
1191
2
ffj-bbjb 1
gje-bbjb 2
1192
2
ii-bbjc 3
bbha-bbjc 1
1193
1
jig-bbjd 1
1194
1
cbd-bbje 2
1195
4
jbg-bbjf 2
dji-bbjf 1
fcj-bbjf 2
haj-bbjf 2
1196
3
bagj-bbjg 1
bbfe-bbjg 2
hjb-bbjg 1
1197
2
bcjb-bbjh 3
jih-bbjh 3
1198
3
ijh-bbji 3
bch-bbji 1
hhi-bbji 3
1199
1
cig-bbjj 3
1200
2
bbie-bcaa 3
bgb-bcaa 2
1201
4
dfi-bcab 3
gce-bcab 3
bchi-bcab 2
jjj-bcab 1
1202
3
fa-bcac 1
had-bcac 2
hac-bcac 3
1203
3
hcd-bcad 2
bdf-bcad 1
bgcb-bcad 1
1204
2
bdaj-bcae 1
ibg-bcae 3
1205
3
bbha-bcaf 2
jh-bcaf 1
bcda-bcaf 2
1206
2
bgch-bcag 3
babb-bcag 3
1207
1
eed-bcah 3
1208
1
bbcj-bcai 2
1209
1
bbji-bcaj 3
1210
2
gfc-bcba 1
ejb-bcba 1
1211
3
hag-bcbb 1
die-bcbb 1
bdbj-bcbb 3
1212
5
bafj-bcbc 3
bcij-bcbc 1
dbe-bcbc 3
bbai-bcbc 1
ef-bcbc 1
1213
1
baca-bcbd 1
1214
2
gda-bcbe 1
bdd-bcbe 1
1215
2
igc-bcbf 2
bged-bcbf 2
1216
3
dbh-bcbg 2
behc-bcbg 1
iea-bcbg 1
1218
3
bfcf-bcbi 1
jdd-bcbi 3
jcf-bcbi 3
1219
3
hjj-bcbj 2
hgc-bcbj 3
bcch-bcbj 3
1220
3
behj-bcca 3
jfe-bcca 3
fb-bcca 1
1221
3
cid-bccb 3
bcag-bccb 2
egb-bccb 3
1223
3
bfed-bccd 3
behg-bccd 1
ced-bccd 2
1224
2
eci-bcce 2
iib-bcce 1
1225
2
bajb-bccf 3
bfhd-bccf 3
1226
2
badf-bccg 3
begg-bccg 3
1227
1
hjg-bcch 1
1228
2
bcae-bcci 3
hjd-bcci 3
1229
5
dci-bccj 3
gbe-bccj 1
hci-bccj 1
cfg-bccj 3
bg-bccj 1
1230
3
ijd-bcda 1
beii-bcda 1
dh-bcda 2
1231
3
bddd-bcdb 2
baci-bcdb 1
bbeb-bcdb 1
1232
4
bcj-bcdc 3
ghb-bcdc 2
bfga-bcdc 3
bccd-bcdc 3
1233
3
bdid-bcdd 1
bbfh-bcdd 2
bagh-bcdd 3
1234
5
baji-bcde 2
beje-bcde 2
cba-bcde 1
gic-bcde 2
bcha-bcde 1
1235
1
bbef-bcdf 1
1236
3
chc-bcdg 1
hjc-bcdg 1
jje-bcdg 2
1237
2
bchf-bcdh 2
faf-bcdh 2
1238
3
becb-bcdi 3
hee-bcdi 1
cfg-bcdi 2
1239
1
fdb-bcdj 1
1240
1
becb-bcea 2
1241
1
idj-bceb 1
1242
1
dgj-bcec 2
1243
1
bcjd-bced 1
1244
6
bdja-bcee 2
ejh-bcee 2
iai-bcee 2
ffd-bcee 3
gdf-bcee 1
bdca-bcee 1
1245
2
fbb-bcef 1
fbj-bcef 1
1246
1
cca-bceg 3
1247
4
bdae-bceh 2
bge-bceh 2
fab-bceh 1
bbdf-bceh 2
1248
1
bci-bcei 2
1249
3
ef-bcej 1
gif-bcej 2
jfh-bcej 2
1250
2
jfh-bcfa 2
djh-bcfa 2
1252
1
cig-bcfc 1
1253
3
jeh-bcfd 3
idg-bcfd 3
beie-bcfd 2
1254
1
jh-bcfe 1
1255
4
begg-bcff 3
hfh-bcff 2
iie-bcff 3
ddd-bcff 2
1256
2
bcje-bcfg 1
fjj-bcfg 3
1257
1
egd-bcfh 1
1258
1
ihe-bcfi 3
1259
4
ibc-bcfj 2
cig-bcfj 2
jii-bcfj 1
bchb-bcfj 3
1260
1
ghc-bcga 1
1261
2
jae-bcgb 3
eai-bcgb 3
1262
2
bahc-bcgc 3
beih-bcgc 3
1263
1
gba-bcgd 1
1264
2
bgh-bcge 2
baih-bcge 3
1265
1
bbga-bcgf 3
1266
2
bfhf-bcgg 2
beej-bcgg 3
1267
2
cbj-bcgh 2
bdjg-bcgh 3
1268
4
bfh-bcgi 3
bge-bcgi 3
fca-bcgi 2
hce-bcgi 2
1269
3
beae-bcgj 2
bdbg-bcgj 3
bfci-bcgj 3
1270
2
deh-bcha 1
dgg-bcha 1
1271
2
hhd-bchb 1
bdfj-bchb 2
1272
2
cej-bchc 3
bdb-bchc 2
1273
2
bdaf-bchd 3
jbd-bchd 2
1274
2
becg-bche 2
gcd-bche 3
1275
2
hdj-bchf 2
bfag-bchf 3
1276
4
bebi-bchg 1
idc-bchg 1
hga-bchg 2
hhj-bchg 2
1277
5
bcjb-bchh 2
hhi-bchh 3
bbij-bchh 2
cjb-bchh 2
bcjj-bchh 2
1278
2
ifh-bchi 1
bcdj-bchi 2
1279
1
jcd-bchj 3
1280
5
hhg-bcia 2
ibc-bcia 3
bgec-bcia 2
baid-bcia 2
hid-bcia 1
1281
4
bfgd-bcib 3
bdcc-bcib 3
bje-bcib 1
dde-bcib 3
1284
2
eic-bcie 3
bbgh-bcie 1
1285
2
bdjb-bcif 2
jhh-bcif 3
1286
1
fae-bcig 1
1287
1
cae-bcih 3
1288
3
jeh-bcii 3
cga-bcii 3
bafh-bcii 1
1289
1
ebd-bcij 2
1290
3
bbfi-bcja 3
hhd-bcja 2
ica-bcja 2
1291
2
bcaa-bcjb 3
dba-bcjb 3
1292
2
bbaf-bcjc 2
bbdg-bcjc 2
1293
1
hdf-bcjd 1
1294
1
bbfh-bcje 2
1295
4
fda-bcjf 1
bedc-bcjf 1
bdjc-bcjf 3
dde-bcjf 2
1296
2
jce-bcjg 3
eii-bcjg 3
1297
1
dch-bcjh 1
1298
2
dg-bcji 1
ida-bcji 1
1299
2
bfgi-bcjj 2
fig-bcjj 3
1300
3
eba-bdaa 1
edh-bdaa 3
gcj-bdaa 1
1301
2
iji-bdab 1
bdib-bdab 3
1302
2
gba-bdac 3
cgb-bdac 1
1303
3
jdi-bdad 2
ch-bdad 1
dja-bdad 1
1304
2
bahi-bdae 3
bbif-bdae 1
1305
1
ga-bdaf 2
1306
1
badg-bdag 1
1307
2
ibd-bdah 2
beeg-bdah 2
1308
2
bajh-bdai 2
baij-bdai 2
1309
2
je-bdaj 1
hed-bdaj 1
1310
1
bbch-bdba 3
1311
1
jeh-bdbb 2
1312
1
bcgf-bdbc 2
1314
1
hh-bdbe 2
1315
1
hf-bdbf 2
1316
3
bfii-bdbg 3
ddc-bdbg 1
hdj-bdbg 3
1317
1
jhg-bdbh 1
1318
2
bfbc-bdbi 3
dbc-bdbi 1
1319
4
gid-bdbj 2
jfa-bdbj 3
dhe-bdbj 1
bbci-bdbj 3
1320
1
fej-bdca 2
1321
2
ibj-bdcb 1
cii-bdcb 1
1322
2
iig-bdcc 3
bdhf-bdcc 1
1323
2
bdgd-bdcd 3
bbcb-bdcd 2
1324
1
jfc-bdce 1
1325
1
faa-bdcf 3
1326
1
bce-bdcg 2
1327
2
hgc-bdch 2
cac-bdch 1
1328
1
ci-bdci 3
1329
2
feb-bdcj 1
jjc-bdcj 3
1330
2
bebj-bdda 2
efh-bdda 3
1331
1
bbbg-bddb 1
1333
2
bcbf-bddd 1
daa-bddd 3
1334
1
bid-bdde 2
1335
3
gig-bddf 1
bbcc-bddf 1
bbbg-bddf 1
1336
1
badj-bddg 1
1337
1
bffa-bddh 2
1338
1
fjg-bddi 2
1339
3
bj-bddj 2
bcaf-bddj 1
bbbe-bddj 1
1340
1
dc-bdea 2
1341
2
bdif-bdeb 3
jaf-bdeb 2
1342
4
bfaf-bdec 2
bfeg-bdec 2
ida-bdec 1
cca-bdec 1
1343
2
befd-bded 3
bbbi-bded 1
1344
3
cgc-bdee 1
gii-bdee 2
bcie-bdee 1
1345
2
bbeg-bdef 2
hbe-bdef 3
1346
3
bgfb-bdeg 1
hdh-bdeg 3
iai-bdeg 1
1347
2
cfc-bdeh 2
ecj-bdeh 2
1348
1
bccd-bdei 3
1349
2
jag-bdej 2
bfaa-bdej 2
1350
3
jjf-bdfa 1
hdb-bdfa 3
bje-bdfa 3
1351
2
icf-bdfb 3
ijg-bdfb 2
1352
1
hdc-bdfc 2
1353
2
efb-bdfd 2
bec-bdfd 3
1354
2
bfeg-bdfe 3
gdf-bdfe 2
1355
1
jga-bdff 3
1356
2
bdic-bdfg 1
bib-bdfg 2
1357
2
bacc-bdfh 3
bege-bdfh 1
1358
2
becc-bdfi 3
jcf-bdfi 1
1359
2
hae-bdfj 1
bbjf-bdfj 2
1360
4
bafa-bdga 2
ehh-bdga 3
ihf-bdga 2
begc-bdga 3
1361
3
fca-bdgb 3
hig-bdgb 2
bead-bdgb 2
1362
2
bcbd-bdgc 3
eba-bdgc 2
1363
2
gbc-bdgd 3
gga-bdgd 3
1364
1
baej-bdge 3
1365
2
bfbe-bdgf 1
fcc-bdgf 3
1366
1
fbh-bdgg 2
1367
2
eea-bdgh 1
ghj-bdgh 1
1368
2
bdjb-bdgi 1
bdj-bdgi 3
1369
2
hhh-bdgj 2
bgdi-bdgj 1
1370
3
gfj-bdha 1
daj-bdha 1
behi-bdha 2
1371
2
haf-bdhb 2
hbh-bdhb 1
1372
2
bahg-bdhc 1
jei-bdhc 3
1373
2
bcbg-bdhd 2
bae-bdhd 3
1374
4
ecc-bdhe 3
baia-bdhe 2
bagb-bdhe 2
jjj-bdhe 1
1375
2
bfae-bdhf 1
bcdh-bdhf 3
1376
1
efd-bdhg 2
1377
1
bdfd-bdhh 1
1378
3
hb-bdhi 1
ihe-bdhi 3
ccf-bdhi 3
1379
1
iah-bdhj 2
1380
2
bgff-bdia 2
jgg-bdia 1
1381
1
bcfi-bdib 1
1382
1
hhg-bdic 1
1383
1
beh-bdid 2
1384
1
igc-bdie 1
1385
2
f-bdif 1
fgc-bdif 2
1386
1
bdge-bdig 2
1387
1
ijf-bdih 3
1388
2
cch-bdii 3
fbg-bdii 3
1389
1
fbg-bdij 1
1390
2
bdeb-bdja 1
bbhb-bdja 1
1391
1
bchd-bdjb 2
1392
2
ifh-bdjc 3
bfbb-bdjc 3
1393
1
eca-bdjd 1
1394
3
bacj-bdje 3
bbjb-bdje 3
cge-bdje 3
1395
1
jig-bdjf 3
1396
1
bdef-bdjg 1
1397
2
bfdf-bdjh 2
baj-bdjh 2
1398
1
egb-bdji 2
1399
2
cb-bdjj 3
bccf-bdjj 1
1400
2
bcfj-beaa 3
eeb-beaa 2
1401
2
baai-beab 1
bdde-beab 2
1403
2
bafg-bead 2
bib-bead 1
1404
1
bdch-beae 3
1405
1
geb-beaf 3
1406
1
cci-beag 3
1407
3
jie-beah 3
bche-beah 2
bgfc-beah 3
1408
1
ida-beai 3
1409
2
bcea-beaj 2
dea-beaj 2
1410
2
bbf-beba 1
bbcb-beba 1
1411
1
bgf-bebb 3
1412
1
bbah-bebc 1
1413
2
babc-bebd 1
bejj-bebd 2
1414
1
bccd-bebe 1
1415
2
ghb-bebf 2
bbfj-bebf 2
1416
1
idj-bebg 1
1417
2
bbgc-bebh 2
dag-bebh 3
1418
1
fad-bebi 3
1419
1
bbec-bebj 2
1420
2
jjf-beca 2
ddg-beca 1
1421
3
bcg-becb 2
jed-becb 2
bfbj-becb 2
1422
2
haf-becc 2
bcc-becc 1
1423
2
fba-becd 3
bbii-becd 1
1424
1
fii-bece 1
1425
2
hce-becf 3
fed-becf 2
1426
1
bagi-becg 2
1427
1
dfj-bech 2
1428
1
bbgj-beci 1
1429
2
bdbi-becj 1
hec-becj 3
1430
3
bfhh-beda 3
bc-beda 2
cbd-beda 1
1431
1
bebd-bedb 2
1432
2
bfaj-bedc 2
baic-bedc 3
1433
1
ceg-bedd 2
1434
2
hf-bede 2
bbda-bede 1
1435
2
ebh-bedf 3
djf-bedf 1
1436
1
jbg-bedg 1
1437
2
baha-bedh 1
bgai-bedh 1
1438
2
bfba-bedi 2
iib-bedi 3
1439
1
igd-bedj 1
1441
2
hcf-beeb 3
bbee-beeb 2
1442
1
jba-beec 1
1443
3
dgj-beed 2
becd-beed 1
bfih-beed 2
1444
2
hhc-beee 3
eff-beee 3
1445
2
hhf-beef 2
icf-beef 1
1446
3
befc-beeg 1
he-beeg 1
bdeb-beeg 1
1447
1
bdgc-beeh 1
1448
1
bdcg-beei 1
1449
1
cge-beej 2
1450
2
cbc-befa 3
ebe-befa 3
1451
1
babd-befb 3
1452
1
bchf-befc 3
1453
3
iia-befd 3
chj-befd 3
dci-befd 2
1454
1
fif-befe 1
1455
2
hc-beff 1
fid-beff 1
1456
1
bah-befg 2
1457
1
heh-befh 3
1458
1
bahf-befi 3
1459
1
bdgc-befj 1
1460
1
gca-bega 2
1461
1
iie-begb 2
1462
2
ghf-begc 1
bgad-begc 1
1463
1
bdgi-begd 3
1464
2
bdci-bege 1
babb-bege 3
1466
2
ifb-begg 3
bfai-begg 3
1467
1
eac-begh 2
1468
1
cff-begi 3
1469
2
eef-begj 2
bbfb-begj 1
1470
3
bebd-beha 2
hcj-beha 2
cji-beha 2
1471
1
bfdh-behb 2
1472
1
ifa-behc 2
1473
1
eda-behd 2
1474
3
baja-behe 1
ihd-behe 1
bgaa-behe 2
1475
1
hdf-behf 2
1476
1
iei-behg 3
1477
1
bcgg-behh 2
1478
2
bjh-behi 2
bgde-behi 1
1479
2
ihb-behj 3
dcd-behj 1
1480
1
ffd-beia 3
1481
1
bdaj-beib 2
1482
3
bbb-beic 3
ec-beic 3
dg-beic 1
1483
2
iai-beid 3
bdje-beid 1
1485
3
gab-beif 2
hfb-beif 1
cii-beif 2
1486
2
baf-beig 3
bedd-beig 3
1487
2
dcc-beih 3
ijd-beih 3
1488
1
cbe-beii 2
1489
2
bah-beij 3
che-beij 2
1490
1
cid-beja 2
1491
1
bace-bejb 2
1493
1
badc-bejd 2
1494
1
baag-beje 3
1495
1
jhi-bejf 1
1496
2
bcag-bejg 1
cha-bejg 1
1497
1
bdaa-bejh 2
1498
1
ifa-beji 3
1499
1
cdg-bejj 2
1500
2
bhf-bfaa 2
ccd-bfaa 2
1501
1
fbi-bfab 3
1503
1
jhc-bfad 2
1504
3
ecc-bfae 2
bfah-bfae 3
bai-bfae 1
1505
2
bedh-bfaf 1
hbb-bfaf 2
1506
2
bdad-bfag 1
jai-bfag 2
1507
1
jbf-bfah 2
1508
1
bcaj-bfai 1
1509
1
bcjd-bfaj 3
1510
1
bdgg-bfba 1
1511
1
hda-bfbb 3
1512
1
ijd-bfbc 2
1513
3
bbjd-bfbd 3
dcg-bfbd 1
fia-bfbd 3
1514
1
behh-bfbe 2
1515
2
efe-bfbf 3
bdga-bfbf 3
1516
1
hih-bfbg 2
1518
1
jjc-bfbi 2
1519
1
beif-bfbj 3
1520
1
ghc-bfca 3
1521
3
gfa-bfcb 1
gaj-bfcb 3
bbba-bfcb 1
1522
1
gga-bfcc 1
1523
3
ggc-bfcd 2
bdbj-bfcd 2
bcdc-bfcd 2
1524
1
jh-bfce 1
1525
1
bca-bfcf 2
1526
3
bgdj-bfcg 1
cjc-bfcg 3
bfgg-bfcg 2
1527
1
bafe-bfch 2
1528
1
fjb-bfci 2
1529
2
dif-bfcj 1
gh-bfcj 2
1530
2
bgce-bfda 3
baai-bfda 3
1531
1
iih-bfdb 3
1532
1
bfbc-bfdc 1
1534
1
jgf-bfde 1
1535
1
ddf-bfdf 2
1536
1
bdfi-bfdg 2
1537
1
bdec-bfdh 3
1538
2
ihc-bfdi 2
fgc-bfdi 2
1539
2
bddd-bfdj 2
dgg-bfdj 3
1540
1
jdg-bfea 2
1541
1
ggf-bfeb 3
1542
2
edg-bfec 2
bdge-bfec 3
1543
2
iia-bfed 3
iea-bfed 1
1544
2
dae-bfee 1
fhi-bfee 1
1545
4
bgaf-bfef 3
ied-bfef 3
faa-bfef 2
bgda-bfef 3
1546
1
dfb-bfeg 1
1547
1
fdc-bfeh 2
1548
1
cbf-bfei 3
1549
1
bdia-bfej 1
1550
1
iab-bffa 1
1551
1
bda-bffb 1
1552
1
iai-bffc 1
1553
1
egi-bffd 3
1555
1
becg-bfff 1
1556
1
gci-bffg 2
1557
1
ghi-bffh 2
1558
1
ed-bffi 1
1559
1
eda-bffj 3
1560
2
bfj-bfga 1
dcg-bfga 2
1561
2
beif-bfgb 3
bcfj-bfgb 3
1562
1
bdac-bfgc 1
1563
1
ihj-bfgd 1
1564
1
chj-bfge 3
1565
2
bgga-bfgf 3
eig-bfgf 2
1566
1
ec-bfgg 2
1567
1
bbie-bfgh 3
1568
3
fea-bfgi 3
bgej-bfgi 1
bgee-bfgi 3
1570
1
cga-bfha 1
1571
1
bhg-bfhb 3
1572
1
dgd-bfhc 2
1573
1
bdgb-bfhd 2
1574
1
bfi-bfhe 1
1575
2
jjj-bfhf 1
ded-bfhf 2
1576
2
bfhi-bfhg 1
ibi-bfhg 1
1577
1
ibh-bfhh 2
1578
1
ice-bfhi 2
1579
2
bejj-bfhj 1
gih-bfhj 1
1580
1
df-bfia 1
1581
1
bdca-bfib 1
1582
2
igc-bfic 2
bgfg-bfic 2
1583
1
hfa-bfid 1
1584
1
ceh-bfie 3
1585
2
caa-bfif 3
dfi-bfif 3
1587
1
cif-bfih 2
1588
2
edc-bfii 1
hjg-bfii 1
1589
1
gih-bfij 1
1590
1
bie-bfja 1
1591
1
icj-bfjb 2
1592
1
bej-bfjc 1
1593
1
bajd-bfjd 3
1594
1
bfba-bfje 2
1595
1
cdg-bfjf 3
1596
1
bdej-bfjg 3
1597
1
bcga-bfjh 2
1599
1
hhg-bfjj 1
1600
1
bcdd-bgaa 1
1601
1
fga-bgab 3
1602
1
babg-bgac 1
1603
1
bdba-bgad 2
1604
1
bajd-bgae 2
1605
1
beab-bgaf 1
1606
1
bed-bgag 3
1607
1
bdhi-bgah 2
1608
1
baji-bgai 3
1609
1
egb-bgaj 3
1610
1
ddd-bgba 2
1611
1
dib-bgbb 1
1612
1
bba-bgbc 2
1613
2
bfje-bgbd 1
bfb-bgbd 3
1614
1
bfhe-bgbe 3
1615
1
bbfa-bgbf 2
1616
1
dff-bgbg 1
1617
2
ece-bgbh 2
bgfh-bgbh 3
1618
1
bfjc-bgbi 1
1619
1
cbj-bgbj 2
1620
1
hjh-bgca 2
1621
1
icd-bgcb 1
1622
2
dga-bgcc 3
bdbe-bgcc 2
1624
1
bacd-bgce 2
1625
1
cib-bgcf 3
1626
1
cba-bgcg 1
1627
1
cga-bgch 1
1628
2
hje-bgci 2
bda-bgci 2
1629
1
beeg-bgcj 1
1630
1
bcai-bgda 1
1631
1
jdd-bgdb 1
1632
1
gbb-bgdc 1
1633
3
ede-bgdd 1
bffd-bgdd 3
bhf-bgdd 1
1634
1
beic-bgde 1
1635
1
bbia-bgdf 1
1636
1
baf-bgdg 2
1637
1
hhh-bgdh 3
1638
2
bach-bgdi 2
jdi-bgdi 1
1639
1
jdb-bgdj 3
1640
1
bcia-bgea 2
1641
1
ega-bgeb 2
1642
2
bacg-bgec 1
djd-bgec 1
1643
1
behi-bged 1
1644
1
hjf-bgee 3
1645
1
fed-bgef 1
1646
1
baca-bgeg 2
1647
1
bece-bgeh 2
1648
1
bgca-bgei 1
1649
1
jej-bgej 1
1650
1
bddj-bgfa 3
1651
1
bhh-bgfb 2
1652
1
bfjg-bgfc 2
1653
2
ddb-bgfd 3
gif-bgfd 1
1654
1
bfcf-bgfe 3
1655
1
bcgh-bgff 3
1656
1
bce-bgfg 1
1657
1
bgbi-bgfh 2
1658
1
bie-bgfi 2
1659
1
eef-bgfj 3
1660
1
bdhi-bgga 3
1661
1
bdhg-bggb 1
