1628
0
1
cd-a 2
1
2
ehb-b 2
dab-b 1
2
3
dgc-c 3
fcd-c 3
dgj-c 2
3
6
cbd-d 2
bcb-d 2
bjg-d 2
hcj-d 2
ii-d 1
cd-d 2
4
1
hic-e 3
5
5
ff-f 1
bc-f 3
jcc-f 2
bdjf-f 3
jbb-f 2
6
5
eie-g 2
ehc-g 2
bedj-g 3
gic-g 2
iee-g 3
7
1
bfa-h 3
8
3
bahi-i 3
gie-i 1
geg-i 2
9
3
heg-j 2
ce-j 1
fbj-j 3
10
1
dhf-ba 1
11
7
bgf-bb 1
bcb-bb 3
bee-bb 2
bcef-bb 1
bae-bb 1
cd-bb 1
bcea-bb 1
12
5
ddf-bc 1
daa-bc 2
baid-bc 3
dgf-bc 1
ccj-bc 3
13
2
cch-bd 2
bejh-bd 2
14
4
beai-be 3
fec-be 3
babg-be 3
bbbj-be 3
15
1
hi-bf 1
16
6
bdii-bg 1
jf-bg 3
baae-bg 2
fib-bg 1
gge-bg 1
iag-bg 2
17
3
ihi-bh 3
bgeh-bh 1
hjd-bh 2
18
5
fic-bi 3
feh-bi 3
hej-bi 1
babg-bi 3
bc-bi 2
19
8
db-bj 1
hcj-bj 1
dhf-bj 2
bc-bj 1
dg-bj 1
ch-bj 3
cii-bj 3
bdbf-bj 3
20
4
gjh-ca 1
bai-ca 3
cd-ca 2
dfg-ca 2
21
3
edb-cb 2
did-cb 2
dcc-cb 2
22
4
ff-cc 2
dgf-cc 1
jgi-cc 3
badc-cc 1
23
6
gfa-cd 2
bhd-cd 2
ffb-cd 2
fae-cd 3
dbg-cd 3
bcaj-cd 3
24
3
ef-ce 3
jag-ce 1
jgf-ce 3
25
4
eac-cf 1
fhg-cf 2
def-cf 2
bbci-cf 2
26
6
hhc-cg 2
bd-cg 2
deb-cg 3
eh-cg 3
deg-cg 3
chb-cg 1
27
5
hch-ch 1
ddb-ch 1
jgg-ch 3
dji-ch 3
cd-ch 2
28
5
gbg-ci 1
hif-ci 3
bffg-ci 2
befi-ci 1
hfh-ci 2
29
3
fbi-cj 2
bfgd-cj 3
egd-cj 1
30
8
eej-da 3
bcei-da 3
ea-da 1
bhd-da 1
gda-da 1
fai-da 2
beib-da 3
bdf-da 1
31
6
bbde-db 2
bc-db 3
cd-db 2
gi-db 2
cbh-db 3
cfj-db 3
32
6
ifh-dc 1
ecg-dc 2
iej-dc 3
jbf-dc 2
bbgj-dc 1
iag-dc 1
34
2
bhe-de 2
eih-de 2
35
5
iei-df 2
ibf-df 3
gc-df 3
igi-df 1
bfgb-df 1
36
7
bgfe-dg 1
bcag-dg 2
cee-dg 2
bebe-dg 3
bcii-dg 1
bdfc-dg 3
hah-dg 1
37
4
hha-dh 1
db-dh 3
gcd-dh 1
bagf-dh 3
38
1
haf-di 1
39
2
cbh-dj 1
ef-dj 2
40
5
jjh-ea 3
cgg-ea 3
jff-ea 3
eee-ea 3
fda-ea 2
41
3
cdi-eb 2
bbfc-eb 2
hac-eb 2
42
5
ege-ec 3
cdc-ec 2
fc-ec 1
ci-ec 2
fi-ec 2
43
4
bcia-ed 3
bfdc-ed 2
eb-ed 3
ech-ed 3
44
3
cfb-ee 2
ejg-ee 3
bacc-ee 1
45
6
bgb-ef 3
bgd-ef 2
cih-ef 2
beeh-ef 1
cij-ef 2
ige-ef 3
46
4
bcd-eg 2
ffd-eg 1
cbg-eg 2
ggg-eg 1
47
5
bbfg-eh 1
bjb-eh 3
fdd-eh 1
bbei-eh 2
gdh-eh 3
48
4
jfj-ei 1
bbje-ei 3
bcjf-ei 3
cbh-ei 1
49
3
baig-ej 1
cd-ej 1
jia-ej 2
50
5
bcb-fa 1
jji-fa 3
bc-fa 3
dhe-fa 2
hg-fa 3
51
3
bcch-fb 2
dfa-fb 1
bdc-fb 2
52
5
eab-fc 1
bcj-fc 3
jb-fc 1
fif-fc 1
bfch-fc 3
53
1
dd-fd 2
54
1
jic-fe 3
55
7
bdcg-ff 1
bed-ff 1
cje-ff 2
bdf-ff 3
dbd-ff 1
gb-ff 2
ic-ff 1
56
1
bfaf-fg 2
57
6
bdb-fh 1
bejb-fh 1
jh-fh 1
jjd-fh 3
jie-fh 3
d-fh 1
58
3
fg-fi 2
hee-fi 2
bfdg-fi 2
59
7
bea-fj 2
dbg-fj 3
ddg-fj 2
bcha-fj 2
ff-fj 1
hfh-fj 2
ifd-fj 1
60
6
cg-ga 3
bi-ga 2
cih-ga 1
fga-ga 2
dac-ga 2
eah-ga 3
61
2
bbjc-gb 1
bbeb-gb 1
62
5
eie-gc 1
bga-gc 3
gge-gc 3
j-gc 2
bdfa-gc 2
63
5
daj-gd 2
bfgc-gd 3
icd-gd 1
cfj-gd 2
dai-gd 3
64
1
g-ge 3
65
1
cgh-gf 1
66
5
bfjf-gg 3
cdh-gg 3
jhg-gg 1
jdj-gg 3
idf-gg 2
67
1
bddh-gh 3
68
3
ch-gi 3
bcff-gi 1
cbe-gi 1
69
3
gjj-gj 2
baad-gj 2
edh-gj 3
70
3
bda-ha 2
ecc-ha 3
db-ha 2
71
2
iaa-hb 1
efh-hb 2
72
3
ejc-hc 1
dbf-hc 3
cif-hc 3
74
7
bcd-he 1
bgi-he 2
gig-he 3
hc-he 2
bcjc-he 1
gij-he 2
bebb-he 1
75
4
dah-hf 1
bdbc-hf 2
da-hf 1
hie-hf 1
76
4
cgj-hg 3
dfj-hg 3
gbd-hg 2
bja-hg 1
77
7
bjb-hh 3
jae-hh 1
bdh-hh 2
cae-hh 1
caa-hh 3
gcj-hh 2
beic-hh 3
78
3
ihf-hi 2
baec-hi 1
iba-hi 2
79
2
gfg-hj 1
jfc-hj 2
80
2
bfeh-ia 3
bdjd-ia 1
81
4
dea-ib 2
gia-ib 3
ghd-ib 3
dad-ib 3
82
2
bedh-ic 1
fdf-ic 2
83
4
ebd-id 1
eab-id 1
ej-id 3
gbg-id 1
84
4
haj-ie 3
fbb-ie 1
dej-ie 2
eeh-ie 1
85
2
bcge-if 1
bfce-if 3
86
1
baif-ig 3
87
3
cgh-ih 1
bcfj-ih 1
bba-ih 1
88
6
bgfi-ii 1
chf-ii 1
eig-ii 3
dgc-ii 1
bacd-ii 1
bacj-ii 1
89
4
ife-ij 2
dbi-ij 3
fbc-ij 1
bcd-ij 1
90
2
hij-ja 2
bei-ja 2
91
2
bhe-jb 3
bc-jb 3
92
6
gii-jc 1
fci-jc 3
bbjg-jc 2
babi-jc 2
hj-jc 2
gbe-jc 1
93
2
cae-jd 3
fhj-jd 1
94
6
bbi-je 2
bfgb-je 3
fcf-je 2
bfc-je 2
gdf-je 3
bi-je 3
95
3
dfc-jf 1
gbd-jf 2
iae-jf 3
96
3
ec-jg 2
daf-jg 1
beb-jg 2
97
6
ei-jh 2
hib-jh 2
dai-jh 2
bcbf-jh 1
ecj-jh 1
bbfg-jh 2
98
5
bccj-ji 1
idd-ji 1
gbe-ji 2
beaa-ji 2
bdjh-ji 1
99
3
fgf-jj 1
dej-jj 2
bcee-jj 2
100
4
efg-baa 1
fhg-baa 2
dig-baa 2
bfg-baa 2
101
4
chf-bab 1
jhg-bab 3
eic-bab 1
ede-bab 1
102
4
da-bac 3
bfe-bac 1
hj-bac 2
gja-bac 2
103
3
bha-bad 3
jid-bad 2
bfi-bad 2
104
4
cd-bae 3
ceg-bae 3
dgj-bae 1
bdga-bae 2
105
5
bcb-baf 1
bdbh-baf 3
cgb-baf 3
cj-baf 3
cbg-baf 1
106
6
ede-bag 2
bbfi-bag 1
dad-bag 1
fic-bag 2
bfce-bag 3
baab-bag 2
107
6
ifd-bah 1
ddf-bah 1
bbcc-bah 2
gjh-bah 2
deg-bah 3
hbf-bah 1
108
2
cfj-bai 2
bda-bai 1
109
6
eg-baj 3
bda-baj 3
ddb-baj 3
cjg-baj 1
db-baj 3
chf-baj 1
110
5
hi-bba 2
je-bba 2
fbe-bba 1
dic-bba 1
gdc-bba 3
111
4
d-bbb 1
edb-bbb 2
fdh-bbb 1
bdh-bbb 1
112
4
jje-bbc 2
chf-bbc 2
gbg-bbc 3
dgb-bbc 1
113
2
bja-bbd 3
gca-bbd 3
114
3
cb-bbe 1
ehd-bbe 2
cie-bbe 1
115
5
bej-bbf 3
bage-bbf 1
dfc-bbf 1
fj-bbf 1
bei-bbf 3
116
6
eba-bbg 2
iff-bbg 3
bbbj-bbg 3
cbd-bbg 3
gdc-bbg 3
eg-bbg 3
117
3
ehi-bbh 3
bacc-bbh 2
gjh-bbh 2
118
8
ib-bbi 3
cea-bbi 1
gfd-bbi 2
ige-bbi 3
beeh-bbi 2
bech-bbi 1
beb-bbi 2
cbb-bbi 2
119
5
baja-bbj 2
bbag-bbj 3
eh-bbj 1
ige-bbj 1
fag-bbj 2
120
6
cc-bca 2
eae-bca 3
gaf-bca 3
bae-bca 2
cji-bca 2
gae-bca 2
121
4
bbdg-bcb 2
bbgc-bcb 1
bdea-bcb 2
fba-bcb 3
122
5
bbab-bcc 2
bebg-bcc 2
jg-bcc 2
hgb-bcc 1
bbff-bcc 3
123
4
eed-bcd 1
jec-bcd 2
iie-bcd 3
ddj-bcd 3
124
8
fed-bce 3
gef-bce 1
bb-bce 1
ccc-bce 3
bagd-bce 2
edi-bce 3
gc-bce 3
bi-bce 1
125
4
ddj-bcf 2
gih-bcf 1
cea-bcf 2
deg-bcf 2
126
6
hcj-bcg 3
bhj-bcg 2
g-bcg 3
cah-bcg 1
dgg-bcg 3
dbg-bcg 3
127
6
fbh-bch 1
bgbf-bch 3
gad-bch 1
ecb-bch 3
dfd-bch 2
bfc-bch 3
128
7
bbc-bci 2
bcbc-bci 2
bbhe-bci 1
bagb-bci 2
fi-bci 1
bbf-bci 3
fag-bci 1
129
7
bah-bcj 1
icj-bcj 1
eac-bcj 2
bbf-bcj 3
iff-bcj 2
cjg-bcj 1
cjh-bcj 1
130
6
dfj-bda 2
fbe-bda 2
eh-bda 3
ffa-bda 1
ia-bda 1
dhg-bda 2
131
8
efd-bdb 1
deh-bdb 1
bfc-bdb 2
fib-bdb 3
bhb-bdb 2
djh-bdb 2
jbg-bdb 1
cda-bdb 1
132
9
cfc-bdc 3
bbfe-bdc 1
jbg-bdc 1
bbah-bdc 3
bec-bdc 2
bbjh-bdc 3
fdc-bdc 3
bfea-bdc 2
fee-bdc 1
133
5
bjf-bdd 2
bcgc-bdd 1
efa-bdd 3
bja-bdd 3
bece-bdd 1
134
6
gge-bde 2
bdh-bde 1
iah-bde 3
bba-bde 1
beec-bde 2
hhi-bde 1
135
6
hc-bdf 1
gbf-bdf 2
bbab-bdf 2
gea-bdf 2
bhe-bdf 1
hcg-bdf 3
136
7
ch-bdg 2
bahh-bdg 3
dhi-bdg 1
cha-bdg 1
bbij-bdg 1
djj-bdg 3
jdg-bdg 1
137
4
feh-bdh 1
ce-bdh 1
jjg-bdh 1
edg-bdh 3
138
6
jbe-bdi 2
bffi-bdi 1
gci-bdi 2
bcfj-bdi 1
iic-bdi 3
ich-bdi 3
139
6
geh-bdj 2
igb-bdj 2
bbbh-bdj 1
hhc-bdj 1
igg-bdj 1
jfe-bdj 3
140
3
fif-bea 2
dgb-bea 1
dgc-bea 2
141
7
djg-beb 3
ffd-beb 1
hia-beb 3
edh-beb 1
fe-beb 1
dci-beb 3
cbg-beb 1
142
8
hff-bec 1
bdei-bec 2
hea-bec 1
hj-bec 3
bdh-bec 2
ii-bec 1
eei-bec 1
ica-bec 2
143
5
begd-bed 1
cd-bed 2
feh-bed 3
ica-bed 2
cfa-bed 1
144
4
dfg-bee 1
bbej-bee 1
bgbe-bee 3
gjd-bee 1
145
4
jei-bef 1
dai-bef 2
fgj-bef 1
bjd-bef 1
146
5
ea-beg 3
fei-beg 1
hgd-beg 3
bja-beg 2
bef-beg 2
147
9
ef-beh 2
hi-beh 3
bab-beh 1
cia-beh 2
jbj-beh 2
ccg-beh 1
gdd-beh 2
ieh-beh 3
ih-beh 1
148
5
fge-bei 2
becg-bei 1
jbi-bei 3
bcgi-bei 3
jca-bei 1
149
5
bec-bej 1
cdi-bej 1
dbi-bej 2
bdb-bej 2
fif-bej 3
150
4
ifi-bfa 1
cdf-bfa 2
egg-bfa 3
cjd-bfa 2
151
2
bdji-bfb 3
fda-bfb 1
152
8
dhb-bfc 1
fbb-bfc 1
gbi-bfc 2
cei-bfc 2
dcb-bfc 2
ifh-bfc 2
fcb-bfc 3
bafi-bfc 2
153
3
haa-bfd 3
cie-bfd 2
jgi-bfd 3
154
5
dch-bfe 1
gbc-bfe 2
baea-bfe 1
cgh-bfe 3
hff-bfe 3
155
4
bcie-bff 1
gfe-bff 2
fdh-bff 3
eec-bff 1
156
7
bef-bfg 2
hj-bfg 2
hhe-bfg 1
fh-bfg 2
bgac-bfg 1
efi-bfg 2
be-bfg 3
157
4
baf-bfh 3
eaa-bfh 2
gcj-bfh 3
bae-bfh 2
158
7
bgci-bfi 3
idg-bfi 1
gaa-bfi 1
ich-bfi 2
ecj-bfi 1
jhe-bfi 1
bacf-bfi 3
159
5
ded-bfj 3
gce-bfj 3
bii-bfj 2
jjj-bfj 2
gif-bfj 1
160
2
efe-bga 2
hbd-bga 1
161
6
cgc-bgb 3
bahe-bgb 2
bcga-bgb 2
hea-bgb 3
dff-bgb 3
bedd-bgb 1
162
6
cff-bgc 2
fd-bgc 1
ffi-bgc 2
ehc-bgc 3
bdeh-bgc 3
cgd-bgc 2
163
5
dbj-bgd 2
f-bgd 3
gd-bgd 2
edg-bgd 3
bgdh-bgd 1
164
3
jif-bge 1
d-bge 1
hci-bge 2
165
4
bie-bgf 2
bd-bgf 1
iaa-bgf 2
baih-bgf 2
166
6
id-bgg 3
heh-bgg 1
babe-bgg 1
ehg-bgg 3
bcaa-bgg 2
bdde-bgg 2
167
5
cej-bgh 3
be-bgh 3
bfgh-bgh 3
dbg-bgh 1
cgg-bgh 2
168
8
bc-bgi 1
baa-bgi 3
cbi-bgi 3
dda-bgi 1
eij-bgi 1
bhh-bgi 1
daj-bgi 3
cej-bgi 2
169
5
jai-bgj 2
djh-bgj 3
hbh-bgj 1
bffe-bgj 3
hch-bgj 3
170
6
bff-bha 2
bi-bha 3
edd-bha 2
gi-bha 3
bde-bha 3
ddd-bha 3
171
5
hhd-bhb 3
cda-bhb 1
ih-bhb 3
fcb-bhb 3
bfbi-bhb 3
172
6
bbfd-bhc 3
edf-bhc 2
bfe-bhc 2
bagf-bhc 3
gfg-bhc 2
eje-bhc 1
173
4
hj-bhd 1
bcb-bhd 3
eed-bhd 1
gii-bhd 3
174
5
bgj-bhe 3
cfe-bhe 3
chd-bhe 3
ebi-bhe 2
daa-bhe 1
175
5
ca-bhf 1
ech-bhf 3
dgi-bhf 2
bci-bhf 1
jga-bhf 3
176
6
cfi-bhg 3
cdi-bhg 1
baf-bhg 3
babb-bhg 2
bci-bhg 3
iga-bhg 2
177
3
efe-bhh 2
cch-bhh 2
bai-bhh 2
178
5
ibh-bhi 3
eaj-bhi 3
gbb-bhi 2
bacb-bhi 2
cdb-bhi 2
179
6
fha-bhj 2
hbc-bhj 3
ghd-bhj 2
bafb-bhj 1
hg-bhj 1
cb-bhj 3
180
4
bjg-bia 1
dac-bia 1
hi-bia 3
cch-bia 3
181
3
hjj-bib 1
fhc-bib 1
eae-bib 1
182
3
hdc-bic 2
eee-bic 3
baa-bic 3
183
4
dec-bid 3
bajd-bid 1
bef-bid 3
beh-bid 3
184
10
eig-bie 2
bcai-bie 1
bcc-bie 3
hdd-bie 3
bef-bie 2
cdc-bie 1
cfe-bie 1
bde-bie 1
bae-bie 3
dbe-bie 2
185
5
bahf-bif 3
je-bif 2
cji-bif 2
bgcg-bif 2
babf-bif 3
186
2
deg-big 2
bdde-big 3
187
4
dcf-bih 1
hef-bih 1
bcff-bih 3
ccj-bih 2
188
5
ejd-bii 2
bcej-bii 2
bga-bii 2
caj-bii 1
dfa-bii 2
189
6
bcj-bij 3
eab-bij 2
cia-bij 1
cha-bij 1
gfi-bij 1
ba-bij 1
190
3
dca-bja 3
ded-bja 2
dig-bja 3
191
4
db-bjb 3
bbee-bjb 1
fed-bjb 1
bcdb-bjb 2
192
5
ibe-bjc 3
bagc-bjc 1
ggh-bjc 1
baad-bjc 2
eia-bjc 3
193
3
ghb-bjd 3
hdg-bjd 3
bij-bjd 3
194
3
cga-bje 3
eja-bje 3
ecd-bje 1
195
6
ecg-bjf 1
bccc-bjf 1
hic-bjf 1
hie-bjf 3
baff-bjf 3
hii-bjf 2
196
3
dih-bjg 1
df-bjg 3
cec-bjg 1
197
5
cd-bjh 3
djg-bjh 3
gfd-bjh 3
jeb-bjh 3
bcb-bjh 1
198
1
beeb-bji 1
199
4
edg-bjj 1
baad-bjj 2
jhe-bjj 2
gci-bjj 1
200
5
ecb-caa 1
bafd-caa 2
hfg-caa 2
djj-caa 2
jgd-caa 2
201
6
bdg-cab 3
daf-cab 2
jbg-cab 2
cjd-cab 1
bef-cab 1
jca-cab 1
202
5
bbdh-cac 2
fid-cac 3
djc-cac 1
dbf-cac 3
cgd-cac 3
203
3
ege-cad 1
edd-cad 2
icg-cad 3
204
7
bcb-cae 1
jcd-cae 2
gdi-cae 1
cci-cae 3
hhb-cae 1
bccg-cae 3
chb-cae 3
205
2
gag-caf 1
bafb-caf 1
206
3
cie-cag 1
fbi-cag 2
ebb-cag 1
207
6
fac-cah 3
cce-cah 1
ih-cah 3
bebe-cah 3
fde-cah 2
bahc-cah 2
208
1
jda-cai 3
209
4
eba-caj 3
eji-caj 2
ghh-caj 2
jh-caj 2
210
4
bgdd-cba 2
bfi-cba 1
bbjf-cba 1
bccb-cba 2
211
5
ihc-cbb 3
ca-cbb 3
cge-cbb 3
be-cbb 3
da-cbb 1
212
2
efg-cbc 2
bcdg-cbc 2
213
8
bif-cbd 2
jej-cbd 1
bcdc-cbd 1
chb-cbd 3
ehe-cbd 1
eag-cbd 1
cec-cbd 2
jfc-cbd 3
214
1
bbcc-cbe 3
215
2
cdj-cbf 3
bff-cbf 3
216
4
becj-cbg 1
hjj-cbg 3
bdg-cbg 2
bbfi-cbg 3
217
5
ej-cbh 1
bfg-cbh 3
jhi-cbh 3
bhi-cbh 1
caj-cbh 1
218
2
ebh-cbi 1
ede-cbi 2
219
5
db-cbj 1
hi-cbj 1
dcf-cbj 1
gjj-cbj 3
jec-cbj 2
220
5
ihg-cca 3
eea-cca 2
ehi-cca 3
bbdb-cca 2
bbi-cca 2
221
6
eig-ccb 1
d-ccb 3
ddd-ccb 1
ejj-ccb 2
bjj-ccb 3
jeh-ccb 2
222
3
jfh-ccc 2
eag-ccc 3
bcda-ccc 1
223
6
bajb-ccd 2
dhh-ccd 1
feh-ccd 1
eae-ccd 3
ecd-ccd 1
cjf-ccd 1
224
4
bceh-cce 1
hdf-cce 2
bdc-cce 1
daf-cce 1
225
7
ga-ccf 3
ghd-ccf 1
dca-ccf 3
jeg-ccf 2
hcc-ccf 2
ihi-ccf 3
bfdd-ccf 3
226
5
hde-ccg 2
ide-ccg 2
hjh-ccg 3
bahi-ccg 1
bih-ccg 1
227
3
egd-cch 2
baaf-cch 2
ice-cch 3
228
3
bbfd-cci 3
haf-cci 3
bgbg-cci 1
229
5
bch-ccj 2
eeb-ccj 1
cch-ccj 3
gdf-ccj 2
hji-ccj 3
230
3
jae-cda 3
ejd-cda 1
dd-cda 1
231
4
bff-cdb 2
ejg-cdb 2
fcf-cdb 2
jaa-cdb 3
232
6
eb-cdc 1
gac-cdc 2
ccj-cdc 1
hjg-cdc 2
ddj-cdc 2
fad-cdc 3
233
2
bebi-cdd 3
db-cdd 1
234
7
gge-cde 1
hhb-cde 1
bj-cde 2
fff-cde 3
bjb-cde 1
bi-cde 2
bdia-cde 3
235
5
badh-cdf 2
fjc-cdf 2
iee-cdf 3
dfa-cdf 2
bhj-cdf 1
236
6
bdf-cdg 3
cid-cdg 2
dff-cdg 3
gcf-cdg 1
eif-cdg 1
bfjd-cdg 3
237
3
bbja-cdh 2
gfd-cdh 3
gd-cdh 3
238
4
jbc-cdi 2
beha-cdi 2
deb-cdi 1
j-cdi 1
239
3
hgg-cdj 2
ega-cdj 1
chh-cdj 2
240
6
jaj-cea 2
che-cea 1
gbi-cea 1
be-cea 1
cfi-cea 3
cac-cea 2
241
6
bdea-ceb 3
bfj-ceb 2
dfe-ceb 2
dhh-ceb 3
bch-ceb 1
cii-ceb 2
242
4
bbc-cec 3
bad-cec 2
bajb-cec 3
bdg-cec 1
243
3
bbgc-ced 3
cah-ced 2
efg-ced 1
244
3
eej-cee 1
ic-cee 1
jhc-cee 2
245
4
dab-cef 1
bbec-cef 1
bha-cef 2
bfi-cef 1
246
4
iag-ceg 2
cah-ceg 3
bfa-ceg 2
gdg-ceg 3
247
4
eeg-ceh 1
bje-ceh 1
gdd-ceh 3
cic-ceh 2
248
5
fhi-cei 1
bfb-cei 1
ddf-cei 1
ehj-cei 1
dgf-cei 3
249
8
jej-cej 2
bda-cej 3
bh-cej 3
ef-cej 3
bbee-cej 1
dif-cej 1
bbeg-cej 2
gig-cej 1
250
5
hdi-cfa 2
gei-cfa 3
bdhb-cfa 1
ice-cfa 2
eb-cfa 3
251
7
baga-cfb 3
gje-cfb 3
g-cfb 2
fgg-cfb 2
fc-cfb 3
cea-cfb 3
fhe-cfb 2
252
2
ieg-cfc 1
eca-cfc 3
253
6
bcdh-cfd 1
bchd-cfd 3
cje-cfd 3
a-cfd 3
ccg-cfd 1
geb-cfd 1
254
2
jf-cfe 3
ijc-cfe 3
255
5
hjf-cff 2
egj-cff 1
bafc-cff 2
ejg-cff 3
hda-cff 3
256
4
gic-cfg 2
ej-cfg 3
bbdg-cfg 1
bfdb-cfg 3
257
7
cid-cfh 1
cie-cfh 2
baj-cfh 3
gbg-cfh 1
bee-cfh 1
bbee-cfh 3
fjh-cfh 1
258
5
chd-cfi 1
dhi-cfi 3
eec-cfi 1
bcfi-cfi 2
badf-cfi 1
259
6
bd-cfj 3
efb-cfj 1
dib-cfj 3
beb-cfj 2
fh-cfj 1
cfi-cfj 3
260
5
bcjf-cga 2
cah-cga 3
bhb-cga 3
chf-cga 2
cgd-cga 3
261
4
dhd-cgb 3
da-cgb 1
deb-cgb 1
gdf-cgb 3
262
5
ee-cgc 2
fji-cgc 2
ica-cgc 1
hdb-cgc 1
hfc-cgc 3
263
6
dcj-cgd 2
bafd-cgd 3
bafi-cgd 3
bec-cgd 3
dcf-cgd 1
bajg-cgd 1
264
5
bba-cge 2
bfc-cge 3
hai-cge 3
fh-cge 3
cci-cge 2
265
4
gie-cgf 3
ibe-cgf 2
bgbh-cgf 3
fcc-cgf 3
266
5
fhc-cgg 1
bii-cgg 1
bdh-cgg 3
dib-cgg 3
bgae-cgg 2
267
5
hif-cgh 2
babb-cgh 1
bdhc-cgh 3
hc-cgh 2
cag-cgh 1
268
5
daf-cgi 2
baaa-cgi 3
fdh-cgi 3
djh-cgi 2
ia-cgi 2
269
4
ifi-cgj 3
eag-cgj 1
fei-cgj 3
dgg-cgj 3
270
6
dcb-cha 3
dhj-cha 2
egj-cha 1
ged-cha 2
bhi-cha 2
gfh-cha 1
271
3
eci-chb 2
bcbi-chb 2
fff-chb 2
272
4
jhd-chc 3
jfb-chc 3
hba-chc 2
bbfj-chc 2
273
4
cjc-chd 1
dfj-chd 2
ebh-chd 1
bfbg-chd 2
274
2
befj-che 2
dbj-che 3
275
4
did-chf 1
fch-chf 1
hfb-chf 2
eca-chf 1
276
3
hja-chg 3
edh-chg 3
iab-chg 3
277
2
cid-chh 3
ca-chh 2
278
6
ibj-chi 2
jeh-chi 1
cee-chi 1
bbea-chi 1
hga-chi 2
bbc-chi 3
279
6
hhi-chj 2
fjd-chj 3
dia-chj 1
fg-chj 1
jg-chj 3
bgh-chj 3
280
4
jj-cia 1
eie-cia 3
jej-cia 1
cce-cia 3
281
5
hh-cib 3
bdhb-cib 2
eha-cib 2
bcce-cib 2
bdhh-cib 1
282
3
dhi-cic 2
igc-cic 3
bbi-cic 1
283
11
dfa-cid 1
fcf-cid 3
ebi-cid 2
bii-cid 3
dfd-cid 1
hgg-cid 2
bdh-cid 2
cjb-cid 3
fic-cid 3
cab-cid 3
ehb-cid 3
284
3
bih-cie 2
gg-cie 2
jfi-cie 2
285
8
dae-cif 1
baed-cif 1
bcja-cif 3
gfe-cif 1
bbai-cif 2
idd-cif 2
dgb-cif 3
dcb-cif 2
286
5
hbj-cig 3
eef-cig 1
bbac-cig 2
hdd-cig 1
dge-cig 3
287
2
icg-cih 2
cda-cih 2
288
6
gbi-cii 3
gc-cii 3
cah-cii 2
ggd-cii 1
baha-cii 2
dad-cii 1
289
3
ch-cij 1
bgi-cij 3
dgf-cij 3
290
5
bcaa-cja 3
hcj-cja 3
ija-cja 2
ead-cja 1
ehg-cja 2
291
3
bagh-cjb 1
beba-cjb 2
jbi-cjb 3
292
4
bada-cjc 1
db-cjc 2
bfgi-cjc 2
bcih-cjc 2
293
2
bdaa-cjd 2
eje-cjd 3
294
3
bbi-cje 3
fje-cje 3
cea-cje 3
295
2
cgb-cjf 2
dba-cjf 3
296
1
cgb-cjg 1
297
4
da-cjh 2
jfd-cjh 2
hhf-cjh 3
he-cjh 2
298
5
bee-cji 1
bdcg-cji 2
dbj-cji 1
hbd-cji 1
bdce-cji 3
299
6
bfeb-cjj 3
fci-cjj 1
jah-cjj 1
bgh-cjj 2
cc-cjj 1
bcie-cjj 3
300
6
bbhc-daa 2
fh-daa 3
edd-daa 1
ih-daa 3
jjb-daa 2
bfde-daa 1
301
6
bace-dab 1
ede-dab 3
bef-dab 1
cjh-dab 3
hi-dab 1
icf-dab 3
302
5
fgc-dac 3
bgi-dac 3
dce-dac 3
iid-dac 2
de-dac 2
303
4
gfe-dad 3
gcb-dad 3
gfd-dad 1
dab-dad 1
304
4
baaa-dae 1
bcib-dae 2
fce-dae 3
ebf-dae 1
305
7
fbb-daf 2
cha-daf 2
bddb-daf 1
bdag-daf 2
badi-daf 1
bdcb-daf 2
jae-daf 2
306
3
eb-dag 2
hcd-dag 3
jg-dag 1
307
3
ggg-dah 1
ehc-dah 3
ihj-dah 1
308
5
bchi-dai 3
ejb-dai 1
chh-dai 1
ebd-dai 3
bafa-dai 1
309
6
geh-daj 2
fae-daj 3
fhj-daj 2
ebb-daj 1
dhe-daj 3
dce-daj 3
310
3
gdh-dba 3
bff-dba 1
hhj-dba 2
311
4
dgi-dbb 3
dfc-dbb 3
eaa-dbb 2
cjb-dbb 2
312
2
dah-dbc 3
hca-dbc 1
313
5
bdjf-dbd 2
gcb-dbd 2
bbg-dbd 3
bfg-dbd 3
ceg-dbd 3
314
3
dfh-dbe 3
bcaf-dbe 1
dac-dbe 2
315
7
baad-dbf 3
gdc-dbf 2
gib-dbf 3
bbcb-dbf 1
ei-dbf 1
dac-dbf 2
eid-dbf 2
316
3
dab-dbg 2
iag-dbg 3
ffg-dbg 3
317
5
cdb-dbh 1
caa-dbh 3
gfj-dbh 1
fha-dbh 3
cid-dbh 1
318
5
fah-dbi 2
eia-dbi 2
ch-dbi 1
bcaa-dbi 3
edd-dbi 2
319
6
cgb-dbj 1
dad-dbj 2
bb-dbj 2
gjf-dbj 1
cg-dbj 2
dhd-dbj 2
320
5
a-dca 3
bda-dca 2
jbi-dca 2
badg-dca 3
bdii-dca 3
321
6
gad-dcb 2
efg-dcb 2
gbj-dcb 3
eda-dcb 2
fi-dcb 3
jia-dcb 1
322
9
jah-dcc 3
fbb-dcc 1
ddf-dcc 3
heg-dcc 2
di-dcc 3
gdi-dcc 3
cdd-dcc 1
eie-dcc 2
chf-dcc 3
323
3
gda-dcd 3
cg-dcd 1
cfg-dcd 3
324
3
jef-dce 2
ebg-dce 3
cce-dce 3
325
5
bbja-dcf 3
fea-dcf 3
cgb-dcf 1
bhe-dcf 1
fce-dcf 1
326
2
dca-dcg 2
cd-dcg 2
327
4
jai-dch 1
bdgc-dch 1
dh-dch 1
cjc-dch 2
328
5
bcef-dci 3
ehi-dci 3
ddg-dci 3
dae-dci 1
cge-dci 2
329
5
dhd-dcj 2
jcg-dcj 3
dbj-dcj 3
bde-dcj 1
begb-dcj 3
330
4
cea-dda 3
bjj-dda 2
fjj-dda 3
dai-dda 1
331
6
cjb-ddb 3
eig-ddb 1
bbdj-ddb 2
bdge-ddb 1
ddd-ddb 1
bcea-ddb 3
332
5
bfjb-ddc 1
ia-ddc 2
beg-ddc 2
bja-ddc 2
dac-ddc 3
333
4
beef-ddd 2
gfa-ddd 3
bci-ddd 3
hed-ddd 1
334
8
dbe-dde 1
bbj-dde 1
ejf-dde 2
ifj-dde 3
ghh-dde 3
gaa-dde 3
fbe-dde 2
d-dde 2
335
7
eb-ddf 1
eij-ddf 1
bei-ddf 2
fcf-ddf 2
chf-ddf 2
jh-ddf 1
id-ddf 1
336
3
cgc-ddg 1
eid-ddg 3
cdi-ddg 3
337
4
edi-ddh 3
baa-ddh 2
ef-ddh 3
ech-ddh 3
338
6
ef-ddi 1
bjc-ddi 2
cfa-ddi 1
jja-ddi 2
ehd-ddi 3
fib-ddi 2
339
6
haa-ddj 1
ecg-ddj 2
dia-ddj 2
ihj-ddj 3
ehi-ddj 1
ccd-ddj 1
340
6
ief-dea 2
ebe-dea 2
dia-dea 3
edh-dea 3
bgi-dea 1
ejd-dea 2
341
5
fei-deb 2
cbi-deb 1
hha-deb 3
hgj-deb 1
hfg-deb 1
342
5
fdc-dec 3
ba-dec 3
bfg-dec 3
bcgh-dec 3
bg-dec 2
343
5
ddc-ded 1
bdbb-ded 1
gij-ded 1
jab-ded 2
ihf-ded 1
344
3
fji-dee 1
dej-dee 1
cia-dee 3
345
2
bajh-def 2
jfi-def 2
346
5
fhd-deg 2
hia-deg 1
eec-deg 1
cdh-deg 2
cfb-deg 3
347
4
ifa-deh 1
dj-deh 1
iji-deh 1
gcf-deh 2
348
1
fif-dei 3
349
4
bcah-dej 3
fda-dej 1
babg-dej 2
dif-dej 1
350
5
fie-dfa 1
ege-dfa 1
bfb-dfa 1
eai-dfa 2
hab-dfa 1
351
3
e-dfb 3
ehb-dfb 3
bde-dfb 2
352
5
eb-dfc 2
fgj-dfc 3
ca-dfc 2
ddc-dfc 1
fgg-dfc 2
353
6
idj-dfd 3
bga-dfd 1
bfcc-dfd 3
bbae-dfd 1
gcb-dfd 2
da-dfd 3
354
4
baac-dfe 3
badc-dfe 2
ii-dfe 3
ejd-dfe 2
355
5
ife-dff 3
gie-dff 1
hii-dff 3
heg-dff 1
jha-dff 2
356
3
dhf-dfg 2
cdj-dfg 1
eib-dfg 2
357
5
hg-dfh 3
fee-dfh 3
fhb-dfh 1
beci-dfh 2
bbcb-dfh 3
358
3
baac-dfi 2
egd-dfi 2
hgh-dfi 3
359
3
eb-dfj 2
ejd-dfj 1
bbah-dfj 1
360
5
fff-dga 2
g-dga 2
dgi-dga 1
cb-dga 3
bcdg-dga 2
361
1
bcae-dgb 1
362
5
fib-dgc 1
bdbb-dgc 1
jic-dgc 2
jja-dgc 2
bc-dgc 2
363
7
bbjf-dgd 1
bfa-dgd 1
ebc-dgd 1
badi-dgd 3
feh-dgd 1
bajj-dgd 3
ifb-dgd 1
364
6
hcj-dge 2
beaa-dge 1
ifc-dge 3
dc-dge 3
bccf-dge 2
ef-dge 3
365
4
bffd-dgf 3
jfj-dgf 3
bbba-dgf 1
dhf-dgf 1
366
2
bced-dgg 3
bg-dgg 3
367
1
idi-dgh 1
368
5
deb-dgi 2
ibf-dgi 3
bbf-dgi 1
cgg-dgi 1
ceb-dgi 1
369
4
bea-dgj 1
gg-dgj 3
ghb-dgj 2
bcab-dgj 1
370
3
dji-dha 3
ecg-dha 2
jhi-dha 3
371
3
bajb-dhb 1
d-dhb 2
ebh-dhb 3
372
7
bbce-dhc 3
dfg-dhc 1
dbg-dhc 3
jii-dhc 2
bbed-dhc 3
ccd-dhc 1
bdab-dhc 1
373
6
baeg-dhd 3
dgh-dhd 3
ije-dhd 2
fhc-dhd 1
hfh-dhd 2
cdi-dhd 1
374
6
bbii-dhe 1
ieg-dhe 1
bbhb-dhe 2
bbhi-dhe 2
ehb-dhe 3
dca-dhe 1
375
4
baga-dhf 2
ich-dhf 1
cjd-dhf 2
bcf-dhf 2
376
4
beab-dhg 1
bfe-dhg 2
ida-dhg 1
begf-dhg 1
377
5
bbh-dhh 1
bbb-dhh 1
gbg-dhh 1
dgf-dhh 2
bdac-dhh 3
378
6
ebh-dhi 1
fjf-dhi 1
bcab-dhi 2
bbbb-dhi 3
ihg-dhi 1
fhf-dhi 3
379
7
begh-dhj 1
ecj-dhj 1
idc-dhj 1
icc-dhj 2
idf-dhj 3
ddj-dhj 1
fce-dhj 3
380
4
ecg-dia 2
jcc-dia 2
bdc-dia 1
hge-dia 1
381
4
ffd-dib 3
cfd-dib 1
dhj-dib 2
bgg-dib 2
382
8
bbgj-dic 1
fh-dic 1
hhd-dic 3
hc-dic 1
edj-dic 2
dih-dic 3
ebi-dic 1
jff-dic 1
383
6
hid-did 1
ccj-did 1
eii-did 2
bgj-did 3
bab-did 3
dhg-did 3
384
6
fac-die 3
fig-die 3
baag-die 2
jeb-die 1
fea-die 1
dci-die 3
385
1
bbdh-dif 2
386
3
edj-dig 1
fcd-dig 1
hih-dig 3
387
1
fdg-dih 1
388
2
bage-dii 2
bdeg-dii 2
389
5
bacf-dij 2
hhe-dij 2
cga-dij 1
eai-dij 3
ici-dij 3
390
2
bdhi-dja 3
bhe-dja 2
391
2
jjj-djb 2
eee-djb 2
392
3
dba-djc 2
ddi-djc 3
jaj-djc 2
393
5
bejh-djd 3
jdd-djd 2
jif-djd 3
cie-djd 2
ifd-djd 3
394
7
dbh-dje 1
bbj-dje 3
he-dje 3
ddc-dje 2
dbi-dje 1
beaj-dje 1
hag-dje 1
395
1
eha-djf 3
396
7
jbc-djg 2
cji-djg 1
efi-djg 3
hca-djg 2
baa-djg 3
bcc-djg 2
bceg-djg 1
397
9
beca-djh 1
djb-djh 2
bdef-djh 2
bif-djh 3
ebi-djh 1
bdh-djh 1
cjc-djh 2
gdg-djh 2
gai-djh 1
398
4
bahj-dji 2
cic-dji 2
hhj-dji 3
cha-dji 1
399
6
jib-djj 2
dec-djj 2
egi-djj 1
bbc-djj 1
caj-djj 3
dda-djj 1
400
7
hbg-eaa 2
eji-eaa 1
bee-eaa 3
ghi-eaa 2
jbb-eaa 3
hjj-eaa 1
bif-eaa 3
401
4
bbga-eab 2
bdha-eab 2
fh-eab 2
chi-eab 1
402
5
big-eac 2
bcc-eac 2
bagg-eac 3
cej-eac 2
jhi-eac 1
403
4
chj-ead 1
dj-ead 3
caf-ead 1
dce-ead 1
404
7
fed-eae 2
gai-eae 1
gdc-eae 2
edd-eae 1
icb-eae 2
fhi-eae 3
bic-eae 2
405
4
ghj-eaf 1
fde-eaf 3
jc-eaf 2
fgj-eaf 1
406
5
gff-eag 3
cfa-eag 2
hea-eag 3
ca-eag 3
hgb-eag 1
407
5
gdj-eah 3
bbcf-eah 3
cgd-eah 1
eca-eah 1
bcaj-eah 1
408
4
be-eai 1
bbec-eai 1
efh-eai 1
ffa-eai 3
409
4
dfj-eaj 3
eae-eaj 3
beec-eaj 2
jfa-eaj 3
410
6
bjj-eba 2
gih-eba 2
bebc-eba 2
cee-eba 1
bif-eba 2
feb-eba 3
411
7
ffd-ebb 2
ebg-ebb 3
iij-ebb 1
ggb-ebb 1
beb-ebb 1
fac-ebb 3
fff-ebb 2
412
3
ecb-ebc 2
bjg-ebc 2
baej-ebc 3
413
8
had-ebd 3
cag-ebd 2
bdae-ebd 1
ejb-ebd 2
badb-ebd 2
bcce-ebd 1
dgi-ebd 3
cbb-ebd 2
414
5
hfg-ebe 1
bfhc-ebe 1
ebb-ebe 1
df-ebe 1
dgb-ebe 2
415
3
bge-ebf 1
fhf-ebf 1
ijf-ebf 1
416
3
fga-ebg 1
dcf-ebg 3
ghg-ebg 2
417
3
icg-ebh 1
hdg-ebh 2
bahf-ebh 2
418
3
ebc-ebi 2
hfe-ebi 2
ebd-ebi 1
419
5
ehi-ebj 1
jgc-ebj 1
ghd-ebj 3
djj-ebj 3
igf-ebj 3
420
5
dbf-eca 1
jga-eca 3
eh-eca 3
dhi-eca 2
jff-eca 2
421
2
daj-ecb 2
bchc-ecb 1
422
8
gce-ecc 2
edi-ecc 2
bdie-ecc 1
bdch-ecc 3
fbe-ecc 2
babd-ecc 3
idf-ecc 3
cd-ecc 3
423
3
dha-ecd 3
jfj-ecd 3
fba-ecd 2
424
3
ecd-ece 3
eaa-ece 1
ici-ece 3
425
4
beh-ecf 2
dgb-ecf 3
cib-ecf 3
dh-ecf 2
426
3
bcca-ecg 2
fbc-ecg 1
dfa-ecg 2
427
5
hcd-ech 2
bajd-ech 1
jjc-ech 1
dbh-ech 3
fcf-ech 2
428
4
hcg-eci 1
jac-eci 3
cei-eci 3
dh-eci 2
429
3
fbc-ecj 3
gbj-ecj 2
ihi-ecj 1
430
7
dhf-eda 3
dgb-eda 1
eai-eda 3
bbdb-eda 3
igj-eda 1
bdcg-eda 2
hbd-eda 2
431
6
gdd-edb 1
iia-edb 3
fb-edb 1
jj-edb 2
ff-edb 3
gec-edb 2
432
4
ihi-edc 2
baa-edc 2
bhb-edc 2
dci-edc 2
433
6
bdh-edd 2
ebd-edd 2
bai-edd 2
gag-edd 2
dfa-edd 2
cbe-edd 3
434
4
ffi-ede 2
jbb-ede 3
jh-ede 3
ejb-ede 2
435
6
dic-edf 1
bdfe-edf 1
hba-edf 2
fah-edf 3
ci-edf 2
bdag-edf 3
436
5
ddc-edg 1
cde-edg 2
ggd-edg 3
ie-edg 1
jgh-edg 1
437
5
cfj-edh 1
hcd-edh 3
beb-edh 1
dah-edh 2
bbgb-edh 1
438
7
ccg-edi 2
gah-edi 3
bda-edi 1
cfj-edi 3
bjd-edi 3
egf-edi 2
baib-edi 1
439
3
egf-edj 2
cfb-edj 3
egj-edj 1
440
4
gcc-eea 2
bgj-eea 1
djh-eea 1
igj-eea 1
441
4
bab-eeb 1
dec-eeb 2
hei-eeb 3
hgh-eeb 1
442
3
bha-eec 2
dge-eec 2
hci-eec 2
443
4
gcd-eed 2
fcg-eed 2
iaa-eed 3
jhc-eed 2
444
3
idg-eee 3
fgi-eee 3
chb-eee 2
445
5
bdcd-eef 2
jad-eef 2
dej-eef 1
bdg-eef 3
bie-eef 3
446
6
bfc-eeg 2
dcc-eeg 1
cfe-eeg 3
dji-eeg 2
badg-eeg 3
chg-eeg 2
447
2
gbb-eeh 3
fbd-eeh 2
448
5
bih-eei 1
ejc-eei 1
fii-eei 3
haj-eei 1
beed-eei 2
449
4
bcih-eej 1
chc-eej 1
bbif-eej 2
bcag-eej 1
450
6
egc-efa 3
jia-efa 2
cbb-efa 3
dhd-efa 3
bccg-efa 2
hch-efa 2
451
3
ehc-efb 2
bbgj-efb 3
eib-efb 1
452
4
hd-efc 2
ehd-efc 3
bhh-efc 3
fdg-efc 2
453
3
iac-efd 3
igj-efd 3
fei-efd 1
454
2
bcdb-efe 3
ija-efe 1
455
5
hgf-eff 2
jge-eff 2
bjf-eff 3
fff-eff 1
bbed-eff 2
456
4
bcad-efg 3
fii-efg 3
bbj-efg 2
iib-efg 1
457
7
iic-efh 2
ibb-efh 3
ded-efh 1
dci-efh 2
igc-efh 1
bbeg-efh 2
fde-efh 1
458
3
eed-efi 3
icc-efi 2
eec-efi 2
459
6
gde-efj 1
bbca-efj 1
fhc-efj 2
efe-efj 3
bbfa-efj 2
fje-efj 2
460
8
cbg-ega 1
feh-ega 1
bac-ega 3
cgd-ega 1
jca-ega 1
bja-ega 1
icf-ega 3
bbac-ega 1
461
6
cdg-egb 1
bcdf-egb 3
jg-egb 1
hic-egb 2
efi-egb 1
fdb-egb 1
462
2
ddc-egc 1
ccj-egc 1
463
3
bbf-egd 2
cfa-egd 3
bdhg-egd 2
464
5
ecb-ege 2
dib-ege 2
ifi-ege 1
bg-ege 3
dbb-ege 1
465
4
fge-egf 2
eae-egf 3
ifd-egf 3
cha-egf 3
466
5
die-egg 2
idd-egg 2
eaj-egg 3
jia-egg 1
ed-egg 3
467
2
iid-egh 3
cii-egh 2
468
4
ghc-egi 2
efa-egi 1
cdi-egi 3
hef-egi 1
469
6
ibi-egj 3
jdg-egj 1
baih-egj 3
dbi-egj 2
jj-egj 1
ij-egj 3
470
6
bbi-eha 2
fgd-eha 1
bcbi-eha 3
cgh-eha 2
eid-eha 2
bjj-eha 2
471
4
bj-ehb 2
fei-ehb 2
bfc-ehb 3
hib-ehb 3
472
2
iad-ehc 1
cdh-ehc 1
473
4
hjj-ehd 2
dfd-ehd 1
bffb-ehd 1
hcb-ehd 1
474
4
ibh-ehe 1
hje-ehe 1
di-ehe 3
bebj-ehe 3
475
5
hgh-ehf 1
caa-ehf 1
jgj-ehf 1
cac-ehf 1
fag-ehf 1
476
5
bdgh-ehg 3
cgg-ehg 1
ddb-ehg 2
edf-ehg 1
hda-ehg 2
477
5
dcc-ehh 1
ecf-ehh 2
gcc-ehh 2
dad-ehh 1
had-ehh 3
478
3
fef-ehi 2
jfd-ehi 1
bbeg-ehi 3
479
4
eci-ehj 2
baeh-ehj 3
bcgj-ehj 1
hbj-ehj 2
480
5
efb-eia 1
ddb-eia 2
bfa-eia 2
efc-eia 3
cjj-eia 3
481
4
dg-eib 2
iih-eib 2
bbbe-eib 1
bcji-eib 1
482
5
bdfb-eic 2
fhi-eic 3
bfef-eic 1
befh-eic 1
ebb-eic 3
483
6
bfhj-eid 3
bdg-eid 1
hc-eid 1
ejg-eid 2
fbg-eid 1
bddi-eid 1
484
5
bbaf-eie 2
ffj-eie 3
baf-eie 3
gbb-eie 1
gcf-eie 3
485
4
daa-eif 1
hac-eif 1
djj-eif 3
fdf-eif 1
486
4
edi-eig 3
fdf-eig 2
bfeh-eig 3
ede-eig 3
487
5
jc-eih 3
cag-eih 3
efh-eih 1
daa-eih 1
ifi-eih 3
488
4
fij-eii 3
cfd-eii 2
bfdi-eii 2
bgb-eii 3
489
5
ief-eij 3
dfg-eij 1
dcc-eij 2
bje-eij 1
jae-eij 3
490
3
iaj-eja 2
hej-eja 1
babi-eja 3
491
3
cdi-ejb 2
bhc-ejb 3
ibd-ejb 2
492
6
eia-ejc 1
hgb-ejc 2
daj-ejc 2
gji-ejc 2
bcbe-ejc 3
ggd-ejc 1
493
2
iic-ejd 3
ige-ejd 1
494
6
gic-eje 3
cif-eje 1
ege-eje 1
iei-eje 3
bfj-eje 2
ebj-eje 1
495
3
ecf-ejf 1
bfja-ejf 1
bgb-ejf 1
496
4
eb-ejg 3
ghb-ejg 3
feg-ejg 2
chd-ejg 1
497
4
egb-ejh 1
bbi-ejh 1
idi-ejh 2
iaa-ejh 3
498
5
cgh-eji 3
d-eji 2
cdd-eji 3
dih-eji 3
hfb-eji 1
499
2
hif-ejj 3
chf-ejj 1
500
5
bbba-faa 2
ice-faa 1
dfb-faa 3
dhg-faa 1
deg-faa 3
501
2
dda-fab 3
dbf-fab 1
502
5
hdh-fac 2
cbi-fac 1
bbii-fac 1
hbc-fac 2
cbh-fac 1
503
6
iej-fad 3
baei-fad 1
dih-fad 2
bdjg-fad 2
fgd-fad 3
cfh-fad 2
504
4
fje-fae 2
bdia-fae 1
fej-fae 3
baba-fae 3
505
3
ice-faf 3
bcja-faf 1
hid-faf 2
506
5
jif-fag 3
bahb-fag 2
dbf-fag 3
ggd-fag 3
hcd-fag 1
507
1
jbj-fah 1
508
4
bcj-fai 1
badj-fai 2
gdj-fai 2
fdh-fai 2
509
4
ggb-faj 2
iii-faj 3
bhe-faj 2
ga-faj 1
510
4
bbdb-fba 1
dii-fba 2
cdi-fba 1
bge-fba 1
511
5
fid-fbb 3
fic-fbb 3
jgi-fbb 2
jih-fbb 1
geh-fbb 1
512
4
eeg-fbc 2
baag-fbc 2
ejh-fbc 2
fej-fbc 3
513
5
ejj-fbd 1
jhc-fbd 1
eai-fbd 2
bih-fbd 1
hej-fbd 1
514
3
bceh-fbe 3
fgi-fbe 1
bajc-fbe 3
516
2
edb-fbg 2
dff-fbg 2
517
6
ib-fbh 1
bc-fbh 3
hca-fbh 2
fdh-fbh 3
fgb-fbh 2
bcjg-fbh 2
518
5
ebf-fbi 3
eah-fbi 1
cfg-fbi 3
dcc-fbi 3
bjb-fbi 2
519
6
fdc-fbj 1
fch-fbj 3
beig-fbj 3
hb-fbj 2
ieg-fbj 2
hdc-fbj 3
520
5
dce-fca 3
gaj-fca 3
bcie-fca 2
jib-fca 2
bccg-fca 1
521
5
h-fcb 3
bcdf-fcb 1
fij-fcb 3
bhb-fcb 2
hbb-fcb 3
522
4
gbd-fcc 1
bfca-fcc 1
gic-fcc 3
fjh-fcc 1
523
4
cba-fcd 3
cae-fcd 2
hib-fcd 2
ghf-fcd 3
524
3
gia-fce 2
baec-fce 3
gjh-fce 3
525
7
cgf-fcf 1
bff-fcf 3
ebi-fcf 1
ehe-fcf 3
ejd-fcf 2
baib-fcf 2
cce-fcf 1
526
4
eig-fcg 2
gcc-fcg 3
bbe-fcg 1
bcah-fcg 1
527
8
bcee-fch 1
beaj-fch 3
eae-fch 3
bfgh-fch 3
ecb-fch 3
hfc-fch 2
cjb-fch 1
fcf-fch 2
528
7
bbea-fci 3
iei-fci 2
iba-fci 2
dfd-fci 2
fhg-fci 2
dfh-fci 3
dei-fci 2
529
5
egd-fcj 1
heb-fcj 1
ffb-fcj 2
ghc-fcj 2
hge-fcj 1
530
6
bbbd-fda 3
bhi-fda 1
edf-fda 3
gca-fda 1
bhj-fda 1
cfd-fda 2
531
4
eha-fdb 2
bcga-fdb 2
ffg-fdb 1
def-fdb 1
532
6
bbjb-fdc 3
eg-fdc 2
cif-fdc 1
bahi-fdc 2
dhh-fdc 3
dad-fdc 1
533
9
bei-fdd 2
bfha-fdd 3
hid-fdd 3
dfb-fdd 3
eaf-fdd 1
baei-fdd 2
bfie-fdd 3
edd-fdd 3
baif-fdd 1
534
3
fih-fde 1
jj-fde 1
egb-fde 1
535
6
bade-fdf 1
gdc-fdf 3
ibe-fdf 2
cgg-fdf 2
fbj-fdf 1
fdg-fdf 1
536
5
gje-fdg 2
bhi-fdg 2
bdhg-fdg 1
gbh-fdg 1
bach-fdg 3
537
7
hjd-fdh 1
gf-fdh 3
cdc-fdh 3
ffa-fdh 1
bcjh-fdh 1
deb-fdh 3
cjd-fdh 2
538
2
jii-fdi 3
bh-fdi 3
539
2
bdfh-fdj 3
hbh-fdj 3
540
5
bbia-fea 3
bceb-fea 2
bdcd-fea 1
ee-fea 1
caf-fea 2
541
6
cid-feb 3
dfh-feb 3
ih-feb 1
hgh-feb 1
ieb-feb 2
ibd-feb 3
542
3
ffe-fec 2
bfcg-fec 1
bfij-fec 3
543
5
fdh-fed 3
hdi-fed 3
eac-fed 3
bbhb-fed 3
fjd-fed 1
544
5
bbaa-fee 2
fff-fee 2
be-fee 3
ihf-fee 3
ecb-fee 1
545
5
je-fef 1
bfdg-fef 3
bbfh-fef 2
bdad-fef 1
dfe-fef 3
546
6
bd-feg 1
bi-feg 2
hgh-feg 2
ijc-feg 3
bcgj-feg 2
ihh-feg 1
547
5
chc-feh 2
djg-feh 1
bch-feh 3
hei-feh 1
bbdc-feh 3
548
6
fbi-fei 2
begd-fei 3
dbc-fei 1
bcgi-fei 1
ffc-fei 2
eeg-fei 1
549
4
dfe-fej 1
eji-fej 1
hhe-fej 2
gcg-fej 3
550
5
bfef-ffa 3
gch-ffa 3
df-ffa 2
idb-ffa 3
dce-ffa 2
551
7
i-ffb 2
dab-ffb 1
ica-ffb 3
jfe-ffb 2
cbd-ffb 2
gda-ffb 1
cfd-ffb 1
552
4
hbb-ffc 1
bgc-ffc 3
ejg-ffc 3
bdj-ffc 2
553
3
eia-ffd 1
dij-ffd 1
jaf-ffd 2
554
2
baba-ffe 2
hdc-ffe 3
555
6
baj-fff 1
edi-fff 1
fgj-fff 3
jbf-fff 3
hfd-fff 1
baae-fff 3
556
1
ffi-ffg 2
557
2
fja-ffh 2
e-ffh 2
558
5
cdj-ffi 3
bcdd-ffi 1
fed-ffi 1
gaj-ffi 2
cif-ffi 1
559
4
dfd-ffj 2
baid-ffj 2
gfi-ffj 3
gih-ffj 2
560
8
igi-fga 3
eae-fga 3
cie-fga 2
bhe-fga 2
bdib-fga 1
bbhg-fga 2
gei-fga 3
ceb-fga 2
561
3
eei-fgb 2
gff-fgb 3
dba-fgb 1
562
5
cjb-fgc 3
dbd-fgc 2
jad-fgc 1
bagf-fgc 1
dgd-fgc 3
563
6
bfic-fgd 3
bie-fgd 3
fb-fgd 3
bfff-fgd 2
dij-fgd 1
ffa-fgd 1
564
2
gjf-fge 3
ibf-fge 2
565
2
ha-fgf 2
def-fgf 1
566
2
bih-fgg 1
ice-fgg 2
567
3
dbh-fgh 2
jjf-fgh 1
jcf-fgh 2
568
4
dfg-fgi 3
eeh-fgi 2
bcbi-fgi 2
hjf-fgi 3
569
4
ghj-fgj 3
egh-fgj 1
gbh-fgj 3
bdc-fgj 1
570
3
bfig-fha 3
bfi-fha 1
fhc-fha 3
571
4
beaa-fhb 2
feb-fhb 3
bfcb-fhb 2
beeb-fhb 2
572
5
ijj-fhc 3
bfed-fhc 3
bgea-fhc 1
hch-fhc 3
bbi-fhc 1
573
4
cih-fhd 2
dea-fhd 1
hic-fhd 1
dgi-fhd 2
574
5
ebh-fhe 2
hci-fhe 2
gge-fhe 1
jbe-fhe 1
dic-fhe 1
575
2
ffb-fhf 2
gad-fhf 3
576
4
fjc-fhg 2
da-fhg 1
bbfh-fhg 3
jbb-fhg 3
577
1
cba-fhh 2
578
4
bja-fhi 1
bcgj-fhi 3
jcb-fhi 2
idd-fhi 3
579
5
bgde-fhj 2
fag-fhj 1
ii-fhj 1
gaj-fhj 1
fgf-fhj 1
580
4
hga-fia 1
cdd-fia 3
bb-fia 1
gcc-fia 1
581
3
bag-fib 2
fgb-fib 1
gjb-fib 3
582
6
hgg-fic 2
cea-fic 3
cif-fic 2
ifh-fic 3
ijd-fic 3
bgaj-fic 1
583
6
bbaa-fid 2
gif-fid 2
cdd-fid 2
hh-fid 3
cih-fid 1
fh-fid 3
584
3
efe-fie 3
bccf-fie 2
ffb-fie 2
585
4
ibj-fif 2
bfcg-fif 3
gge-fif 2
bbc-fif 3
586
6
gfa-fig 3
bjc-fig 3
ejg-fig 3
bfj-fig 1
dec-fig 2
eib-fig 3
587
3
id-fih 3
bcc-fih 2
ed-fih 1
588
4
bcfh-fii 3
haf-fii 3
bagb-fii 2
gde-fii 1
589
3
ebj-fij 2
bdfi-fij 2
fdf-fij 3
590
2
edj-fja 3
cih-fja 3
591
9
gef-fjb 3
egg-fjb 3
caa-fjb 2
cja-fjb 2
bggb-fjb 3
gcg-fjb 3
hae-fjb 2
cij-fjb 2
hc-fjb 1
592
5
hdf-fjc 1
cie-fjc 3
baee-fjc 1
bcff-fjc 3
dbg-fjc 2
593
2
cif-fjd 2
ecc-fjd 3
594
3
hci-fje 2
fba-fje 1
bbac-fje 3
595
3
jhf-fjf 1
fhc-fjf 3
bahg-fjf 3
596
2
bcfe-fjg 2
bhg-fjg 2
597
5
ddd-fjh 3
ei-fjh 2
g-fjh 1
fdf-fjh 1
baij-fjh 3
598
9
ejc-fji 2
ehf-fji 1
hh-fji 1
bgb-fji 2
fij-fji 3
bddi-fji 3
iga-fji 3
cdf-fji 1
jbi-fji 1
599
3
bbg-fjj 2
ddi-fjj 2
gj-fjj 1
600
3
gbb-gaa 1
bacj-gaa 2
gie-gaa 2
601
3
gdh-gab 3
ejg-gab 2
ca-gab 3
602
1
cca-gac 3
603
5
bf-gad 2
bjc-gad 1
jjh-gad 3
bdfe-gad 2
hij-gad 1
604
6
jci-gae 3
hca-gae 2
eig-gae 1
bd-gae 1
ghc-gae 2
bfi-gae 3
605
1
bjh-gaf 1
606
4
dgc-gag 1
bcba-gag 2
jij-gag 3
bahg-gag 1
607
5
iaf-gah 1
ici-gah 2
fac-gah 3
cjc-gah 3
cdd-gah 2
608
2
gff-gai 3
daa-gai 1
609
2
di-gaj 2
bcde-gaj 2
610
5
bbge-gba 3
hgc-gba 2
bbib-gba 2
fdi-gba 1
gcb-gba 2
611
6
cgb-gbb 2
eja-gbb 1
efh-gbb 3
becb-gbb 3
dhf-gbb 2
bfjj-gbb 3
612
6
bej-gbc 3
bbh-gbc 2
baab-gbc 2
ga-gbc 1
hb-gbc 3
bbhc-gbc 3
613
4
gca-gbd 3
fcb-gbd 3
bbcd-gbd 1
cg-gbd 3
614
1
bgfd-gbe 3
615
4
ccj-gbf 3
bdcf-gbf 1
fgd-gbf 2
bbeh-gbf 3
616
4
hhb-gbg 3
dga-gbg 3
dhh-gbg 3
bbcb-gbg 3
617
2
dje-gbh 3
ff-gbh 3
618
7
cfd-gbi 2
dbi-gbi 2
bacg-gbi 2
ifc-gbi 3
dib-gbi 1
bbeh-gbi 3
ej-gbi 2
619
4
eaa-gbj 1
bbfi-gbj 1
gch-gbj 1
jej-gbj 3
620
7
hbg-gca 1
haj-gca 2
gfd-gca 2
jig-gca 1
bbfc-gca 2
ddd-gca 1
iid-gca 2
621
6
bfbd-gcb 1
jca-gcb 3
bch-gcb 1
bbbb-gcb 2
cab-gcb 3
bafh-gcb 2
622
8
cdh-gcc 2
baad-gcc 1
bbii-gcc 3
baee-gcc 1
bafc-gcc 3
iie-gcc 1
ejb-gcc 1
gaj-gcc 3
623
4
ja-gcd 1
bgbi-gcd 1
egf-gcd 1
bbjd-gcd 3
624
3
fai-gce 1
dhb-gce 2
bdfi-gce 1
625
3
daf-gcf 3
cgj-gcf 1
baii-gcf 2
626
4
ijg-gcg 1
chg-gcg 3
hgd-gcg 3
cce-gcg 1
627
5
bdc-gch 2
cih-gch 3
eja-gch 1
fjh-gch 2
ffb-gch 1
628
6
bga-gci 3
gid-gci 3
igb-gci 2
ghh-gci 3
cea-gci 3
fdc-gci 1
629
2
ged-gcj 3
ebb-gcj 3
630
2
bdcf-gda 2
ihh-gda 1
631
4
bdci-gdb 2
bbg-gdb 1
eah-gdb 2
cb-gdb 3
632
5
gbe-gdc 2
cah-gdc 3
babf-gdc 2
igj-gdc 2
ifc-gdc 1
633
4
hfi-gdd 3
efh-gdd 2
dgb-gdd 2
bcag-gdd 3
634
4
gah-gde 1
hed-gde 2
baeb-gde 2
cdd-gde 2
635
4
bhc-gdf 1
gfe-gdf 2
bchf-gdf 1
hjh-gdf 3
636
5
bajh-gdg 1
hag-gdg 2
bddj-gdg 2
gfd-gdg 1
db-gdg 2
637
4
bdfd-gdh 1
jci-gdh 2
iih-gdh 3
if-gdh 2
638
1
jcc-gdi 1
639
3
gjg-gdj 3
cei-gdj 1
dib-gdj 1
640
4
cda-gea 1
edi-gea 1
dea-gea 1
eaa-gea 1
641
5
hhd-geb 1
hfa-geb 1
eff-geb 2
fcb-geb 1
begg-geb 3
642
2
ihd-gec 2
ffc-gec 1
643
1
bdbj-ged 3
644
1
dda-gee 3
645
3
dfi-gef 2
gfh-gef 3
bdgj-gef 2
646
4
bfcj-geg 1
cie-geg 3
gaj-geg 1
baaa-geg 3
647
4
jg-geh 3
iai-geh 1
gah-geh 2
bjh-geh 2
648
4
ffa-gei 1
daf-gei 3
eeb-gei 1
iba-gei 1
649
5
bge-gej 3
gda-gej 3
hgi-gej 3
fec-gej 3
cab-gej 1
650
2
hbc-gfa 1
bgeg-gfa 3
651
4
gfj-gfb 1
jhj-gfb 2
bcbi-gfb 1
g-gfb 2
652
3
bche-gfc 2
baha-gfc 2
bcb-gfc 1
653
3
bdbg-gfd 1
hjb-gfd 1
gch-gfd 2
654
3
bif-gfe 2
baci-gfe 2
hfa-gfe 3
655
7
egf-gff 2
eci-gff 3
ehe-gff 2
hh-gff 1
jbi-gff 1
bga-gff 2
idi-gff 3
656
4
chc-gfg 2
jaj-gfg 3
cef-gfg 1
bahh-gfg 3
657
4
ffb-gfh 1
iga-gfh 3
jaj-gfh 3
bi-gfh 2
658
5
dbd-gfi 1
jeh-gfi 3
ghc-gfi 2
ech-gfi 2
becd-gfi 2
659
1
bdba-gfj 2
660
2
bhe-gga 2
gbc-gga 1
661
3
bee-ggb 1
bej-ggb 1
eae-ggb 3
662
2
id-ggc 3
bgae-ggc 3
663
3
cjh-ggd 1
djj-ggd 2
jhh-ggd 1
664
9
gaj-gge 2
bdc-gge 3
eeb-gge 3
beai-gge 2
beg-gge 3
bfid-gge 2
efd-gge 3
ehc-gge 2
ifg-gge 2
665
5
hab-ggf 3
ibj-ggf 2
bcdj-ggf 1
jfj-ggf 1
feh-ggf 1
666
4
dij-ggg 3
die-ggg 3
bih-ggg 1
caf-ggg 1
667
1
cab-ggh 2
668
3
cbc-ggi 2
cgh-ggi 2
bfc-ggi 2
670
4
gdh-gha 1
bfgj-gha 1
ifc-gha 3
gii-gha 1
671
6
ccg-ghb 2
bgae-ghb 3
bgef-ghb 2
bbff-ghb 3
idb-ghb 1
bbfg-ghb 3
672
8
beid-ghc 2
bch-ghc 3
fhi-ghc 2
efi-ghc 2
jjf-ghc 2
fea-ghc 2
cib-ghc 1
begg-ghc 2
673
3
did-ghd 3
egj-ghd 3
bae-ghd 1
674
3
ggg-ghe 2
cji-ghe 2
ccb-ghe 3
675
1
ggb-ghf 1
676
4
fhb-ghg 3
dhh-ghg 3
fdj-ghg 3
cej-ghg 1
677
3
bacj-ghh 1
fdi-ghh 3
cbc-ghh 2
678
4
hai-ghi 3
bge-ghi 2
daf-ghi 1
cic-ghi 3
679
5
fcd-ghj 1
eig-ghj 2
bcbc-ghj 2
hec-ghj 2
fdb-ghj 1
680
4
egg-gia 2
ied-gia 2
ccg-gia 2
hbf-gia 2
681
3
bbhf-gib 3
ehj-gib 2
cic-gib 1
682
5
dhi-gic 2
fed-gic 2
bbga-gic 3
bjc-gic 2
gge-gic 1
683
2
cjj-gid 2
ddg-gid 2
684
3
iih-gie 3
ihe-gie 2
ici-gie 3
685
4
hge-gif 1
bcig-gif 3
jea-gif 1
bcdi-gif 2
686
4
bbe-gig 1
cec-gig 3
gj-gig 3
ijf-gig 3
687
5
baai-gih 2
fic-gih 1
bbfb-gih 2
badc-gih 3
die-gih 2
688
3
cgf-gii 1
ib-gii 2
baab-gii 2
689
5
ibd-gij 3
bei-gij 2
ehh-gij 1
ehf-gij 3
fgh-gij 1
690
2
bajc-gja 2
ecd-gja 3
691
1
ebc-gjb 1
692
5
ca-gjc 1
hji-gjc 2
gbe-gjc 1
behb-gjc 1
hg-gjc 1
693
1
gad-gjd 2
694
4
eca-gje 3
b-gje 3
bbdf-gje 2
bhc-gje 2
695
3
ieg-gjf 2
hdh-gjf 3
dig-gjf 1
696
6
behg-gjg 3
bdda-gjg 3
dci-gjg 1
bbic-gjg 3
bfb-gjg 3
egg-gjg 1
697
3
dfd-gjh 2
cbg-gjh 1
cje-gjh 2
698
2
ghe-gji 1
bbgf-gji 1
699
4
hhe-gjj 1
fbi-gjj 1
cg-gjj 3
iii-gjj 1
700
4
dbe-haa 2
dg-haa 2
bjj-haa 2
bcea-haa 2
701
3
fij-hab 2
gc-hab 2
bcfg-hab 3
702
3
eif-hac 3
gdb-hac 1
bcbg-hac 3
703
1
iec-had 1
704
5
chi-hae 1
idb-hae 3
ije-hae 1
bbic-hae 1
hea-hae 1
705
5
bbcd-haf 2
jda-haf 3
gic-haf 2
jji-haf 1
cdd-haf 1
706
6
hje-hag 3
dfg-hag 2
ecj-hag 2
beje-hag 2
bcgb-hag 3
dic-hag 1
707
4
dcd-hah 1
fda-hah 1
ghg-hah 3
efj-hah 1
708
2
bce-hai 2
hfh-hai 1
709
1
bdjj-haj 3
710
3
gee-hba 1
bega-hba 1
bdbi-hba 2
711
4
fac-hbb 3
cfb-hbb 1
cgj-hbb 2
eee-hbb 3
712
3
ffc-hbc 1
bdif-hbc 1
jdg-hbc 3
713
6
eij-hbd 2
bdff-hbd 1
jjf-hbd 1
bei-hbd 1
bcbd-hbd 2
iah-hbd 1
714
3
fji-hbe 1
fc-hbe 3
edh-hbe 3
715
3
jf-hbf 1
fcf-hbf 2
dga-hbf 1
716
5
ife-hbg 1
bdjf-hbg 2
jh-hbg 2
egh-hbg 2
gde-hbg 1
717
3
babe-hbh 3
dbj-hbh 1
ci-hbh 1
718
2
egd-hbi 1
jfh-hbi 2
719
2
bedf-hbj 3
jge-hbj 2
720
7
hcf-hca 3
ibe-hca 1
cib-hca 3
ead-hca 2
jid-hca 2
g-hca 1
ejj-hca 2
721
5
jba-hcb 3
bdfa-hcb 3
ffe-hcb 3
bahd-hcb 3
cha-hcb 2
722
2
cie-hcc 2
iee-hcc 2
723
5
bgi-hcd 1
hhf-hcd 2
ghf-hcd 2
bdhb-hcd 1
jee-hcd 1
724
7
ejf-hce 1
beaf-hce 3
gfj-hce 2
dha-hce 3
bde-hce 2
eab-hce 1
bchf-hce 1
725
5
cih-hcf 1
b-hcf 2
hhc-hcf 3
gad-hcf 1
bbae-hcf 1
726
4
ibf-hcg 3
jjg-hcg 2
baed-hcg 3
ja-hcg 2
727
4
jcb-hch 1
fci-hch 2
gdg-hch 3
ghe-hch 3
728
5
geh-hci 2
bdff-hci 2
ggi-hci 1
baef-hci 1
fbf-hci 2
729
6
ejb-hcj 3
eec-hcj 3
jd-hcj 1
bbbg-hcj 1
hdb-hcj 3
bbgd-hcj 1
730
5
ffb-hda 2
idc-hda 1
ea-hda 2
dec-hda 3
eda-hda 2
731
4
bejg-hdb 3
fei-hdb 2
bfhg-hdb 3
jh-hdb 3
732
5
jbf-hdc 2
bdac-hdc 1
cbi-hdc 2
gig-hdc 1
befb-hdc 3
733
4
ejb-hdd 1
cih-hdd 2
bdg-hdd 3
bcf-hdd 1
734
3
bbjf-hde 2
jfh-hde 1
gdj-hde 3
735
5
bcfg-hdf 1
dci-hdf 3
bbha-hdf 2
fad-hdf 1
gbh-hdf 3
736
3
fjc-hdg 2
dac-hdg 2
eba-hdg 3
737
3
baga-hdh 2
fec-hdh 3
ihb-hdh 1
738
3
bic-hdi 1
beah-hdi 2
iae-hdi 1
739
4
eci-hdj 2
jbj-hdj 2
haa-hdj 3
bci-hdj 3
740
8
cb-hea 1
jjg-hea 3
fdf-hea 1
bdfd-hea 3
befg-hea 1
bcji-hea 1
jb-hea 3
djb-hea 2
741
2
fab-heb 2
icg-heb 3
742
4
bdda-hec 3
bdhc-hec 3
bfjg-hec 1
fai-hec 2
743
3
ffe-hed 1
bfei-hed 1
bcbg-hed 3
744
3
ijb-hee 2
bfhd-hee 3
gbf-hee 3
745
4
gha-hef 2
beg-hef 3
bge-hef 3
bjd-hef 3
746
2
fid-heg 1
bcdd-heg 2
747
4
dcb-heh 3
ed-heh 1
hii-heh 1
ggc-heh 3
748
3
fad-hei 2
ie-hei 3
if-hei 2
749
4
gcc-hej 2
bgbd-hej 2
ccd-hej 2
cec-hej 1
750
4
dgc-hfa 2
jhg-hfa 3
bdi-hfa 1
befe-hfa 2
751
5
beh-hfb 1
egc-hfb 3
icd-hfb 3
bff-hfb 2
gc-hfb 1
752
3
gab-hfc 1
bcdc-hfc 1
gjh-hfc 2
753
4
eih-hfd 2
ddc-hfd 3
bad-hfd 3
bcec-hfd 3
754
4
bahd-hfe 2
gac-hfe 1
ejg-hfe 1
dfb-hfe 3
755
3
hge-hff 3
bbci-hff 3
bacc-hff 1
756
3
bbac-hfg 2
gfd-hfg 1
ij-hfg 3
757
5
eci-hfh 1
ihf-hfh 2
bbaj-hfh 1
ibb-hfh 2
ede-hfh 2
758
3
beih-hfi 2
eci-hfi 3
heb-hfi 1
759
3
jfc-hfj 2
gaa-hfj 3
bfhi-hfj 3
760
2
bbg-hga 2
fdb-hga 3
761
6
bccd-hgb 3
bdf-hgb 3
dfj-hgb 2
hfc-hgb 3
gcc-hgb 1
iaj-hgb 2
762
4
hje-hgc 1
fia-hgc 3
dej-hgc 1
fea-hgc 2
763
2
bbfa-hgd 1
bedb-hgd 1
764
3
jdc-hge 3
efg-hge 1
beff-hge 2
765
4
bafe-hgf 3
bci-hgf 1
icd-hgf 2
fea-hgf 2
766
3
baib-hgg 2
ehf-hgg 2
ddc-hgg 1
767
2
deg-hgh 1
dej-hgh 3
768
4
hah-hgi 1
baai-hgi 3
cdb-hgi 3
baja-hgi 1
769
1
bbjj-hgj 1
770
6
dag-hha 1
bi-hha 3
hdd-hha 3
ihj-hha 3
ii-hha 1
baad-hha 3
771
5
fj-hhb 2
gfa-hhb 1
bbaj-hhb 1
bbaa-hhb 3
dfa-hhb 3
772
3
beff-hhc 1
eia-hhc 3
fhc-hhc 1
773
4
gaa-hhd 2
bdec-hhd 1
bbd-hhd 3
ch-hhd 3
774
5
eff-hhe 3
fcd-hhe 3
gja-hhe 1
dji-hhe 3
bdfa-hhe 1
775
4
ed-hhf 3
bcf-hhf 3
bafj-hhf 2
dag-hhf 1
776
4
ga-hhg 1
dgd-hhg 2
hbb-hhg 2
bcd-hhg 3
777
2
haa-hhh 1
ebd-hhh 3
778
2
bdci-hhi 2
dcj-hhi 1
779
5
beb-hhj 2
bfag-hhj 1
idc-hhj 1
jec-hhj 2
cbg-hhj 2
780
3
jdd-hia 3
bbie-hia 3
dbf-hia 3
781
3
bbfb-hib 1
bbi-hib 1
ccc-hib 1
782
4
dhd-hic 2
bgcf-hic 3
chh-hic 3
dcc-hic 2
783
1
bgdg-hid 3
784
2
bjg-hie 2
bgbb-hie 2
785
3
ggc-hif 2
fje-hif 3
cii-hif 3
786
2
fig-hig 1
che-hig 1
787
5
bdbe-hih 2
iaf-hih 2
eii-hih 2
bfg-hih 3
ddh-hih 2
788
4
djb-hii 3
cgi-hii 3
jaj-hii 3
fej-hii 2
789
6
dif-hij 1
bji-hij 3
bbbd-hij 3
jff-hij 1
fj-hij 3
hag-hij 2
790
2
gbd-hja 2
fae-hja 3
791
3
cfh-hjb 3
cbb-hjb 3
bde-hjb 1
792
7
ifd-hjc 1
edj-hjc 2
gaj-hjc 2
bbfi-hjc 3
bfhe-hjc 1
hcc-hjc 2
hbi-hjc 1
793
2
fef-hjd 2
bbd-hjd 3
794
2
bdja-hje 1
fgj-hje 1
795
3
edj-hjf 2
beji-hjf 3
gid-hjf 1
796
7
gci-hjg 1
eda-hjg 3
gdj-hjg 1
cfa-hjg 2
jgg-hjg 3
jdh-hjg 1
igd-hjg 1
797
2
bcg-hjh 2
caj-hjh 3
798
3
hfj-hji 3
iac-hji 1
bba-hji 2
799
7
fe-hjj 3
cjf-hjj 3
bgc-hjj 3
gah-hjj 3
bace-hjj 3
fgd-hjj 3
beea-hjj 1
800
6
jcg-iaa 3
dhc-iaa 3
eef-iaa 2
ead-iaa 1
cij-iaa 3
deb-iaa 1
801
3
cdh-iab 1
ech-iab 3
bdbh-iab 2
802
3
hia-iac 2
eic-iac 3
hbi-iac 1
803
5
dd-iad 3
cgd-iad 2
cba-iad 1
d-iad 3
jcd-iad 3
804
5
bcd-iae 2
cib-iae 1
cdf-iae 2
cjg-iae 1
fjd-iae 2
805
4
ejf-iaf 1
ecj-iaf 3
gjf-iaf 3
jd-iaf 1
806
4
ejg-iag 1
ihd-iag 1
begg-iag 2
bage-iag 2
807
2
dad-iah 1
fei-iah 2
808
3
dje-iai 3
jh-iai 3
beja-iai 3
809
3
gbh-iaj 1
bddg-iaj 3
gci-iaj 2
810
5
bafb-iba 2
ejb-iba 1
bcb-iba 2
bbba-iba 3
bbbj-iba 1
811
2
bead-ibb 1
iha-ibb 3
812
2
egb-ibc 3
bbgf-ibc 2
813
2
bgcj-ibd 1
bdhd-ibd 3
814
3
fba-ibe 1
bbcc-ibe 3
jbe-ibe 2
815
3
dih-ibf 2
dje-ibf 3
bffh-ibf 3
816
4
efj-ibg 2
ceb-ibg 3
bafg-ibg 1
fhg-ibg 3
817
3
bahj-ibh 3
eja-ibh 1
babb-ibh 1
818
5
gi-ibi 2
fii-ibi 2
jib-ibi 1
bjc-ibi 3
fdi-ibi 1
819
4
bbcd-ibj 1
dfd-ibj 2
hae-ibj 2
bbdb-ibj 2
820
5
edc-ica 3
becf-ica 3
jde-ica 3
dgi-ica 2
bcfh-ica 1
821
3
fib-icb 2
hfi-icb 3
fhj-icb 1
822
2
edb-icc 2
fdh-icc 1
823
5
hcd-icd 2
jaa-icd 1
eig-icd 2
jaj-icd 3
hj-icd 3
824
3
jfh-ice 2
ehd-ice 1
hgi-ice 1
825
4
bcha-icf 2
dbb-icf 3
fce-icf 2
cih-icf 1
826
3
bjj-icg 1
bcdi-icg 1
gcg-icg 3
827
2
beei-ich 2
djd-ich 1
828
3
jc-ici 2
cj-ici 3
dfa-ici 2
829
2
jie-icj 2
hbe-icj 3
830
5
bhf-ida 2
ehj-ida 3
jbh-ida 3
bcfd-ida 2
hee-ida 3
831
7
ghi-idb 1
bfjd-idb 1
bach-idb 3
cii-idb 3
fce-idb 2
jcb-idb 3
cdh-idb 3
832
3
gjg-idc 1
djj-idc 1
iij-idc 1
833
4
bfda-idd 3
fj-idd 1
fih-idd 3
bbah-idd 3
834
1
fgc-ide 1
835
5
dh-idf 3
efa-idf 3
jhi-idf 3
bajg-idf 1
dii-idf 3
836
4
dhd-idg 2
bagf-idg 1
ic-idg 2
bfi-idg 3
837
3
gdg-idh 3
hhg-idh 2
bad-idh 2
838
5
bgfa-idi 3
baeh-idi 3
bbdd-idi 2
ech-idi 3
hhc-idi 1
839
3
fdj-idj 1
bcc-idj 1
bgf-idj 1
840
4
eeb-iea 2
bebf-iea 1
chb-iea 3
bij-iea 1
841
3
bbie-ieb 2
bdaj-ieb 2
fhb-ieb 1
842
5
iff-iec 1
hfg-iec 1
fgf-iec 1
bbca-iec 2
hfh-iec 3
843
4
hhb-ied 2
jac-ied 3
bche-ied 2
bbid-ied 2
844
3
bdcd-iee 1
baje-iee 3
efc-iee 1
845
4
bfc-ief 3
ea-ief 1
bbah-ief 1
hag-ief 2
846
5
idd-ieg 3
ebg-ieg 2
ffh-ieg 3
hcd-ieg 2
fjj-ieg 2
847
4
bchj-ieh 1
caj-ieh 2
bge-ieh 1
bjg-ieh 1
848
6
efg-iei 3
behf-iei 3
bcgb-iei 2
gdf-iei 3
dbf-iei 2
hgi-iei 1
849
2
bbh-iej 3
bdi-iej 3
850
5
bdbe-ifa 3
hcf-ifa 3
bbbi-ifa 3
ccc-ifa 1
bdih-ifa 1
851
3
bagh-ifb 3
dfh-ifb 1
fgh-ifb 1
852
6
fdj-ifc 3
ejj-ifc 1
gfa-ifc 2
bchg-ifc 1
jid-ifc 2
cee-ifc 3
853
4
bah-ifd 3
cf-ifd 2
bbhd-ifd 2
ijh-ifd 1
854
3
bbdj-ife 1
dad-ife 1
hjf-ife 3
855
5
cgi-iff 3
efe-iff 2
jgf-iff 2
bjb-iff 1
fb-iff 2
856
3
jci-ifg 3
bgeb-ifg 3
be-ifg 1
857
4
baai-ifh 1
baga-ifh 2
cid-ifh 1
eif-ifh 1
858
2
bcci-ifi 2
badf-ifi 3
860
2
ebb-iga 1
gfj-iga 2
861
2
gb-igb 1
cif-igb 1
862
3
eaf-igc 2
gh-igc 2
bcgi-igc 2
863
3
ife-igd 3
hfd-igd 2
ggg-igd 2
864
3
dbi-ige 1
dbj-ige 2
hjc-ige 3
865
1
egi-igf 3
866
1
babd-igg 2
867
1
hag-igh 1
868
3
gag-igi 2
bcbj-igi 3
bbg-igi 1
869
4
jba-igj 2
bdie-igj 2
dde-igj 2
gih-igj 1
870
4
hgf-iha 3
bcdj-iha 2
jfa-iha 3
bbfe-iha 3
871
2
eii-ihb 2
bbcj-ihb 2
872
3
eba-ihc 1
ehj-ihc 2
jfd-ihc 2
873
4
fj-ihd 2
bbdd-ihd 3
behh-ihd 2
bgei-ihd 3
874
2
hdg-ihe 3
hdj-ihe 2
875
5
bfcc-ihf 3
bbad-ihf 3
eh-ihf 1
ijj-ihf 1
cfb-ihf 1
876
4
gij-ihg 2
gbf-ihg 3
cdj-ihg 1
bcj-ihg 3
877
3
eef-ihh 1
gih-ihh 1
cib-ihh 1
878
5
bdgf-ihi 3
hdb-ihi 2
jg-ihi 3
bebh-ihi 1
gjh-ihi 2
879
2
caf-ihj 3
cef-ihj 2
880
3
fid-iia 1
fgb-iia 2
hfh-iia 1
881
4
baeb-iib 3
id-iib 2
bafa-iib 2
cfb-iib 3
882
4
jje-iic 3
fag-iic 3
gfa-iic 1
iie-iic 3
883
4
cej-iid 3
iae-iid 3
bfei-iid 1
ffa-iid 2
884
5
bgc-iie 2
bejf-iie 3
cbb-iie 2
bec-iie 2
jee-iie 3
885
2
bbei-iif 3
hif-iif 1
886
2
ddg-iig 3
hcg-iig 2
887
1
hbj-iih 2
888
1
bbib-iii 3
889
1
baaa-iij 3
890
3
iaa-ija 1
bcfe-ija 2
dbj-ija 2
891
1
ega-ijb 2
892
4
bcij-ijc 1
hg-ijc 1
cgi-ijc 1
bbf-ijc 3
893
3
beda-ijd 3
hfi-ijd 3
gdh-ijd 1
894
4
bbbj-ije 3
beef-ije 1
bef-ije 3
gda-ije 2
895
1
bj-ijf 1
896
2
behi-ijg 3
ig-ijg 3
897
2
bii-ijh 2
hhg-ijh 3
898
1
gd-iji 2
899
2
cff-ijj 3
iaf-ijj 1
900
3
bbjh-jaa 3
jbg-jaa 2
cf-jaa 1
901
2
gbe-jab 3
djh-jab 3
902
5
ibb-jac 2
ghg-jac 2
ejj-jac 3
hca-jac 3
bgg-jac 1
903
3
dgj-jad 3
djc-jad 1
bcij-jad 3
904
3
ee-jae 1
bbih-jae 3
cja-jae 1
905
2
bdig-jaf 2
bgd-jaf 3
906
3
cg-jag 1
bdij-jag 2
cbc-jag 1
907
5
bajg-jah 2
bchh-jah 3
baia-jah 2
cfe-jah 1
fie-jah 2
908
5
hah-jai 2
bffi-jai 3
efa-jai 1
gbj-jai 1
bbbg-jai 3
909
2
iic-jaj 2
ebd-jaj 1
910
3
cgd-jba 3
bdef-jba 2
gej-jba 2
911
2
gjc-jbb 3
dhg-jbb 3
912
2
jca-jbc 2
gbg-jbc 3
913
3
bfad-jbd 1
bgh-jbd 1
dij-jbd 2
914
3
de-jbe 2
fbj-jbe 3
bbig-jbe 3
915
5
bedi-jbf 3
hai-jbf 1
jbe-jbf 2
gfg-jbf 2
cc-jbf 1
916
5
bjd-jbg 2
baie-jbg 1
bdid-jbg 1
igc-jbg 3
ehd-jbg 3
917
3
dbd-jbh 3
bji-jbh 1
babf-jbh 2
918
2
bdcc-jbi 3
hai-jbi 1
919
5
hdc-jbj 2
jhb-jbj 3
ieg-jbj 1
ejd-jbj 2
daa-jbj 1
920
4
jde-jca 1
idf-jca 1
fdh-jca 1
jfg-jca 3
921
4
ihh-jcb 1
hhf-jcb 2
gae-jcb 2
faj-jcb 3
922
3
fjg-jcc 2
fej-jcc 2
gfb-jcc 2
923
4
bagh-jcd 1
hgh-jcd 2
ied-jcd 3
jcc-jcd 2
924
1
bafi-jce 1
925
3
ghe-jcf 3
igj-jcf 1
djc-jcf 3
926
3
babe-jcg 2
cfj-jcg 2
ggg-jcg 2
928
6
fb-jci 3
bfbf-jci 3
beia-jci 2
fch-jci 1
gih-jci 2
hhe-jci 3
930
3
cjb-jda 1
bdig-jda 3
bgdf-jda 3
931
5
hge-jdb 1
jhc-jdb 2
bbaj-jdb 3
jji-jdb 2
cgf-jdb 2
932
3
jc-jdc 3
gdh-jdc 3
hbh-jdc 1
933
3
ffh-jdd 1
dic-jdd 2
dhc-jdd 3
934
6
bcjb-jde 2
baad-jde 3
ha-jde 2
bdgi-jde 1
bi-jde 1
bie-jde 1
936
7
gea-jdg 2
bh-jdg 2
bhb-jdg 2
dhj-jdg 2
cjh-jdg 2
fbf-jdg 3
ibi-jdg 2
937
1
ea-jdh 1
938
1
dfb-jdi 2
939
4
jfj-jdj 2
dhb-jdj 2
ja-jdj 2
eic-jdj 1
940
2
ef-jea 3
ije-jea 2
941
1
jad-jeb 1
942
5
ehc-jec 1
bgb-jec 2
dae-jec 3
badg-jec 1
bdfg-jec 1
943
1
djc-jed 3
944
4
hjb-jee 3
ej-jee 1
ceg-jee 3
cfg-jee 3
945
5
fad-jef 3
bbfe-jef 1
bbje-jef 3
beh-jef 2
badj-jef 3
946
2
bbj-jeg 3
baib-jeg 3
947
3
bafe-jeh 3
ddj-jeh 1
bgdb-jeh 2
948
2
jja-jei 1
eff-jei 2
949
3
dch-jej 1
fgj-jej 2
ehb-jej 1
950
4
chb-jfa 2
iec-jfa 3
fdj-jfa 3
bhe-jfa 3
951
3
cge-jfb 1
ebb-jfb 1
bbdb-jfb 2
952
3
jgb-jfc 2
egb-jfc 1
cgh-jfc 3
953
2
fbd-jfd 3
babc-jfd 3
954
4
bcif-jfe 1
egf-jfe 3
bfgb-jfe 3
c-jfe 2
955
3
egg-jff 1
ee-jff 3
bfeb-jff 1
956
4
ega-jfg 1
bccb-jfg 2
ghc-jfg 2
fic-jfg 3
957
5
eij-jfh 2
bffj-jfh 2
fdf-jfh 3
gfb-jfh 3
ddc-jfh 1
958
4
befa-jfi 3
dii-jfi 3
bbj-jfi 3
eib-jfi 1
959
5
bcaj-jfj 2
bcc-jfj 3
jfa-jfj 2
eac-jfj 2
bdhe-jfj 3
960
5
bfcf-jga 3
fdf-jga 2
bfab-jga 3
bagg-jga 2
bfcd-jga 3
961
1
ecd-jgb 1
962
4
bba-jgc 3
cfa-jgc 1
ied-jgc 2
babj-jgc 1
963
1
ghb-jgd 2
964
5
bagf-jge 2
gbf-jge 2
dda-jge 1
bedj-jge 3
bcgj-jge 3
965
5
hhj-jgf 1
fjd-jgf 1
bhg-jgf 3
i-jgf 1
fbf-jgf 2
966
3
heh-jgg 3
cfd-jgg 2
bajc-jgg 1
967
2
dfc-jgh 2
jcb-jgh 1
968
2
iae-jgi 3
gjf-jgi 3
970
4
ghd-jha 3
bea-jha 2
jia-jha 1
efh-jha 2
971
1
ejg-jhb 1
972
4
hei-jhc 1
eej-jhc 3
ced-jhc 2
gga-jhc 1
973
2
gba-jhd 3
geb-jhd 2
974
3
bbai-jhe 3
jae-jhe 1
jih-jhe 3
975
4
behe-jhf 1
fch-jhf 2
bajj-jhf 3
gid-jhf 1
976
2
fbi-jhg 2
hde-jhg 2
977
2
gab-jhh 1
bfia-jhh 1
978
3
bagi-jhi 3
fca-jhi 3
bcj-jhi 2
979
1
eei-jhj 1
980
7
hdd-jia 1
ddg-jia 1
baca-jia 1
bded-jia 3
bje-jia 2
baac-jia 1
ecc-jia 3
981
4
gda-jib 2
bjf-jib 1
iac-jib 1
bab-jib 1
982
2
igj-jic 1
hff-jic 3
983
4
bdgd-jid 2
jff-jid 1
bgfj-jid 3
cag-jid 1
984
3
cij-jie 2
hdb-jie 2
baih-jie 2
985
4
hah-jif 3
dge-jif 1
bdih-jif 2
bb-jif 2
986
3
gha-jig 2
bafi-jig 3
bbe-jig 2
987
3
gfi-jih 2
bfa-jih 1
jhi-jih 2
988
3
bjh-jii 1
cei-jii 3
ddf-jii 1
989
1
ge-jij 1
990
1
idh-jja 3
991
6
hja-jjb 2
ieg-jjb 2
jif-jjb 1
cjc-jjb 3
bdi-jjb 2
ihg-jjb 2
992
3
jhg-jjc 1
bcgb-jjc 1
jbg-jjc 1
993
1
daj-jjd 2
994
5
bbcg-jje 2
ej-jje 2
badd-jje 3
hdd-jje 1
baig-jje 3
995
2
hja-jjf 3
ccf-jjf 1
996
2
efa-jjg 1
gfc-jjg 1
997
1
geh-jjh 3
998
2
hef-jji 2
j-jji 2
999
3
edg-jjj 3
baea-jjj 2
bcci-jjj 3
1000
1
fgi-baaa 2
1001
5
jeg-baab 2
ifd-baab 2
bc-baab 2
efi-baab 3
bbdf-baab 1
1002
2
jbh-baac 2
hig-baac 2
1003
4
bbbh-baad 3
ehj-baad 1
jcd-baad 3
ceb-baad 2
1004
2
eje-baae 1
dib-baae 1
1005
2
bdej-baaf 2
baae-baaf 3
1006
5
ffj-baag 1
fc-baag 1
cdc-baag 3
beja-baag 2
jci-baag 3
1007
2
baef-baah 2
jab-baah 2
1008
4
igj-baai 3
dgd-baai 1
bacb-baai 2
baha-baai 2
1010
5
haj-baba 3
dfi-baba 3
jdf-baba 3
bbfb-baba 3
ehi-baba 3
1011
3
edh-babb 3
ggi-babb 2
djh-babb 2
1012
5
jga-babc 1
baif-babc 1
if-babc 3
ege-babc 3
beag-babc 2
1013
3
bddi-babd 3
gec-babd 3
dfe-babd 1
1014
3
ebj-babe 1
ije-babe 2
dbj-babe 2
1015
2
begj-babf 3
ceg-babf 3
1016
3
bdhd-babg 1
beba-babg 1
bbdj-babg 3
1017
2
baia-babh 3
cbg-babh 3
1018
3
cdb-babi 1
gd-babi 3
baij-babi 3
1019
3
bbcg-babj 1
fdc-babj 1
bfib-babj 1
1020
1
igh-baca 1
1021
6
jce-bacb 2
jhb-bacb 2
bcje-bacb 1
bgbj-bacb 1
heb-bacb 2
jg-bacb 3
1022
3
hbc-bacc 1
gdb-bacc 1
feg-bacc 2
1023
1
jgf-bacd 1
1024
2
dhb-bace 3
bbcd-bace 1
1025
1
ifd-bacf 2
1026
2
cja-bacg 1
bgdb-bacg 2
1027
3
fdd-bach 1
bih-bach 2
baag-bach 2
1028
2
ejc-baci 3
egi-baci 2
1029
4
iha-bacj 3
ib-bacj 2
bada-bacj 1
ibj-bacj 1
1030
4
gdb-bada 2
ecj-bada 2
bbcf-bada 1
hej-bada 2
1031
3
bdf-badb 1
dcd-badb 3
bddf-badb 1
1032
3
cad-badc 2
ifg-badc 1
hfg-badc 2
1033
3
gh-badd 3
jc-badd 2
bcac-badd 1
1034
1
ega-bade 3
1035
1
fgh-badf 2
1036
2
jhi-badg 2
bbbf-badg 1
1037
1
bbgj-badh 3
1038
2
bbdi-badi 1
ghg-badi 3
1039
4
ijj-badj 3
bjf-badj 1
bbhf-badj 1
ff-badj 3
1040
3
cid-baea 1
hdd-baea 3
he-baea 1
1041
4
fd-baeb 1
bbaf-baeb 2
iag-baeb 3
bdcj-baeb 1
1042
5
jaa-baec 2
hbg-baec 2
bcac-baec 3
ccb-baec 3
jha-baec 2
1043
1
djc-baed 2
1044
1
baeg-baee 1
1045
4
gj-baef 1
bdbf-baef 3
fi-baef 3
efd-baef 2
1046
4
jdc-baeg 2
baic-baeg 2
bcef-baeg 2
hhd-baeg 2
1047
1
dfd-baeh 3
1048
4
bagg-baei 3
chj-baei 2
bhc-baei 2
bcig-baei 3
1049
4
bdfj-baej 3
bbhh-baej 3
hih-baej 1
bdij-baej 1
1050
5
cff-bafa 3
babe-bafa 1
hgc-bafa 2
jdj-bafa 1
dgj-bafa 1
1051
4
baah-bafb 2
bbbd-bafb 2
bcji-bafb 1
gdg-bafb 2
1052
4
jce-bafc 2
gfg-bafc 2
hii-bafc 2
bbef-bafc 1
1053
2
fei-bafd 1
cfa-bafd 3
1054
3
fdd-bafe 2
bgf-bafe 1
dhc-bafe 2
1055
2
bfif-baff 2
hcj-baff 3
1056
1
fdd-bafg 3
1057
1
jbd-bafh 1
1058
4
bag-bafi 2
bbgf-bafi 2
chi-bafi 2
bhj-bafi 1
1059
3
gfi-bafj 1
bcag-bafj 1
hef-bafj 3
1060
2
ded-baga 3
bbag-baga 3
1061
2
bcgd-bagb 2
fhb-bagb 3
1062
1
gie-bagc 3
1063
3
hgd-bagd 1
beg-bagd 1
ibg-bagd 2
1064
4
jhf-bage 3
bbcj-bage 3
jfb-bage 1
babh-bage 3
1065
2
bgd-bagf 3
bede-bagf 3
1066
5
bbgh-bagg 1
baie-bagg 1
fcb-bagg 1
hgb-bagg 3
jid-bagg 1
1067
6
jbd-bagh 3
eab-bagh 3
ijg-bagh 2
cde-bagh 3
cgf-bagh 1
gje-bagh 1
1068
3
ehh-bagi 1
bcac-bagi 1
ggh-bagi 1
1069
2
bgj-bagj 2
jhd-bagj 1
1070
2
bgcc-baha 1
bcgf-baha 2
1071
2
cgc-bahb 1
bgah-bahb 1
1072
1
hbg-bahc 3
1073
6
dii-bahd 1
beij-bahd 1
dbb-bahd 2
efa-bahd 3
bcgf-bahd 1
behd-bahd 1
1074
1
bcdi-bahe 1
1075
2
bagd-bahf 1
ffi-bahf 3
1076
2
bgc-bahg 2
gjc-bahg 2
1077
4
bedg-bahh 3
hea-bahh 1
jab-bahh 2
bahg-bahh 3
1078
4
ia-bahi 3
ghc-bahi 3
hab-bahi 3
ceh-bahi 2
1079
2
ghi-bahj 3
fbe-bahj 2
1080
3
gaf-baia 2
bgg-baia 1
jif-baia 1
1081
2
iac-baib 1
hih-baib 2
1082
3
babi-baic 2
iaa-baic 2
bcgg-baic 2
1083
2
ib-baid 2
bejd-baid 1
1084
5
iaf-baie 2
chg-baie 2
efc-baie 2
bai-baie 1
bade-baie 1
1085
1
jcb-baif 2
1086
4
hif-baig 3
ihc-baig 3
jgh-baig 2
edd-baig 2
1087
6
bcej-baih 3
becj-baih 1
bbgd-baih 1
bcgf-baih 1
gcf-baih 3
eea-baih 3
1088
2
ffj-baii 1
bbab-baii 2
1089
3
ife-baij 2
bfh-baij 3
bha-baij 3
1090
4
bcfj-baja 2
cdh-baja 2
cgg-baja 1
bif-baja 2
1091
3
bafj-bajb 3
ji-bajb 2
bdfg-bajb 1
1092
3
bbae-bajc 2
dhb-bajc 2
hih-bajc 1
1093
4
bfjc-bajd 3
edc-bajd 2
hhg-bajd 2
hha-bajd 2
1094
4
hhe-baje 3
iej-baje 1
gfi-baje 2
bdab-baje 2
1095
5
jcd-bajf 3
eca-bajf 1
jeb-bajf 3
bcje-bajf 2
bbgi-bajf 2
1096
2
cgf-bajg 2
fi-bajg 2
1097
2
bia-bajh 2
hba-bajh 3
1098
2
bhf-baji 3
baje-baji 2
1099
3
bajf-bajj 1
ejh-bajj 1
eci-bajj 3
1100
3
ghb-bbaa 1
bcfa-bbaa 2
beeg-bbaa 3
1101
2
cde-bbab 3
bbfc-bbab 3
1102
4
iif-bbac 2
bejd-bbac 1
dce-bbac 2
fed-bbac 1
1103
2
bbag-bbad 2
jbh-bbad 3
1104
6
gid-bbae 2
hg-bbae 2
bcfc-bbae 1
eah-bbae 1
gc-bbae 1
bgba-bbae 1
1105
2
hhg-bbaf 1
eff-bbaf 2
1106
1
gff-bbag 1
1107
4
fhe-bbah 1
bfjh-bbah 2
cja-bbah 1
beci-bbah 1
1108
2
bdch-bbai 2
bhj-bbai 1
1109
1
ich-bbaj 3
1110
5
cgd-bbba 2
hde-bbba 3
hdb-bbba 2
babb-bbba 2
jid-bbba 3
1111
1
hed-bbbb 2
1113
3
bbh-bbbd 2
baec-bbbd 1
bgab-bbbd 3
1114
3
dhj-bbbe 2
bccj-bbbe 1
bcc-bbbe 3
1115
2
cef-bbbf 1
faj-bbbf 2
1116
3
ief-bbbg 1
baci-bbbg 3
icb-bbbg 3
1117
2
ehg-bbbh 2
bagc-bbbh 2
1118
2
gee-bbbi 3
bac-bbbi 1
1119
3
big-bbbj 3
bgdj-bbbj 2
bahe-bbbj 3
1120
2
bdd-bbca 3
jcc-bbca 2
1121
6
hih-bbcb 2
ccc-bbcb 2
fbc-bbcb 1
jfd-bbcb 2
djj-bbcb 2
iee-bbcb 1
1122
2
bgf-bbcc 2
hbd-bbcc 3
1123
3
jjd-bbcd 2
gje-bbcd 1
baii-bbcd 3
1124
2
iff-bbce 1
gde-bbce 2
1125
2
fhc-bbcf 1
bbae-bbcf 2
1126
3
fcg-bbcg 2
ccj-bbcg 3
bdid-bbcg 1
1127
1
icb-bbch 2
1128
2
bie-bbci 1
babh-bbci 2
1129
2
bbbb-bbcj 3
hee-bbcj 2
1130
3
ehh-bbda 3
jde-bbda 2
bbji-bbda 3
1131
5
bfdj-bbdb 1
idc-bbdb 1
bbf-bbdb 3
ifa-bbdb 3
hjj-bbdb 3
1132
1
jh-bbdc 3
1133
5
fgh-bbdd 2
gid-bbdd 3
bci-bbdd 2
eii-bbdd 1
beb-bbdd 2
1134
1
jif-bbde 3
1135
3
gbi-bbdf 1
gbc-bbdf 2
baed-bbdf 1
1136
3
bgdc-bbdg 2
bid-bbdg 1
bhc-bbdg 1
1137
3
bcjd-bbdh 3
ghb-bbdh 1
eef-bbdh 3
1138
3
hbh-bbdi 1
bcba-bbdi 3
baee-bbdi 1
1139
1
ghi-bbdj 3
1140
3
cga-bbea 2
df-bbea 2
dfh-bbea 3
1141
5
bbae-bbeb 2
bffc-bbeb 2
ji-bbeb 3
ihd-bbeb 3
bbde-bbeb 1
1142
2
cai-bbec 1
bcie-bbec 2
1143
1
jc-bbed 2
1144
2
gcj-bbee 2
bdee-bbee 1
1145
4
badd-bbef 2
fjf-bbef 3
ce-bbef 1
fjb-bbef 3
1146
3
bgbc-bbeg 2
bcjg-bbeg 1
eca-bbeg 1
1147
1
eg-bbeh 3
1148
2
gej-bbei 2
eif-bbei 1
1149
3
fci-bbej 3
bcbb-bbej 3
fja-bbej 2
1150
2
jf-bbfa 1
bacc-bbfa 3
1151
5
fgd-bbfb 3
ghj-bbfb 2
bbgg-bbfb 3
baji-bbfb 2
bdah-bbfb 2
1152
2
ibh-bbfc 3
bfej-bbfc 1
1153
4
bdcj-bbfd 2
bdje-bbfd 1
ebc-bbfd 3
eaa-bbfd 2
1154
2
bbgi-bbfe 2
chg-bbfe 3
1155
6
ihi-bbff 3
bdjd-bbff 1
dbh-bbff 1
jig-bbff 1
fcc-bbff 1
hg-bbff 3
1156
4
fea-bbfg 1
bcjh-bbfg 1
bfee-bbfg 3
eee-bbfg 3
1157
3
bbjg-bbfh 2
gec-bbfh 1
efd-bbfh 3
1158
3
bfhb-bbfi 3
bace-bbfi 3
bbej-bbfi 1
1159
4
cbc-bbfj 2
ifc-bbfj 1
babh-bbfj 1
cje-bbfj 1
1160
2
eji-bbga 1
jbc-bbga 3
1161
4
hgd-bbgb 3
iic-bbgb 3
hi-bbgb 2
jff-bbgb 1
1162
1
bafa-bbgc 2
1163
1
bgag-bbgd 3
1164
4
bbff-bbge 3
eb-bbge 1
ddd-bbge 1
ihg-bbge 1
1165
1
fcj-bbgf 3
1166
4
bdai-bbgg 2
gfh-bbgg 1
ca-bbgg 2
bcde-bbgg 1
1167
1
bbei-bbgh 3
1168
4
jgi-bbgi 2
jab-bbgi 1
bfi-bbgi 3
bdgi-bbgi 1
1169
4
bbcj-bbgj 2
bejh-bbgj 3
hjc-bbgj 2
eah-bbgj 2
1170
2
fbe-bbha 1
begi-bbha 1
1171
2
iec-bbhb 1
djd-bbhb 1
1172
3
cbh-bbhc 1
bca-bbhc 2
jdi-bbhc 2
1173
4
ece-bbhd 1
bdb-bbhd 1
j-bbhd 3
bced-bbhd 3
1174
4
id-bbhe 2
fh-bbhe 1
bbgb-bbhe 1
gfe-bbhe 1
1175
3
dia-bbhf 2
bfec-bbhf 1
baif-bbhf 1
1177
2
bcjf-bbhh 3
beee-bbhh 1
1178
2
bfge-bbhi 2
hgi-bbhi 1
1179
1
c-bbhj 2
1180
2
ij-bbia 1
ei-bbia 1
1181
1
bdi-bbib 1
1182
2
iab-bbic 3
befc-bbic 3
1183
1
bbdd-bbid 3
1184
3
def-bbie 3
dee-bbie 1
bbhj-bbie 3
1185
2
bij-bbif 2
dcj-bbif 1
1186
1
cig-bbig 1
1187
2
bfd-bbih 1
gc-bbih 1
1188
2
bfgf-bbii 3
jhc-bbii 2
1189
3
bbdf-bbij 3
cdd-bbij 1
beci-bbij 2
1190
2
bacb-bbja 2
fec-bbja 2
1191
1
gje-bbjb 3
1192
2
bbha-bbjc 2
ii-bbjc 2
1193
1
jig-bbjd 3
1194
1
cbd-bbje 2
1195
4
dji-bbjf 1
jbg-bbjf 2
haj-bbjf 1
fcj-bbjf 3
1196
3
bagj-bbjg 3
hjb-bbjg 3
bbfe-bbjg 1
1197
2
bcjb-bbjh 1
jih-bbjh 2
1198
3
ijh-bbji 1
bch-bbji 2
hhi-bbji 2
1199
1
cig-bbjj 2
1200
2
bgb-bcaa 2
bbie-bcaa 2
1201
4
bchi-bcab 1
jjj-bcab 1
gce-bcab 2
dfi-bcab 3
1202
3
had-bcac 3
fa-bcac 2
hac-bcac 1
1203
3
bgcb-bcad 2
bdf-bcad 2
hcd-bcad 2
1204
2
ibg-bcae 3
bdaj-bcae 1
1205
3
bbha-bcaf 3
bcda-bcaf 2
jh-bcaf 1
1206
2
bgch-bcag 2
babb-bcag 2
1207
1
eed-bcah 2
1208
1
bbcj-bcai 2
1209
1
bbji-bcaj 3
1210
2
gfc-bcba 1
ejb-bcba 3
1211
3
bdbj-bcbb 3
hag-bcbb 1
die-bcbb 1
1212
5
ef-bcbc 3
dbe-bcbc 2
bbai-bcbc 3
bcij-bcbc 3
bafj-bcbc 3
1213
1
baca-bcbd 2
1214
2
bdd-bcbe 3
gda-bcbe 1
1215
2
igc-bcbf 2
bged-bcbf 1
1216
3
iea-bcbg 2
behc-bcbg 3
dbh-bcbg 1
1218
3
jcf-bcbi 1
jdd-bcbi 2
bfcf-bcbi 1
1219
3
bcch-bcbj 3
hjj-bcbj 2
hgc-bcbj 1
1220
4
jfe-bcca 3
fb-bcca 2
behj-bcca 1
bdhj-bcca 2
1221
3
cid-bccb 2
bcag-bccb 1
egb-bccb 2
1223
3
behg-bccd 1
bfed-bccd 1
ced-bccd 1
1224
2
eci-bcce 3
iib-bcce 1
1225
2
bajb-bccf 1
bfhd-bccf 2
1226
2
badf-bccg 1
begg-bccg 1
1227
1
hjg-bcch 3
1228
2
hjd-bcci 1
bcae-bcci 3
1229
5
dci-bccj 3
cfg-bccj 1
bg-bccj 1
hci-bccj 1
gbe-bccj 2
1230
3
dh-bcda 3
ijd-bcda 3
beii-bcda 1
1231
3
bddd-bcdb 1
bbeb-bcdb 2
baci-bcdb 3
1232
4
ghb-bcdc 1
bfga-bcdc 2
bccd-bcdc 1
bcj-bcdc 2
1233
3
bbfh-bcdd 2
bdid-bcdd 2
bagh-bcdd 2
1234
5
baji-bcde 3
cba-bcde 3
bcha-bcde 2
beje-bcde 3
gic-bcde 1
1235
1
bbef-bcdf 2
1236
3
jje-bcdg 3
chc-bcdg 3
hjc-bcdg 1
1237
2
faf-bcdh 2
bchf-bcdh 1
1238
3
cfg-bcdi 1
becb-bcdi 1
hee-bcdi 3
1239
1
fdb-bcdj 3
1240
1
becb-bcea 2
1241
1
idj-bceb 2
1242
1
dgj-bcec 3
1243
1
bcjd-bced 1
1244
6
ejh-bcee 1
bdja-bcee 3
gdf-bcee 3
ffd-bcee 1
bdca-bcee 3
iai-bcee 3
1245
2
fbj-bcef 2
fbb-bcef 1
1246
1
cca-bceg 3
1247
4
bge-bceh 2
bdae-bceh 2
fab-bceh 2
bbdf-bceh 2
1248
1
bci-bcei 3
1249
3
ef-bcej 3
jfh-bcej 1
gif-bcej 3
1250
2
jfh-bcfa 2
djh-bcfa 3
1252
1
cig-bcfc 3
1253
3
beie-bcfd 3
idg-bcfd 1
jeh-bcfd 1
1254
1
jh-bcfe 1
1255
4
ddd-bcff 1
begg-bcff 2
iie-bcff 1
hfh-bcff 1
1256
2
fjj-bcfg 1
bcje-bcfg 2
1257
1
egd-bcfh 3
1258
1
ihe-bcfi 2
1259
4
ibc-bcfj 2
cig-bcfj 3
jii-bcfj 1
bchb-bcfj 1
1260
1
ghc-bcga 1
1261
2
jae-bcgb 3
eai-bcgb 1
1262
2
beih-bcgc 2
bahc-bcgc 3
1263
1
gba-bcgd 3
1264
2
bgh-bcge 1
baih-bcge 1
1265
1
bbga-bcgf 2
1266
2
beej-bcgg 2
bfhf-bcgg 3
1267
2
bdjg-bcgh 2
cbj-bcgh 3
1268
4
hce-bcgi 3
fca-bcgi 2
bge-bcgi 3
bfh-bcgi 3
1269
3
bdbg-bcgj 1
bfci-bcgj 2
beae-bcgj 3
1270
2
deh-bcha 1
dgg-bcha 2
1271
2
hhd-bchb 3
bdfj-bchb 1
1272
2
cej-bchc 1
bdb-bchc 1
1273
2
jbd-bchd 1
bdaf-bchd 2
1274
2
gcd-bche 2
becg-bche 2
1275
2
hdj-bchf 2
bfag-bchf 2
1276
4
idc-bchg 2
hhj-bchg 2
bebi-bchg 2
hga-bchg 2
1277
5
bbij-bchh 2
hhi-bchh 1
bcjb-bchh 3
bcjj-bchh 2
cjb-bchh 2
1278
2
bcdj-bchi 1
ifh-bchi 3
1279
1
jcd-bchj 1
1280
5
bgec-bcia 1
ibc-bcia 2
baid-bcia 3
hid-bcia 3
hhg-bcia 2
1281
4
bje-bcib 2
dde-bcib 3
bdcc-bcib 2
bfgd-bcib 3
1284
2
eic-bcie 3
bbgh-bcie 3
1285
2
jhh-bcif 2
bdjb-bcif 3
1286
1
fae-bcig 2
1287
1
cae-bcih 1
1288
3
cga-bcii 3
bafh-bcii 3
jeh-bcii 3
1289
1
ebd-bcij 3
1290
3
bbfi-bcja 3
ica-bcja 2
hhd-bcja 2
1291
2
dba-bcjb 2
bcaa-bcjb 2
1292
2
bbdg-bcjc 1
bbaf-bcjc 1
1293
1
hdf-bcjd 1
1294
1
bbfh-bcje 1
1295
4
dde-bcjf 2
bedc-bcjf 2
bdjc-bcjf 3
fda-bcjf 3
1296
2
jce-bcjg 3
eii-bcjg 3
1297
1
dch-bcjh 2
1298
2
ida-bcji 3
dg-bcji 1
1299
2
fig-bcjj 1
bfgi-bcjj 1
1300
3
gcj-bdaa 1
edh-bdaa 1
eba-bdaa 1
1301
2
iji-bdab 1
bdib-bdab 2
1302
2
gba-bdac 2
cgb-bdac 3
1303
3
ch-bdad 3
dja-bdad 2
jdi-bdad 3
1304
2
bahi-bdae 1
bbif-bdae 3
1305
1
ga-bdaf 1
1307
2
beeg-bdah 1
ibd-bdah 3
1308
2
bajh-bdai 2
baij-bdai 2
1309
2
hed-bdaj 3
je-bdaj 1
1310
1
bbch-bdba 1
1311
1
jeh-bdbb 1
1312
1
bcgf-bdbc 2
1314
1
hh-bdbe 3
1315
1
hf-bdbf 2
1316
3
bfii-bdbg 3
hdj-bdbg 1
ddc-bdbg 3
1317
1
jhg-bdbh 3
1318
2
bfbc-bdbi 3
dbc-bdbi 1
1319
4
bbci-bdbj 2
dhe-bdbj 1
gid-bdbj 3
jfa-bdbj 1
1320
1
fej-bdca 2
1321
2
cii-bdcb 3
ibj-bdcb 2
1322
2
bdhf-bdcc 2
iig-bdcc 3
1323
2
bdgd-bdcd 2
bbcb-bdcd 2
1324
1
jfc-bdce 1
1325
1
faa-bdcf 1
1326
1
bce-bdcg 2
1327
2
hgc-bdch 2
cac-bdch 3
1328
2
ci-bdci 2
efh-bdci 2
1329
2
feb-bdcj 3
jjc-bdcj 3
1330
2
bebj-bdda 3
efh-bdda 3
1331
1
bbbg-bddb 3
1333
2
bcbf-bddd 1
daa-bddd 1
1334
2
jif-bdde 3
bid-bdde 3
1335
3
bbcc-bddf 2
bbbg-bddf 2
gig-bddf 1
1336
1
badj-bddg 2
1337
1
bffa-bddh 2
1338
1
fjg-bddi 1
1339
3
bj-bddj 3
bbbe-bddj 3
bcaf-bddj 2
1340
1
dc-bdea 2
1341
2
jaf-bdeb 1
bdif-bdeb 2
1342
4
bfeg-bdec 2
cca-bdec 1
bfaf-bdec 3
ida-bdec 2
1343
2
bbbi-bded 2
befd-bded 3
1344
3
cgc-bdee 2
bcie-bdee 2
gii-bdee 2
1345
2
bbeg-bdef 2
hbe-bdef 3
1346
3
hdh-bdeg 2
bgfb-bdeg 2
iai-bdeg 1
1347
2
cfc-bdeh 3
ecj-bdeh 1
1348
1
bccd-bdei 2
1349
2
bfaa-bdej 1
jag-bdej 1
1350
3
jjf-bdfa 3
hdb-bdfa 3
bje-bdfa 2
1351
2
icf-bdfb 3
ijg-bdfb 1
1352
1
hdc-bdfc 3
1353
2
efb-bdfd 3
bec-bdfd 1
1354
2
gdf-bdfe 3
bfeg-bdfe 2
1355
1
jga-bdff 2
1356
2
bdic-bdfg 3
bib-bdfg 1
1357
2
bege-bdfh 1
bacc-bdfh 1
1358
2
jcf-bdfi 2
becc-bdfi 1
1359
2
hae-bdfj 1
bbjf-bdfj 1
1360
4
bafa-bdga 1
ihf-bdga 2
begc-bdga 3
ehh-bdga 1
1361
3
fca-bdgb 2
bead-bdgb 3
hig-bdgb 2
1362
2
eba-bdgc 2
bcbd-bdgc 3
1363
2
gga-bdgd 1
gbc-bdgd 2
1364
1
baej-bdge 1
1365
2
fcc-bdgf 1
bfbe-bdgf 1
1366
1
fbh-bdgg 2
1367
2
eea-bdgh 2
ghj-bdgh 3
1368
2
bdjb-bdgi 2
bdj-bdgi 2
1369
2
bgdi-bdgj 1
hhh-bdgj 2
1370
3
gfj-bdha 2
behi-bdha 3
daj-bdha 2
1371
2
haf-bdhb 1
hbh-bdhb 1
1372
2
bahg-bdhc 1
jei-bdhc 1
1373
2
bae-bdhd 1
bcbg-bdhd 3
1374
4
bagb-bdhe 2
baia-bdhe 1
ecc-bdhe 1
jjj-bdhe 3
1375
2
bfae-bdhf 1
bcdh-bdhf 2
1376
1
efd-bdhg 2
1377
1
bdfd-bdhh 3
1378
3
ccf-bdhi 2
hb-bdhi 2
ihe-bdhi 3
1379
1
iah-bdhj 1
1380
2
bgff-bdia 3
jgg-bdia 1
1381
1
bcfi-bdib 3
1382
1
hhg-bdic 3
1383
1
beh-bdid 2
1384
1
igc-bdie 3
1385
2
f-bdif 3
fgc-bdif 2
1386
2
bdge-bdig 3
bajc-bdig 2
1387
1
ijf-bdih 3
1388
2
cch-bdii 1
fbg-bdii 3
1389
1
fbg-bdij 3
1390
2
bdeb-bdja 2
bbhb-bdja 1
1391
1
bchd-bdjb 2
1392
2
bfbb-bdjc 1
ifh-bdjc 3
1393
1
eca-bdjd 3
1394
3
bacj-bdje 2
cge-bdje 1
bbjb-bdje 3
1395
1
jig-bdjf 1
1396
1
bdef-bdjg 3
1397
2
baj-bdjh 2
bfdf-bdjh 1
1398
1
egb-bdji 1
1399
2
cb-bdjj 2
bccf-bdjj 1
1400
2
bcfj-beaa 2
eeb-beaa 3
1401
2
baai-beab 2
bdde-beab 2
1403
2
bib-bead 3
bafg-bead 2
1404
1
bdch-beae 2
1405
1
geb-beaf 2
1406
1
cci-beag 1
1407
3
jie-beah 1
bgfc-beah 2
bche-beah 3
1408
1
ida-beai 3
1409
2
bcea-beaj 1
dea-beaj 1
1410
3
bbcb-beba 3
bbf-beba 1
bfg-beba 3
1411
1
bgf-bebb 1
1412
1
bbah-bebc 2
1413
2
bejj-bebd 2
babc-bebd 3
1414
1
bccd-bebe 1
1415
2
ghb-bebf 1
bbfj-bebf 3
1416
1
idj-bebg 3
1417
2
bbgc-bebh 3
dag-bebh 3
1418
1
fad-bebi 1
1419
1
bbec-bebj 2
1420
2
ddg-beca 3
jjf-beca 2
1421
3
bfbj-becb 3
jed-becb 3
bcg-becb 3
1422
2
haf-becc 3
bcc-becc 3
1423
2
bbii-becd 3
fba-becd 1
1424
1
fii-bece 1
1425
2
fed-becf 1
hce-becf 1
1426
1
bagi-becg 1
1427
1
dfj-bech 3
1428
1
bbgj-beci 1
1429
2
bdbi-becj 2
hec-becj 1
1430
3
cbd-beda 2
bfhh-beda 2
bc-beda 1
1431
1
bebd-bedb 3
1432
2
baic-bedc 1
bfaj-bedc 2
1433
1
ceg-bedd 1
1434
2
bbda-bede 1
hf-bede 3
1435
2
ebh-bedf 1
djf-bedf 1
1436
1
jbg-bedg 2
1437
2
bgai-bedh 2
baha-bedh 2
1438
2
iib-bedi 2
bfba-bedi 2
1439
1
igd-bedj 3
1441
2
hcf-beeb 2
bbee-beeb 1
1442
1
jba-beec 1
1443
3
dgj-beed 1
bfih-beed 1
becd-beed 3
1444
2
hhc-beee 1
eff-beee 3
1445
2
icf-beef 3
hhf-beef 3
1446
3
bdeb-beeg 2
he-beeg 1
befc-beeg 3
1447
1
bdgc-beeh 1
1448
1
bdcg-beei 1
1449
1
cge-beej 2
1450
2
cbc-befa 1
ebe-befa 2
1451
1
babd-befb 2
1452
1
bchf-befc 2
1453
3
dci-befd 1
chj-befd 1
iia-befd 1
1454
1
fif-befe 2
1455
2
hc-beff 1
fid-beff 1
1456
1
bah-befg 1
1457
1
heh-befh 3
1458
1
bahf-befi 2
1459
1
bdgc-befj 3
1460
1
gca-bega 1
1461
1
iie-begb 3
1462
2
bgad-begc 2
ghf-begc 3
1463
1
bdgi-begd 2
1464
2
babb-bege 1
bdci-bege 1
1466
2
ifb-begg 2
bfai-begg 3
1467
1
eac-begh 1
1468
1
cff-begi 1
1469
2
bbfb-begj 2
eef-begj 3
1470
3
bebd-beha 3
cji-beha 2
hcj-beha 3
1471
1
bfdh-behb 1
1472
1
ifa-behc 3
1473
1
eda-behd 2
1474
3
bgaa-behe 2
ihd-behe 3
baja-behe 2
1475
1
hdf-behf 2
1476
1
iei-behg 3
1477
1
bcgg-behh 2
1478
2
bgde-behi 2
bjh-behi 3
1479
2
dbd-behj 2
ihb-behj 2
1480
1
ffd-beia 1
1481
1
bdaj-beib 2
1482
3
dg-beic 1
ec-beic 2
bbb-beic 2
1483
2
bdje-beid 2
iai-beid 1
1485
3
gab-beif 2
cii-beif 1
hfb-beif 3
1486
2
baf-beig 3
bedd-beig 3
1487
2
dcc-beih 2
ijd-beih 1
1488
1
cbe-beii 1
1489
2
bah-beij 1
che-beij 1
1490
1
cid-beja 1
1491
1
bace-bejb 1
1493
1
badc-bejd 1
1494
1
baag-beje 2
1495
1
jhi-bejf 2
1496
2
cha-bejg 2
bcag-bejg 3
1497
1
bdaa-bejh 2
1498
2
ifa-beji 1
dcf-beji 2
1499
1
cdg-bejj 2
1500
2
bhf-bfaa 2
ccd-bfaa 2
1501
1
fbi-bfab 2
1503
1
jhc-bfad 3
1504
3
bfah-bfae 1
ecc-bfae 3
bai-bfae 2
1505
2
hbb-bfaf 1
bedh-bfaf 1
1506
2
bdad-bfag 1
jai-bfag 2
1507
1
jbf-bfah 3
1508
1
bcaj-bfai 3
1509
1
bcjd-bfaj 3
1510
1
bdgg-bfba 3
1511
1
hda-bfbb 2
1512
1
ijd-bfbc 1
1513
3
bbjd-bfbd 2
dcg-bfbd 3
fia-bfbd 1
1514
1
behh-bfbe 3
1515
2
efe-bfbf 3
bdga-bfbf 2
1516
1
hih-bfbg 2
1518
1
jjc-bfbi 1
1519
1
beif-bfbj 2
1520
1
ghc-bfca 3
1521
3
gfa-bfcb 3
gaj-bfcb 3
bbba-bfcb 2
1522
1
gga-bfcc 1
1523
3
bcdc-bfcd 3
bdbj-bfcd 1
ggc-bfcd 1
1524
1
jh-bfce 2
1525
1
bca-bfcf 2
1526
3
bgdj-bfcg 3
cjc-bfcg 1
bfgg-bfcg 2
1527
1
bafe-bfch 1
1528
1
fjb-bfci 3
1529
2
gh-bfcj 3
dif-bfcj 1
1530
2
baai-bfda 2
bgce-bfda 3
1531
1
iih-bfdb 2
1532
1
bfbc-bfdc 1
1534
1
jgf-bfde 1
1535
1
ddf-bfdf 1
1536
1
bdfi-bfdg 1
1537
1
bdec-bfdh 2
1538
2
ihc-bfdi 1
fgc-bfdi 3
1539
2
dgg-bfdj 2
bddd-bfdj 1
1540
1
jdg-bfea 1
1541
1
ggf-bfeb 1
1542
2
edg-bfec 1
bdge-bfec 3
1543
2
iea-bfed 1
iia-bfed 3
1544
2
fhi-bfee 3
dae-bfee 3
1545
4
bgaf-bfef 3
bgda-bfef 3
ied-bfef 2
faa-bfef 1
1546
1
dfb-bfeg 3
1548
1
cbf-bfei 2
1549
1
bdia-bfej 1
1550
1
iab-bffa 1
1551
1
bda-bffb 3
1552
1
iai-bffc 2
1553
1
egi-bffd 1
1555
1
becg-bfff 1
1556
1
gci-bffg 2
1557
1
ghi-bffh 3
1558
1
ed-bffi 2
1559
1
eda-bffj 1
1560
2
dcg-bfga 3
bfj-bfga 2
1561
2
bcfj-bfgb 2
beif-bfgb 1
1562
1
bdac-bfgc 2
1563
1
ihj-bfgd 2
1564
1
chj-bfge 1
1565
2
eig-bfgf 2
bgga-bfgf 2
1566
1
ec-bfgg 2
1567
1
bbie-bfgh 1
1568
3
bgej-bfgi 1
bgee-bfgi 2
fea-bfgi 2
1570
1
cga-bfha 3
1571
1
bhg-bfhb 1
1572
1
dgd-bfhc 3
1573
1
bdgb-bfhd 3
1574
1
bfi-bfhe 1
1575
2
ded-bfhf 3
jjj-bfhf 1
1576
2
bfhi-bfhg 3
ibi-bfhg 3
1577
1
ibh-bfhh 2
1578
1
ice-bfhi 2
1579
2
gih-bfhj 1
bejj-bfhj 2
1580
1
df-bfia 3
1581
1
bdca-bfib 3
1582
2
bgfg-bfic 3
igc-bfic 3
1583
1
hfa-bfid 3
1584
1
ceh-bfie 1
1585
2
caa-bfif 3
dfi-bfif 3
1587
1
cif-bfih 2
1588
2
hjg-bfii 1
edc-bfii 2
1589
1
gih-bfij 2
1590
1
bie-bfja 1
1591
1
icj-bfjb 3
1592
1
bej-bfjc 3
1593
1
bajd-bfjd 3
1594
1
bfba-bfje 2
1595
1
cdg-bfjf 2
1596
1
bdej-bfjg 2
1597
1
bcga-bfjh 3
1599
1
hhg-bfjj 1
1600
1
bcdd-bgaa 2
1601
1
fga-bgab 3
1602
1
babg-bgac 2
1603
1
bdba-bgad 1
1604
1
bajd-bgae 1
1605
1
beab-bgaf 1
1606
1
bed-bgag 2
1607
1
bdhi-bgah 2
1608
1
baji-bgai 2
1609
1
egb-bgaj 1
1610
1
ddd-bgba 1
1611
1
dib-bgbb 1
1612
1
bba-bgbc 1
1613
2
bfb-bgbd 2
bfje-bgbd 1
1614
1
bfhe-bgbe 3
1615
1
bbfa-bgbf 1
1616
1
dff-bgbg 2
1617
2
ece-bgbh 2
bgfh-bgbh 1
1618
1
bfjc-bgbi 1
1619
1
cbj-bgbj 2
1620
1
hjh-bgca 3
1621
1
icd-bgcb 1
1622
2
dga-bgcc 2
bdbe-bgcc 3
1624
1
bacd-bgce 1
1625
1
cib-bgcf 2
1626
1
cba-bgcg 2
1627
1
cga-bgch 1
1628
2
bda-bgci 2
hje-bgci 1
1629
1
beeg-bgcj 3
1630
1
bcai-bgda 1
1631
1
jdd-bgdb 2
1632
1
gbb-bgdc 3
1633
3
bffd-bgdd 3
ede-bgdd 3
bhf-bgdd 1
1634
1
beic-bgde 3
1635
1
bbia-bgdf 1
1636
1
baf-bgdg 3
1637
1
hhh-bgdh 1
1638
2
bach-bgdi 2
jdi-bgdi 3
1639
1
jdb-bgdj 2
1640
1
bcia-bgea 3
1641
1
ega-bgeb 3
1642
2
bacg-bgec 3
djd-bgec 2
1643
1
behi-bged 1
1644
1
hjf-bgee 2
1645
1
fed-bgef 1
1646
1
baca-bgeg 2
1647
1
bece-bgeh 2
1648
1
bgca-bgei 3
1649
1
jej-bgej 3
1650
1
bddj-bgfa 2
1651
1
bhh-bgfb 2
1652
1
bfjg-bgfc 3
1653
2
ddb-bgfd 2
gif-bgfd 1
1654
1
bfcf-bgfe 3
1655
1
bcgh-bgff 3
1656
1
bce-bgfg 3
1657
1
bgbi-bgfh 1
1658
1
bie-bgfi 2
1659
1
eef-bgfj 3
1660
1
bdhi-bgga 3
1661
1
bdhg-bggb 2
