500
0
1
eji-a 1
1
2
ejj-b 2
a-b 1
2
1
b-c 2
3
2
c-d 2
ejj-d 1
4
1
d-e 1
5
2
e-f 2
ejj-f 3
6
1
f-g 3
7
2
g-h 2
ejj-h 2
8
1
h-i 1
9
2
i-j 1
ejj-j 1
10
1
j-ba 2
11
2
ba-bb 3
ejj-bb 2
12
1
bb-bc 3
13
2
bc-bd 1
ejj-bd 1
14
1
bd-be 1
15
2
be-bf 2
ejj-bf 1
16
1
bf-bg 3
17
2
bg-bh 2
ejj-bh 1
18
1
bh-bi 1
19
2
bi-bj 2
ejj-bj 3
20
1
bj-ca 2
21
2
ca-cb 1
ejj-cb 1
22
1
cb-cc 1
23
2
cc-cd 3
ejj-cd 1
24
1
cd-ce 1
25
2
ce-cf 1
ejj-cf 2
26
1
cf-cg 2
27
2
ejj-ch 3
cg-ch 2
28
1
ch-ci 2
29
2
ci-cj 2
ejj-cj 1
30
1
cj-da 2
31
2
da-db 2
ejj-db 3
32
1
db-dc 2
33
2
dc-dd 1
ejj-dd 3
34
1
dd-de 3
35
2
de-df 3
ejj-df 3
36
1
df-dg 2
37
2
dg-dh 1
ejj-dh 2
38
1
dh-di 3
39
2
di-dj 3
ejj-dj 2
40
1
dj-ea 3
41
2
ea-eb 3
ejj-eb 3
42
1
eb-ec 3
43
2
ec-ed 3
ejj-ed 2
44
1
ed-ee 3
45
2
ee-ef 3
ejj-ef 2
46
1
ef-eg 2
47
2
eg-eh 3
ejj-eh 1
48
1
eh-ei 3
49
2
ei-ej 1
ejj-ej 3
50
1
ej-fa 1
51
2
fa-fb 2
ejj-fb 3
52
1
fb-fc 2
53
2
fc-fd 1
ejj-fd 2
54
1
fd-fe 2
55
2
fe-ff 3
ejj-ff 2
56
1
ff-fg 1
57
2
fg-fh 3
ejj-fh 2
58
1
fh-fi 2
59
2
fi-fj 3
ejj-fj 2
60
1
fj-ga 1
61
2
ga-gb 1
ejj-gb 3
62
1
gb-gc 1
63
2
gc-gd 3
ejj-gd 2
64
1
gd-ge 1
65
2
ge-gf 2
ejj-gf 1
66
1
gf-gg 2
67
2
gg-gh 3
ejj-gh 3
68
1
gh-gi 3
69
2
ejj-gj 1
gi-gj 3
70
1
gj-ha 2
71
2
ha-hb 2
ejj-hb 3
72
1
hb-hc 3
73
2
hc-hd 1
ejj-hd 3
74
1
hd-he 2
75
2
he-hf 1
ejj-hf 1
76
1
hf-hg 3
77
2
hg-hh 2
ejj-hh 2
78
1
hh-hi 2
79
2
hi-hj 1
ejj-hj 1
80
1
hj-ia 1
81
2
ia-ib 2
ejj-ib 1
82
1
ib-ic 1
83
2
ic-id 2
ejj-id 2
84
1
id-ie 3
85
2
ie-if 2
ejj-if 2
86
1
if-ig 3
87
2
ig-ih 2
ejj-ih 1
88
1
ih-ii 1
89
2
ii-ij 3
ejj-ij 1
90
1
ij-ja 3
91
2
ja-jb 2
ejj-jb 3
92
1
jb-jc 1
93
2
jc-jd 1
ejj-jd 2
94
1
jd-je 1
95
2
je-jf 3
ejj-jf 2
96
1
jf-jg 1
97
2
jg-jh 3
ejj-jh 3
98
1
jh-ji 3
99
2
ji-jj 2
ejj-jj 1
100
1
jj-baa 2
101
2
baa-bab 2
ejj-bab 2
102
1
bab-bac 1
103
2
bac-bad 3
ejj-bad 2
104
1
bad-bae 2
105
2
bae-baf 2
ejj-baf 1
106
1
baf-bag 3
107
2
bag-bah 3
ejj-bah 1
108
1
bah-bai 2
109
2
bai-baj 1
ejj-baj 3
110
1
baj-bba 3
111
2
ejj-bbb 1
bba-bbb 2
112
1
bbb-bbc 3
113
2
bbc-bbd 1
ejj-bbd 3
114
1
bbd-bbe 1
115
2
bbe-bbf 3
ejj-bbf 1
116
1
bbf-bbg 3
117
2
bbg-bbh 2
ejj-bbh 3
118
1
bbh-bbi 2
119
2
bbi-bbj 1
ejj-bbj 3
120
1
bbj-bca 2
121
2
bca-bcb 2
ejj-bcb 2
122
1
bcb-bcc 1
123
2
bcc-bcd 3
ejj-bcd 2
124
1
bcd-bce 3
125
2
bce-bcf 1
ejj-bcf 3
126
1
bcf-bcg 1
127
2
bcg-bch 3
ejj-bch 2
128
1
bch-bci 2
129
2
bci-bcj 1
ejj-bcj 3
130
1
bcj-bda 1
131
2
bda-bdb 2
ejj-bdb 3
132
1
bdb-bdc 1
133
2
bdc-bdd 2
ejj-bdd 2
134
1
bdd-bde 3
135
2
bde-bdf 3
ejj-bdf 3
136
1
bdf-bdg 3
137
2
bdg-bdh 3
ejj-bdh 2
138
1
bdh-bdi 2
139
2
bdi-bdj 2
ejj-bdj 1
140
1
bdj-bea 1
141
2
bea-beb 3
ejj-beb 2
142
1
beb-bec 3
143
2
bec-bed 3
ejj-bed 3
144
1
bed-bee 1
145
2
bee-bef 2
ejj-bef 3
146
1
bef-beg 1
147
2
beg-beh 3
ejj-beh 3
148
1
beh-bei 2
149
2
bei-bej 1
ejj-bej 3
150
1
bej-bfa 2
151
2
bfa-bfb 1
ejj-bfb 2
152
1
bfb-bfc 3
153
2
ejj-bfd 1
bfc-bfd 1
154
1
bfd-bfe 2
155
2
bfe-bff 2
ejj-bff 2
156
1
bff-bfg 1
157
2
bfg-bfh 3
ejj-bfh 1
158
1
bfh-bfi 1
159
2
bfi-bfj 3
ejj-bfj 1
160
1
bfj-bga 1
161
2
bga-bgb 1
ejj-bgb 2
162
1
bgb-bgc 3
163
2
bgc-bgd 1
ejj-bgd 1
164
1
bgd-bge 3
165
2
bge-bgf 2
ejj-bgf 1
166
1
bgf-bgg 2
167
2
bgg-bgh 3
ejj-bgh 3
168
1
bgh-bgi 1
169
2
bgi-bgj 3
ejj-bgj 1
170
1
bgj-bha 2
171
2
bha-bhb 2
ejj-bhb 3
172
1
bhb-bhc 2
173
2
bhc-bhd 1
ejj-bhd 2
174
1
bhd-bhe 3
175
2
bhe-bhf 3
ejj-bhf 2
176
1
bhf-bhg 2
177
2
bhg-bhh 2
ejj-bhh 1
178
1
bhh-bhi 3
179
2
bhi-bhj 1
ejj-bhj 3
180
1
bhj-bia 3
181
2
bia-bib 1
ejj-bib 3
182
1
bib-bic 3
183
2
ejj-bid 2
bic-bid 2
184
1
bid-bie 3
185
2
bie-bif 3
ejj-bif 1
186
1
bif-big 3
187
2
big-bih 1
ejj-bih 2
188
1
bih-bii 2
189
2
ejj-bij 2
bii-bij 3
190
1
bij-bja 2
191
2
ejj-bjb 2
bja-bjb 2
192
1
bjb-bjc 1
193
2
bjc-bjd 2
ejj-bjd 2
194
1
bjd-bje 1
195
2
ejj-bjf 1
bje-bjf 2
196
1
bjf-bjg 1
197
2
bjg-bjh 2
ejj-bjh 2
198
1
bjh-bji 3
199
2
bji-bjj 2
ejj-bjj 1
200
1
bjj-caa 3
201
2
caa-cab 2
ejj-cab 2
202
1
cab-cac 1
203
2
cac-cad 2
ejj-cad 1
204
1
cad-cae 2
205
2
cae-caf 3
ejj-caf 3
206
1
caf-cag 2
207
2
cag-cah 1
ejj-cah 2
208
1
cah-cai 1
209
2
cai-caj 3
ejj-caj 2
210
1
caj-cba 2
211
2
cba-cbb 1
ejj-cbb 2
212
1
cbb-cbc 3
213
2
cbc-cbd 3
ejj-cbd 2
214
1
cbd-cbe 1
215
2
cbe-cbf 3
ejj-cbf 2
216
1
cbf-cbg 2
217
2
cbg-cbh 2
ejj-cbh 3
218
1
cbh-cbi 3
219
2
cbi-cbj 2
ejj-cbj 1
220
1
cbj-cca 3
221
2
cca-ccb 2
ejj-ccb 3
222
1
ccb-ccc 3
223
2
ccc-ccd 2
ejj-ccd 2
224
1
ccd-cce 1
225
2
cce-ccf 1
ejj-ccf 1
226
1
ccf-ccg 1
227
2
ccg-cch 2
ejj-cch 3
228
1
cch-cci 2
229
2
cci-ccj 3
ejj-ccj 1
230
1
ccj-cda 2
231
2
cda-cdb 3
ejj-cdb 1
232
1
cdb-cdc 2
233
2
cdc-cdd 3
ejj-cdd 1
234
1
cdd-cde 2
235
2
cde-cdf 2
ejj-cdf 1
236
1
cdf-cdg 3
237
2
ejj-cdh 1
cdg-cdh 2
238
1
cdh-cdi 3
239
2
cdi-cdj 3
ejj-cdj 2
240
1
cdj-cea 3
241
2
cea-ceb 3
ejj-ceb 1
242
1
ceb-cec 2
243
2
cec-ced 3
ejj-ced 2
244
1
ced-cee 1
245
2
cee-cef 3
ejj-cef 1
246
1
cef-ceg 2
247
2
ceg-ceh 2
ejj-ceh 1
248
1
ceh-cei 2
249
2
cei-cej 2
ejj-cej 2
250
1
cej-cfa 1
251
2
cfa-cfb 3
ejj-cfb 1
252
1
cfb-cfc 2
253
2
cfc-cfd 3
ejj-cfd 1
254
1
cfd-cfe 1
255
2
cfe-cff 1
ejj-cff 2
256
1
cff-cfg 3
257
2
ejj-cfh 1
cfg-cfh 3
258
1
cfh-cfi 3
259
2
cfi-cfj 1
ejj-cfj 2
260
1
cfj-cga 2
261
2
cga-cgb 2
ejj-cgb 1
262
1
cgb-cgc 2
263
2
cgc-cgd 3
ejj-cgd 1
264
1
cgd-cge 1
265
2
ejj-cgf 2
cge-cgf 3
266
1
cgf-cgg 3
267
2
ejj-cgh 3
cgg-cgh 2
268
1
cgh-cgi 1
269
2
ejj-cgj 3
cgi-cgj 1
270
1
cgj-cha 3
271
2
ejj-chb 2
cha-chb 2
272
1
chb-chc 2
273
2
chc-chd 1
ejj-chd 1
274
1
chd-che 3
275
2
che-chf 2
ejj-chf 3
276
1
chf-chg 2
277
2
ejj-chh 3
chg-chh 2
278
1
chh-chi 1
279
2
ejj-chj 2
chi-chj 1
280
1
chj-cia 1
281
2
cia-cib 1
ejj-cib 1
282
1
cib-cic 1
283
2
cic-cid 1
ejj-cid 1
284
1
cid-cie 1
285
2
cie-cif 2
ejj-cif 1
286
1
cif-cig 1
287
2
cig-cih 2
ejj-cih 3
288
1
cih-cii 2
289
2
cii-cij 3
ejj-cij 1
290
1
cij-cja 1
291
2
cja-cjb 1
ejj-cjb 3
292
1
cjb-cjc 2
293
2
cjc-cjd 3
ejj-cjd 2
294
1
cjd-cje 1
295
2
cje-cjf 2
ejj-cjf 1
296
1
cjf-cjg 2
297
2
cjg-cjh 3
ejj-cjh 3
298
1
cjh-cji 2
299
2
cji-cjj 1
ejj-cjj 3
300
1
cjj-daa 1
301
2
daa-dab 3
ejj-dab 2
302
1
dab-dac 1
303
2
dac-dad 2
ejj-dad 1
304
1
dad-dae 2
305
2
dae-daf 1
ejj-daf 3
306
1
daf-dag 3
307
2
dag-dah 2
ejj-dah 2
308
1
dah-dai 3
309
2
dai-daj 1
ejj-daj 2
310
1
daj-dba 1
311
2
dba-dbb 2
ejj-dbb 1
312
1
dbb-dbc 2
313
2
dbc-dbd 1
ejj-dbd 2
314
1
dbd-dbe 3
315
2
dbe-dbf 3
ejj-dbf 1
316
1
dbf-dbg 1
317
2
dbg-dbh 1
ejj-dbh 2
318
1
dbh-dbi 2
319
2
dbi-dbj 3
ejj-dbj 3
320
1
dbj-dca 1
321
2
ejj-dcb 2
dca-dcb 3
322
1
dcb-dcc 2
323
2
dcc-dcd 2
ejj-dcd 2
324
1
dcd-dce 1
325
2
dce-dcf 2
ejj-dcf 1
326
1
dcf-dcg 1
327
2
dcg-dch 3
ejj-dch 1
328
1
dch-dci 3
329
2
dci-dcj 3
ejj-dcj 2
330
1
dcj-dda 3
331
2
dda-ddb 1
ejj-ddb 3
332
1
ddb-ddc 1
333
2
ddc-ddd 2
ejj-ddd 1
334
1
ddd-dde 2
335
2
dde-ddf 1
ejj-ddf 2
336
1
ddf-ddg 1
337
2
ddg-ddh 1
ejj-ddh 1
338
1
ddh-ddi 1
339
2
ddi-ddj 2
ejj-ddj 1
340
1
ddj-dea 1
341
2
dea-deb 1
ejj-deb 1
342
1
deb-dec 2
343
2
dec-ded 2
ejj-ded 1
344
1
ded-dee 3
345
2
dee-def 2
ejj-def 1
346
1
def-deg 1
347
2
deg-deh 1
ejj-deh 1
348
1
deh-dei 2
349
2
dei-dej 3
ejj-dej 1
350
1
dej-dfa 1
351
2
dfa-dfb 3
ejj-dfb 1
352
1
dfb-dfc 2
353
2
dfc-dfd 2
ejj-dfd 1
354
1
dfd-dfe 1
355
2
dfe-dff 1
ejj-dff 2
356
1
dff-dfg 2
357
2
dfg-dfh 3
ejj-dfh 1
358
1
dfh-dfi 1
359
2
dfi-dfj 3
ejj-dfj 1
360
1
dfj-dga 2
361
2
dga-dgb 2
ejj-dgb 3
362
1
dgb-dgc 2
363
2
ejj-dgd 2
dgc-dgd 1
364
1
dgd-dge 1
365
2
dge-dgf 1
ejj-dgf 3
366
1
dgf-dgg 1
367
2
dgg-dgh 1
ejj-dgh 1
368
1
dgh-dgi 2
369
2
dgi-dgj 1
ejj-dgj 1
370
1
dgj-dha 3
371
2
dha-dhb 1
ejj-dhb 3
372
1
dhb-dhc 3
373
2
dhc-dhd 3
ejj-dhd 2
374
1
dhd-dhe 2
375
2
dhe-dhf 3
ejj-dhf 2
376
1
dhf-dhg 2
377
2
dhg-dhh 3
ejj-dhh 1
378
1
dhh-dhi 2
379
2
dhi-dhj 1
ejj-dhj 3
380
1
dhj-dia 2
381
2
dia-dib 2
ejj-dib 2
382
1
dib-dic 3
383
2
dic-did 1
ejj-did 2
384
1
did-die 3
385
2
die-dif 1
ejj-dif 3
386
1
dif-dig 2
387
2
dig-dih 1
ejj-dih 2
388
1
dih-dii 3
389
2
dii-dij 1
ejj-dij 3
390
1
dij-dja 2
391
2
dja-djb 2
ejj-djb 1
392
1
djb-djc 3
393
2
djc-djd 3
ejj-djd 3
394
1
djd-dje 3
395
2
dje-djf 1
ejj-djf 2
396
1
djf-djg 3
397
2
djg-djh 3
ejj-djh 1
398
1
djh-dji 1
399
2
dji-djj 1
ejj-djj 3
400
1
djj-eaa 2
401
2
eaa-eab 2
ejj-eab 2
402
1
eab-eac 2
403
2
eac-ead 3
ejj-ead 3
404
1
ead-eae 3
405
2
ejj-eaf 1
eae-eaf 2
406
1
eaf-eag 1
407
2
eag-eah 2
ejj-eah 3
408
1
eah-eai 1
409
2
eai-eaj 3
ejj-eaj 3
410
1
eaj-eba 1
411
2
eba-ebb 1
ejj-ebb 2
412
1
ebb-ebc 1
413
2
ebc-ebd 1
ejj-ebd 1
414
1
ebd-ebe 3
415
2
ebe-ebf 3
ejj-ebf 1
416
1
ebf-ebg 2
417
2
ebg-ebh 1
ejj-ebh 1
418
1
ebh-ebi 2
419
2
ebi-ebj 1
ejj-ebj 2
420
1
ebj-eca 2
421
2
eca-ecb 1
ejj-ecb 2
422
1
ecb-ecc 2
423
2
ecc-ecd 1
ejj-ecd 3
424
1
ecd-ece 2
425
2
ece-ecf 3
ejj-ecf 3
426
1
ecf-ecg 1
427
2
ecg-ech 3
ejj-ech 3
428
1
ech-eci 1
429
2
eci-ecj 2
ejj-ecj 2
430
1
ecj-eda 3
431
2
eda-edb 3
ejj-edb 2
432
1
edb-edc 2
433
2
edc-edd 1
ejj-edd 1
434
1
edd-ede 1
435
2
ede-edf 1
ejj-edf 3
436
1
edf-edg 1
437
2
edg-edh 2
ejj-edh 2
438
1
edh-edi 2
439
2
edi-edj 3
ejj-edj 1
440
1
edj-eea 1
441
2
eea-eeb 2
ejj-eeb 1
442
1
eeb-eec 2
443
2
eec-eed 1
ejj-eed 1
444
1
eed-eee 1
445
2
eee-eef 2
ejj-eef 1
446
1
eef-eeg 1
447
2
ejj-eeh 1
eeg-eeh 3
448
1
eeh-eei 2
449
2
eei-eej 2
ejj-eej 1
450
1
eej-efa 2
451
2
efa-efb 2
ejj-efb 1
452
1
efb-efc 1
453
2
efc-efd 1
ejj-efd 3
454
1
efd-efe 2
455
2
efe-eff 2
ejj-eff 3
456
1
eff-efg 1
457
2
efg-efh 3
ejj-efh 3
458
1
efh-efi 3
459
2
efi-efj 3
ejj-efj 1
460
1
efj-ega 2
461
2
ega-egb 2
ejj-egb 3
462
1
egb-egc 3
463
2
egc-egd 3
ejj-egd 2
464
1
egd-ege 1
465
2
ege-egf 3
ejj-egf 1
466
1
egf-egg 2
467
2
egg-egh 2
ejj-egh 1
468
1
egh-egi 2
469
2
egi-egj 1
ejj-egj 2
470
1
egj-eha 1
471
2
eha-ehb 2
ejj-ehb 1
472
1
ehb-ehc 1
473
2
ehc-ehd 1
ejj-ehd 3
474
1
ehd-ehe 1
475
2
ehe-ehf 3
ejj-ehf 1
476
1
ehf-ehg 1
477
2
ehg-ehh 2
ejj-ehh 3
478
1
ehh-ehi 1
479
2
ehi-ehj 2
ejj-ehj 3
480
1
ehj-eia 3
481
2
eia-eib 2
ejj-eib 3
482
1
eib-eic 3
483
2
eic-eid 2
ejj-eid 1
484
1
eid-eie 1
485
2
eie-eif 1
ejj-eif 2
486
1
eif-eig 1
487
2
eig-eih 3
ejj-eih 2
488
1
eih-eii 3
489
2
ejj-eij 1
eii-eij 1
490
1
eij-eja 3
491
2
eja-ejb 1
ejj-ejb 1
492
1
ejb-ejc 3
493
2
ejc-ejd 3
ejj-ejd 1
494
1
ejd-eje 3
495
2
eje-ejf 1
ejj-ejf 2
496
1
ejf-ejg 3
497
2
ejg-ejh 2
ejj-ejh 3
498
1
ejh-eji 2
499
250
bje-ejj 2
dca-ejj 3
dgc-ejj 1
eae-ejj 3
eeg-ejj 3
eii-ejj 2
bhe-ejj 2
cfi-ejj 3
g-ejj 3
ei-ejj 1
ja-ejj 1
cbg-ejj 1
die-ejj 1
ecg-ejj 1
bjg-ejj 3
dcc-ejj 3
dge-ejj 1
eag-ejj 3
eei-ejj 3
eja-ejj 3
cga-ejj 2
i-ejj 2
fa-ejj 3
jc-ejj 2
cbi-ejj 3
dig-ejj 2
eci-ejj 2
bhi-ejj 2
bji-ejj 1
dce-ejj 3
dgg-ejj 3
eai-ejj 3
efa-ejj 3
ejc-ejj 1
bia-ejj 1
cge-ejj 3
ba-ejj 3
fc-ejj 3
je-ejj 1
cca-ejj 3
dii-ejj 3
eda-ejj 3
bhg-ejj 3
cgg-ejj 1
caa-ejj 2
dcg-ejj 3
dgi-ejj 1
eba-ejj 3
efc-ejj 3
eje-ejj 2
bc-ejj 1
fe-ejj 2
jg-ejj 2
ccc-ejj 2
dja-ejj 2
edc-ejj 3
bic-ejj 3
cgi-ejj 2
cac-ejj 3
dci-ejj 3
dha-ejj 3
ebc-ejj 3
efe-ejj 2
ejg-ejj 1
be-ejj 1
fg-ejj 1
ji-ejj 2
cce-ejj 1
djc-ejj 3
ede-ejj 1
cgc-ejj 2
cae-ejj 2
dda-ejj 2
dhc-ejj 3
cha-ejj 1
ebe-ejj 1
efg-ejj 3
eji-ejj 3
bie-ejj 1
bg-ejj 1
fi-ejj 3
baa-ejj 2
ccg-ejj 1
dje-ejj 3
edg-ejj 3
cag-ejj 3
ddc-ejj 1
dhe-ejj 2
ebg-ejj 3
efi-ejj 1
big-ejj 3
bi-ejj 3
ga-ejj 2
bac-ejj 2
cci-ejj 2
djg-ejj 3
edi-ejj 3
cai-ejj 2
dde-ejj 3
dhg-ejj 2
ebi-ejj 2
ega-ejj 3
ca-ejj 2
gc-ejj 1
bae-ejj 1
cda-ejj 1
chc-ejj 3
dji-ejj 3
eea-ejj 1
a-ejj 3
cba-ejj 3
ddg-ejj 3
dhi-ejj 1
eca-ejj 2
egc-ejj 1
bii-ejj 1
cc-ejj 1
ge-ejj 3
ii-ejj 1
bag-ejj 3
bja-ejj 3
cdc-ejj 2
che-ejj 3
eaa-ejj 1
eec-ejj 3
c-ejj 1
cbc-ejj 3
ddi-ejj 3
dia-ejj 1
bhc-ejj 2
ecc-ejj 3
ege-ejj 3
chg-ejj 1
ce-ejj 2
gg-ejj 1
bai-ejj 2
bjc-ejj 2
cde-ejj 3
eac-ejj 3
eee-ejj 3
e-ejj 2
cbe-ejj 1
dea-ejj 1
dic-ejj 2
ece-ejj 3
egg-ejj 2
cg-ejj 2
gi-ejj 2
bba-ejj 1
bfc-ejj 3
cdg-ejj 2
chi-ejj 2
bdc-ejj 3
daa-ejj 1
dec-ejj 2
egi-ejj 2
ci-ejj 2
ha-ejj 1
bbc-ejj 1
bfe-ejj 1
cdi-ejj 3
cia-ejj 2
bde-ejj 2
dac-ejj 2
dee-ejj 1
eha-ejj 3
da-ejj 3
hc-ejj 3
bbe-ejj 3
bfg-ejj 3
cea-ejj 2
cic-ejj 3
bdg-ejj 3
dae-ejj 3
deg-ejj 2
ehc-ejj 3
dc-ejj 1
he-ejj 1
bbg-ejj 1
bfi-ejj 1
cec-ejj 3
cfg-ejj 2
cie-ejj 1
bdi-ejj 3
dag-ejj 2
dei-ejj 2
ehe-ejj 3
de-ejj 1
hg-ejj 2
bbi-ejj 3
bga-ejj 1
cee-ejj 2
cig-ejj 2
bda-ejj 3
bea-ejj 2
dai-ejj 3
dfa-ejj 1
ehg-ejj 2
bca-ejj 1
hi-ejj 1
dg-ejj 1
bgc-ejj 3
ceg-ejj 1
cii-ejj 3
bec-ejj 1
dba-ejj 3
dfc-ejj 2
ehi-ejj 3
di-ejj 2
ia-ejj 2
bcc-ejj 3
bge-ejj 2
cei-ejj 1
cja-ejj 1
bee-ejj 1
dbc-ejj 2
dfe-ejj 1
eia-ejj 2
ea-ejj 3
ic-ejj 2
bce-ejj 3
bgg-ejj 2
cfa-ejj 1
cjc-ejj 2
beg-ejj 1
dbe-ejj 2
dfg-ejj 3
eic-ejj 2
ec-ejj 1
ie-ejj 1
bcg-ejj 2
bgi-ejj 1
cfc-ejj 3
cje-ejj 1
bei-ejj 2
dbg-ejj 1
dfi-ejj 1
eie-ejj 1
ee-ejj 1
ig-ejj 2
bci-ejj 3
bha-ejj 3
cfe-ejj 2
cjg-ejj 3
bfa-ejj 2
dbi-ejj 2
dga-ejj 3
eig-ejj 1
cji-ejj 2
eg-ejj 1
